# JRE version: Java(TM) SE Runtime Environment (8.0_231-b11) (build 1.8.0_231-b11)
# Java VM: Java HotSpot(TM) 64-Bit Server VM (25.231-b11 mixed mode windows-amd64 compressed oops)
Heap:
 PSYoungGen      total 254464K, used 54194K [0x00000000d5580000, 0x00000000e8f00000, 0x0000000100000000)
  eden space 238080K, 15% used [0x00000000d5580000,0x00000000d7a90818,0x00000000e3e00000)
  from space 16384K, 99% used [0x00000000e4600000,0x00000000e55dc258,0x00000000e5600000)
  to   space 41472K, 0% used [0x00000000e6680000,0x00000000e6680000,0x00000000e8f00000)
 ParOldGen       total 147456K, used 118352K [0x0000000080000000, 0x0000000089000000, 0x00000000d5580000)
  object space 147456K, 80% used [0x0000000080000000,0x0000000087394008,0x0000000089000000)
 Metaspace       used 89184K, capacity 95112K, committed 95320K, reserved 1132544K
  class space    used 11319K, capacity 12407K, committed 12416K, reserved 1048576K
GC Heap History (10 events):
Event: 14657.552 GC heap before
{Heap before GC invocations=52 (full 3):
 PSYoungGen      total 321536K, used 321506K [0x00000000d5580000, 0x00000000ebf00000, 0x0000000100000000)
  eden space 284160K, 100% used [0x00000000d5580000,0x00000000e6b00000,0x00000000e6b00000)
  from space 37376K, 99% used [0x00000000e9a00000,0x00000000ebe78b00,0x00000000ebe80000)
  to   space 43008K, 0% used [0x00000000e6b00000,0x00000000e6b00000,0x00000000e9500000)
 ParOldGen       total 147456K, used 112590K [0x0000000080000000, 0x0000000089000000, 0x00000000d5580000)
  object space 147456K, 76% used [0x0000000080000000,0x0000000086df3ad0,0x0000000089000000)
 Metaspace       used 87355K, capacity 92202K, committed 92376K, reserved 1130496K
  class space    used 11060K, capacity 12024K, committed 12032K, reserved 1048576K
Event: 14657.598 GC heap after
Heap after GC invocations=52 (full 3):
 PSYoungGen      total 281600K, used 7269K [0x00000000d5580000, 0x00000000eb500000, 0x0000000100000000)
  eden space 273920K, 0% used [0x00000000d5580000,0x00000000d5580000,0x00000000e6100000)
  from space 7680K, 94% used [0x00000000e6b00000,0x00000000e72196c8,0x00000000e7280000)
  to   space 43008K, 0% used [0x00000000e8b00000,0x00000000e8b00000,0x00000000eb500000)
 ParOldGen       total 147456K, used 116793K [0x0000000080000000, 0x0000000089000000, 0x00000000d5580000)
  object space 147456K, 79% used [0x0000000080000000,0x000000008720e418,0x0000000089000000)
 Metaspace       used 87355K, capacity 92202K, committed 92376K, reserved 1130496K
  class space    used 11060K, capacity 12024K, committed 12032K, reserved 1048576K
}
Event: 14701.055 GC heap before
{Heap before GC invocations=53 (full 3):
 PSYoungGen      total 281600K, used 281189K [0x00000000d5580000, 0x00000000eb500000, 0x0000000100000000)
  eden space 273920K, 100% used [0x00000000d5580000,0x00000000e6100000,0x00000000e6100000)
  from space 7680K, 94% used [0x00000000e6b00000,0x00000000e72196c8,0x00000000e7280000)
  to   space 43008K, 0% used [0x00000000e8b00000,0x00000000e8b00000,0x00000000eb500000)
 ParOldGen       total 147456K, used 116793K [0x0000000080000000, 0x0000000089000000, 0x00000000d5580000)
  object space 147456K, 79% used [0x0000000080000000,0x000000008720e418,0x0000000089000000)
 Metaspace       used 87492K, capacity 92412K, committed 92632K, reserved 1130496K
  class space    used 11063K, capacity 12027K, committed 12032K, reserved 1048576K
Event: 14701.124 GC heap after
Heap after GC invocations=53 (full 3):
 PSYoungGen      total 293376K, used 18059K [0x00000000d5580000, 0x00000000ea780000, 0x0000000100000000)
  eden space 264192K, 0% used [0x00000000d5580000,0x00000000d5580000,0x00000000e5780000)
  from space 29184K, 61% used [0x00000000e8b00000,0x00000000e9ca2d60,0x00000000ea780000)
  to   space 40960K, 0% used [0x00000000e5780000,0x00000000e5780000,0x00000000e7f80000)
 ParOldGen       total 147456K, used 116801K [0x0000000080000000, 0x0000000089000000, 0x00000000d5580000)
  object space 147456K, 79% used [0x0000000080000000,0x0000000087210418,0x0000000089000000)
 Metaspace       used 87492K, capacity 92412K, committed 92632K, reserved 1130496K
  class space    used 11063K, capacity 12027K, committed 12032K, reserved 1048576K
}
Event: 14718.459 GC heap before
{Heap before GC invocations=54 (full 3):
 PSYoungGen      total 293376K, used 278141K [0x00000000d5580000, 0x00000000ea780000, 0x0000000100000000)
  eden space 264192K, 98% used [0x00000000d5580000,0x00000000e537c938,0x00000000e5780000)
  from space 29184K, 61% used [0x00000000e8b00000,0x00000000e9ca2d60,0x00000000ea780000)
  to   space 40960K, 0% used [0x00000000e5780000,0x00000000e5780000,0x00000000e7f80000)
 ParOldGen       total 147456K, used 116801K [0x0000000080000000, 0x0000000089000000, 0x00000000d5580000)
  object space 147456K, 79% used [0x0000000080000000,0x0000000087210418,0x0000000089000000)
 Metaspace       used 87568K, capacity 92476K, committed 92632K, reserved 1130496K
  class space    used 11064K, capacity 12027K, committed 12032K, reserved 1048576K
Event: 14718.537 GC heap after
Heap after GC invocations=54 (full 3):
 PSYoungGen      total 290816K, used 35637K [0x00000000d5580000, 0x00000000ea680000, 0x0000000100000000)
  eden space 254976K, 0% used [0x00000000d5580000,0x00000000d5580000,0x00000000e4e80000)
  from space 35840K, 99% used [0x00000000e5780000,0x00000000e7a4d758,0x00000000e7a80000)
  to   space 45056K, 0% used [0x00000000e7a80000,0x00000000e7a80000,0x00000000ea680000)
 ParOldGen       total 147456K, used 117566K [0x0000000080000000, 0x0000000089000000, 0x00000000d5580000)
  object space 147456K, 79% used [0x0000000080000000,0x00000000872cfb68,0x0000000089000000)
 Metaspace       used 87568K, capacity 92476K, committed 92632K, reserved 1130496K
  class space    used 11064K, capacity 12027K, committed 12032K, reserved 1048576K
}
Event: 14722.136 GC heap before
{Heap before GC invocations=55 (full 3):
 PSYoungGen      total 290816K, used 290613K [0x00000000d5580000, 0x00000000ea680000, 0x0000000100000000)
  eden space 254976K, 100% used [0x00000000d5580000,0x00000000e4e80000,0x00000000e4e80000)
  from space 35840K, 99% used [0x00000000e5780000,0x00000000e7a4d758,0x00000000e7a80000)
  to   space 45056K, 0% used [0x00000000e7a80000,0x00000000e7a80000,0x00000000ea680000)
 ParOldGen       total 147456K, used 117566K [0x0000000080000000, 0x0000000089000000, 0x00000000d5580000)
  object space 147456K, 79% used [0x0000000080000000,0x00000000872cfb68,0x0000000089000000)
 Metaspace       used 87570K, capacity 92476K, committed 92632K, reserved 1130496K
  class space    used 11064K, capacity 12027K, committed 12032K, reserved 1048576K
Event: 14722.213 GC heap after
Heap after GC invocations=55 (full 3):
 PSYoungGen      total 278528K, used 18254K [0x00000000d5580000, 0x00000000e9a00000, 0x0000000100000000)
  eden space 246272K, 0% used [0x00000000d5580000,0x00000000d5580000,0x00000000e4600000)
  from space 32256K, 56% used [0x00000000e7a80000,0x00000000e8c539d8,0x00000000e9a00000)
  to   space 43008K, 0% used [0x00000000e4600000,0x00000000e4600000,0x00000000e7000000)
 ParOldGen       total 147456K, used 118296K [0x0000000080000000, 0x0000000089000000, 0x00000000d5580000)
  object space 147456K, 80% used [0x0000000080000000,0x0000000087386008,0x0000000089000000)
 Metaspace       used 87570K, capacity 92476K, committed 92632K, reserved 1130496K
  class space    used 11064K, capacity 12027K, committed 12032K, reserved 1048576K
}
Event: 15090.069 GC heap before
{Heap before GC invocations=56 (full 3):
 PSYoungGen      total 278528K, used 264526K [0x00000000d5580000, 0x00000000e9a00000, 0x0000000100000000)
  eden space 246272K, 100% used [0x00000000d5580000,0x00000000e4600000,0x00000000e4600000)
  from space 32256K, 56% used [0x00000000e7a80000,0x00000000e8c539d8,0x00000000e9a00000)
  to   space 43008K, 0% used [0x00000000e4600000,0x00000000e4600000,0x00000000e7000000)
 ParOldGen       total 147456K, used 118296K [0x0000000080000000, 0x0000000089000000, 0x00000000d5580000)
  object space 147456K, 80% used [0x0000000080000000,0x0000000087386008,0x0000000089000000)
 Metaspace       used 88686K, capacity 94544K, committed 94808K, reserved 1132544K
  class space    used 11268K, capacity 12335K, committed 12416K, reserved 1048576K
Event: 15090.134 GC heap after
Heap after GC invocations=56 (full 3):
 PSYoungGen      total 254464K, used 16240K [0x00000000d5580000, 0x00000000e8f00000, 0x0000000100000000)
  eden space 238080K, 0% used [0x00000000d5580000,0x00000000d5580000,0x00000000e3e00000)
  from space 16384K, 99% used [0x00000000e4600000,0x00000000e55dc258,0x00000000e5600000)
  to   space 41472K, 0% used [0x00000000e6680000,0x00000000e6680000,0x00000000e8f00000)
 ParOldGen       total 147456K, used 118352K [0x0000000080000000, 0x0000000089000000, 0x00000000d5580000)
  object space 147456K, 80% used [0x0000000080000000,0x0000000087394008,0x0000000089000000)
 Metaspace       used 88686K, capacity 94544K, committed 94808K, reserved 1132544K
  class space    used 11268K, capacity 12335K, committed 12416K, reserved 1048576K
}

