# JRE version: Java(TM) SE Runtime Environment (8.0_231-b11) (build 1.8.0_231-b11)
# Java VM: Java HotSpot(TM) 64-Bit Server VM (25.231-b11 mixed mode windows-amd64 compressed oops)
Heap:
 PSYoungGen      total 85504K, used 60119K [0x00000000d5580000, 0x00000000dcc00000, 0x0000000100000000)
  eden space 74240K, 80% used [0x00000000d5580000,0x00000000d9035f58,0x00000000d9e00000)
  from space 11264K, 0% used [0x00000000d9e00000,0x00000000d9e00000,0x00000000da900000)
  to   space 12800K, 0% used [0x00000000dbf80000,0x00000000dbf80000,0x00000000dcc00000)
 ParOldGen       total 102400K, used 17827K [0x0000000080000000, 0x0000000086400000, 0x00000000d5580000)
  object space 102400K, 17% used [0x0000000080000000,0x0000000081168fb0,0x0000000086400000)
 Metaspace       used 38241K, capacity 39222K, committed 39552K, reserved 1083392K
  class space    used 5374K, capacity 5666K, committed 5760K, reserved 1048576K
GC Heap History (10 events):
Event: 13.077 GC heap before
{Heap before GC invocations=7 (full 1):
 PSYoungGen      total 38400K, used 33280K [0x00000000d5580000, 0x00000000daa80000, 0x0000000100000000)
  eden space 33280K, 100% used [0x00000000d5580000,0x00000000d7600000,0x00000000d7600000)
  from space 5120K, 0% used [0x00000000d7600000,0x00000000d7600000,0x00000000d7b00000)
  to   space 10240K, 0% used [0x00000000da080000,0x00000000da080000,0x00000000daa80000)
 ParOldGen       total 64000K, used 9977K [0x0000000080000000, 0x0000000083e80000, 0x00000000d5580000)
  object space 64000K, 15% used [0x0000000080000000,0x00000000809be490,0x0000000083e80000)
 Metaspace       used 23913K, capacity 24352K, committed 24576K, reserved 1071104K
  class space    used 3374K, capacity 3531K, committed 3584K, reserved 1048576K
Event: 13.089 GC heap after
Heap after GC invocations=7 (full 1):
 PSYoungGen      total 53760K, used 3537K [0x00000000d5580000, 0x00000000da400000, 0x0000000100000000)
  eden space 50176K, 0% used [0x00000000d5580000,0x00000000d5580000,0x00000000d8680000)
  from space 3584K, 98% used [0x00000000da080000,0x00000000da3f44c8,0x00000000da400000)
  to   space 10240K, 0% used [0x00000000d9000000,0x00000000d9000000,0x00000000d9a00000)
 ParOldGen       total 64000K, used 9985K [0x0000000080000000, 0x0000000083e80000, 0x00000000d5580000)
  object space 64000K, 15% used [0x0000000080000000,0x00000000809c0490,0x0000000083e80000)
 Metaspace       used 23913K, capacity 24352K, committed 24576K, reserved 1071104K
  class space    used 3374K, capacity 3531K, committed 3584K, reserved 1048576K
}
Event: 15.419 GC heap before
{Heap before GC invocations=8 (full 1):
 PSYoungGen      total 53760K, used 53713K [0x00000000d5580000, 0x00000000da400000, 0x0000000100000000)
  eden space 50176K, 100% used [0x00000000d5580000,0x00000000d8680000,0x00000000d8680000)
  from space 3584K, 98% used [0x00000000da080000,0x00000000da3f44c8,0x00000000da400000)
  to   space 10240K, 0% used [0x00000000d9000000,0x00000000d9000000,0x00000000d9a00000)
 ParOldGen       total 64000K, used 9985K [0x0000000080000000, 0x0000000083e80000, 0x00000000d5580000)
  object space 64000K, 15% used [0x0000000080000000,0x00000000809c0490,0x0000000083e80000)
 Metaspace       used 27583K, capacity 28180K, committed 28416K, reserved 1073152K
  class space    used 3857K, capacity 4075K, committed 4096K, reserved 1048576K
Event: 15.448 GC heap after
Heap after GC invocations=8 (full 1):
 PSYoungGen      total 70144K, used 6537K [0x00000000d5580000, 0x00000000db300000, 0x0000000100000000)
  eden space 59904K, 0% used [0x00000000d5580000,0x00000000d5580000,0x00000000d9000000)
  from space 10240K, 63% used [0x00000000d9000000,0x00000000d9662648,0x00000000d9a00000)
  to   space 10240K, 0% used [0x00000000da900000,0x00000000da900000,0x00000000db300000)
 ParOldGen       total 64000K, used 9993K [0x0000000080000000, 0x0000000083e80000, 0x00000000d5580000)
  object space 64000K, 15% used [0x0000000080000000,0x00000000809c2490,0x0000000083e80000)
 Metaspace       used 27583K, capacity 28180K, committed 28416K, reserved 1073152K
  class space    used 3857K, capacity 4075K, committed 4096K, reserved 1048576K
}
Event: 18.412 GC heap before
{Heap before GC invocations=9 (full 1):
 PSYoungGen      total 70144K, used 66441K [0x00000000d5580000, 0x00000000db300000, 0x0000000100000000)
  eden space 59904K, 100% used [0x00000000d5580000,0x00000000d9000000,0x00000000d9000000)
  from space 10240K, 63% used [0x00000000d9000000,0x00000000d9662648,0x00000000d9a00000)
  to   space 10240K, 0% used [0x00000000da900000,0x00000000da900000,0x00000000db300000)
 ParOldGen       total 64000K, used 9993K [0x0000000080000000, 0x0000000083e80000, 0x00000000d5580000)
  object space 64000K, 15% used [0x0000000080000000,0x00000000809c2490,0x0000000083e80000)
 Metaspace       used 30774K, capacity 31428K, committed 31616K, reserved 1077248K
  class space    used 4415K, capacity 4621K, committed 4736K, reserved 1048576K
Event: 18.460 GC heap after
Heap after GC invocations=9 (full 1):
 PSYoungGen      total 84480K, used 10223K [0x00000000d5580000, 0x00000000dc400000, 0x0000000100000000)
  eden space 74240K, 0% used [0x00000000d5580000,0x00000000d5580000,0x00000000d9e00000)
  from space 10240K, 99% used [0x00000000da900000,0x00000000db2fbe58,0x00000000db300000)
  to   space 11264K, 0% used [0x00000000d9e00000,0x00000000d9e00000,0x00000000da900000)
 ParOldGen       total 64000K, used 10077K [0x0000000080000000, 0x0000000083e80000, 0x00000000d5580000)
  object space 64000K, 15% used [0x0000000080000000,0x00000000809d7648,0x0000000083e80000)
 Metaspace       used 30774K, capacity 31428K, committed 31616K, reserved 1077248K
  class space    used 4415K, capacity 4621K, committed 4736K, reserved 1048576K
}
Event: 23.012 GC heap before
{Heap before GC invocations=10 (full 1):
 PSYoungGen      total 84480K, used 44082K [0x00000000d5580000, 0x00000000dc400000, 0x0000000100000000)
  eden space 74240K, 45% used [0x00000000d5580000,0x00000000d7690b70,0x00000000d9e00000)
  from space 10240K, 99% used [0x00000000da900000,0x00000000db2fbe58,0x00000000db300000)
  to   space 11264K, 0% used [0x00000000d9e00000,0x00000000d9e00000,0x00000000da900000)
 ParOldGen       total 64000K, used 10077K [0x0000000080000000, 0x0000000083e80000, 0x00000000d5580000)
  object space 64000K, 15% used [0x0000000080000000,0x00000000809d7648,0x0000000083e80000)
 Metaspace       used 34537K, capacity 35408K, committed 35456K, reserved 1079296K
  class space    used 4946K, capacity 5225K, committed 5248K, reserved 1048576K
Event: 23.047 GC heap after
Heap after GC invocations=10 (full 1):
 PSYoungGen      total 85504K, used 11244K [0x00000000d5580000, 0x00000000dcc00000, 0x0000000100000000)
  eden space 74240K, 0% used [0x00000000d5580000,0x00000000d5580000,0x00000000d9e00000)
  from space 11264K, 99% used [0x00000000d9e00000,0x00000000da8fb1d0,0x00000000da900000)
  to   space 12800K, 0% used [0x00000000dbf80000,0x00000000dbf80000,0x00000000dcc00000)
 ParOldGen       total 64000K, used 10205K [0x0000000080000000, 0x0000000083e80000, 0x00000000d5580000)
  object space 64000K, 15% used [0x0000000080000000,0x00000000809f74d0,0x0000000083e80000)
 Metaspace       used 34537K, capacity 35408K, committed 35456K, reserved 1079296K
  class space    used 4946K, capacity 5225K, committed 5248K, reserved 1048576K
}
Event: 23.047 GC heap before
{Heap before GC invocations=11 (full 2):
 PSYoungGen      total 85504K, used 11244K [0x00000000d5580000, 0x00000000dcc00000, 0x0000000100000000)
  eden space 74240K, 0% used [0x00000000d5580000,0x00000000d5580000,0x00000000d9e00000)
  from space 11264K, 99% used [0x00000000d9e00000,0x00000000da8fb1d0,0x00000000da900000)
  to   space 12800K, 0% used [0x00000000dbf80000,0x00000000dbf80000,0x00000000dcc00000)
 ParOldGen       total 64000K, used 10205K [0x0000000080000000, 0x0000000083e80000, 0x00000000d5580000)
  object space 64000K, 15% used [0x0000000080000000,0x00000000809f74d0,0x0000000083e80000)
 Metaspace       used 34537K, capacity 35408K, committed 35456K, reserved 1079296K
  class space    used 4946K, capacity 5225K, committed 5248K, reserved 1048576K
Event: 23.383 GC heap after
Heap after GC invocations=11 (full 2):
 PSYoungGen      total 85504K, used 0K [0x00000000d5580000, 0x00000000dcc00000, 0x0000000100000000)
  eden space 74240K, 0% used [0x00000000d5580000,0x00000000d5580000,0x00000000d9e00000)
  from space 11264K, 0% used [0x00000000d9e00000,0x00000000d9e00000,0x00000000da900000)
  to   space 12800K, 0% used [0x00000000dbf80000,0x00000000dbf80000,0x00000000dcc00000)
 ParOldGen       total 102400K, used 17827K [0x0000000080000000, 0x0000000086400000, 0x00000000d5580000)
  object space 102400K, 17% used [0x0000000080000000,0x0000000081168fb0,0x0000000086400000)
 Metaspace       used 34537K, capacity 35408K, committed 35456K, reserved 1079296K
  class space    used 4946K, capacity 5225K, committed 5248K, reserved 1048576K
}

