# JRE version: OpenJDK Runtime Environment (8.0_152-b01) (build 1.8.0_152-release-1248-b01)
# Java VM: OpenJDK 64-Bit Server VM (25.152-b01 mixed mode windows-amd64 compressed oops)
Heap:
 PSYoungGen      total 458240K, used 40958K [0x00000000d5580000, 0x0000000100000000, 0x0000000100000000)
  eden space 417280K, 0% used [0x00000000d5580000,0x00000000d5580000,0x00000000eed00000)
  from space 40960K, 99% used [0x00000000eed00000,0x00000000f14ffa70,0x00000000f1500000)
  to   space 86528K, 0% used [0x00000000fab80000,0x00000000fab80000,0x0000000100000000)
 ParOldGen       total 160256K, used 160139K [0x0000000080000000, 0x0000000089c80000, 0x00000000d5580000)
  object space 160256K, 99% used [0x0000000080000000,0x0000000089c62dd8,0x0000000089c80000)
 Metaspace       used 73791K, capacity 76608K, committed 76928K, reserved 1116160K
  class space    used 9598K, capacity 10252K, committed 10368K, reserved 1048576K
GC Heap History (10 events):
Event: 28.783 GC heap after
Heap after GC invocations=10 (full 2):
 PSYoungGen      total 354304K, used 19936K [0x00000000d5580000, 0x00000000ed800000, 0x0000000100000000)
  eden space 334336K, 0% used [0x00000000d5580000,0x00000000d5580000,0x00000000e9c00000)
  from space 19968K, 99% used [0x00000000eb700000,0x00000000eca78068,0x00000000eca80000)
  to   space 27648K, 0% used [0x00000000e9c00000,0x00000000e9c00000,0x00000000eb700000)
 ParOldGen       total 83968K, used 33724K [0x0000000080000000, 0x0000000085200000, 0x00000000d5580000)
  object space 83968K, 40% used [0x0000000080000000,0x00000000820ef118,0x0000000085200000)
 Metaspace       used 56728K, capacity 58866K, committed 59008K, reserved 1099776K
  class space    used 7640K, capacity 8193K, committed 8320K, reserved 1048576K
}
Event: 28.783 GC heap before
{Heap before GC invocations=11 (full 3):
 PSYoungGen      total 354304K, used 19936K [0x00000000d5580000, 0x00000000ed800000, 0x0000000100000000)
  eden space 334336K, 0% used [0x00000000d5580000,0x00000000d5580000,0x00000000e9c00000)
  from space 19968K, 99% used [0x00000000eb700000,0x00000000eca78068,0x00000000eca80000)
  to   space 27648K, 0% used [0x00000000e9c00000,0x00000000e9c00000,0x00000000eb700000)
 ParOldGen       total 83968K, used 33724K [0x0000000080000000, 0x0000000085200000, 0x00000000d5580000)
  object space 83968K, 40% used [0x0000000080000000,0x00000000820ef118,0x0000000085200000)
 Metaspace       used 56728K, capacity 58866K, committed 59008K, reserved 1099776K
  class space    used 7640K, capacity 8193K, committed 8320K, reserved 1048576K
Event: 29.095 GC heap after
Heap after GC invocations=11 (full 3):
 PSYoungGen      total 354304K, used 0K [0x00000000d5580000, 0x00000000ed800000, 0x0000000100000000)
  eden space 334336K, 0% used [0x00000000d5580000,0x00000000d5580000,0x00000000e9c00000)
  from space 19968K, 0% used [0x00000000eb700000,0x00000000eb700000,0x00000000eca80000)
  to   space 27648K, 0% used [0x00000000e9c00000,0x00000000e9c00000,0x00000000eb700000)
 ParOldGen       total 131584K, used 43330K [0x0000000080000000, 0x0000000088080000, 0x00000000d5580000)
  object space 131584K, 32% used [0x0000000080000000,0x0000000082a50868,0x0000000088080000)
 Metaspace       used 56728K, capacity 58866K, committed 59008K, reserved 1099776K
  class space    used 7640K, capacity 8193K, committed 8320K, reserved 1048576K
}
Event: 52.629 GC heap before
{Heap before GC invocations=12 (full 3):
 PSYoungGen      total 354304K, used 334336K [0x00000000d5580000, 0x00000000ed800000, 0x0000000100000000)
  eden space 334336K, 100% used [0x00000000d5580000,0x00000000e9c00000,0x00000000e9c00000)
  from space 19968K, 0% used [0x00000000eb700000,0x00000000eb700000,0x00000000eca80000)
  to   space 27648K, 0% used [0x00000000e9c00000,0x00000000e9c00000,0x00000000eb700000)
 ParOldGen       total 131584K, used 43330K [0x0000000080000000, 0x0000000088080000, 0x00000000d5580000)
  object space 131584K, 32% used [0x0000000080000000,0x0000000082a50868,0x0000000088080000)
 Metaspace       used 61167K, capacity 63390K, committed 63616K, reserved 1103872K
  class space    used 8173K, capacity 8779K, committed 8832K, reserved 1048576K
Event: 52.719 GC heap after
Heap after GC invocations=12 (full 3):
 PSYoungGen      total 361984K, used 27640K [0x00000000d5580000, 0x00000000f3500000, 0x0000000100000000)
  eden space 334336K, 0% used [0x00000000d5580000,0x00000000d5580000,0x00000000e9c00000)
  from space 27648K, 99% used [0x00000000e9c00000,0x00000000eb6fe270,0x00000000eb700000)
  to   space 32768K, 0% used [0x00000000f1500000,0x00000000f1500000,0x00000000f3500000)
 ParOldGen       total 131584K, used 45234K [0x0000000080000000, 0x0000000088080000, 0x00000000d5580000)
  object space 131584K, 34% used [0x0000000080000000,0x0000000082c2ca30,0x0000000088080000)
 Metaspace       used 61167K, capacity 63390K, committed 63616K, reserved 1103872K
  class space    used 8173K, capacity 8779K, committed 8832K, reserved 1048576K
}
Event: 66.602 GC heap before
{Heap before GC invocations=13 (full 3):
 PSYoungGen      total 361984K, used 361976K [0x00000000d5580000, 0x00000000f3500000, 0x0000000100000000)
  eden space 334336K, 100% used [0x00000000d5580000,0x00000000e9c00000,0x00000000e9c00000)
  from space 27648K, 99% used [0x00000000e9c00000,0x00000000eb6fe270,0x00000000eb700000)
  to   space 32768K, 0% used [0x00000000f1500000,0x00000000f1500000,0x00000000f3500000)
 ParOldGen       total 131584K, used 45234K [0x0000000080000000, 0x0000000088080000, 0x00000000d5580000)
  object space 131584K, 34% used [0x0000000080000000,0x0000000082c2ca30,0x0000000088080000)
 Metaspace       used 73128K, capacity 75934K, committed 76032K, reserved 1116160K
  class space    used 9538K, capacity 10199K, committed 10240K, reserved 1048576K
Event: 66.777 GC heap after
Heap after GC invocations=13 (full 3):
 PSYoungGen      total 450048K, used 32751K [0x00000000d5580000, 0x00000000f4480000, 0x0000000100000000)
  eden space 417280K, 0% used [0x00000000d5580000,0x00000000d5580000,0x00000000eed00000)
  from space 32768K, 99% used [0x00000000f1500000,0x00000000f34fbe38,0x00000000f3500000)
  to   space 40960K, 0% used [0x00000000eed00000,0x00000000eed00000,0x00000000f1500000)
 ParOldGen       total 131584K, used 54473K [0x0000000080000000, 0x0000000088080000, 0x00000000d5580000)
  object space 131584K, 41% used [0x0000000080000000,0x0000000083532618,0x0000000088080000)
 Metaspace       used 73128K, capacity 75934K, committed 76032K, reserved 1116160K
  class space    used 9538K, capacity 10199K, committed 10240K, reserved 1048576K
}
Event: 68.849 GC heap before
{Heap before GC invocations=14 (full 3):
 PSYoungGen      total 450048K, used 450031K [0x00000000d5580000, 0x00000000f4480000, 0x0000000100000000)
  eden space 417280K, 100% used [0x00000000d5580000,0x00000000eed00000,0x00000000eed00000)
  from space 32768K, 99% used [0x00000000f1500000,0x00000000f34fbe38,0x00000000f3500000)
  to   space 40960K, 0% used [0x00000000eed00000,0x00000000eed00000,0x00000000f1500000)
 ParOldGen       total 131584K, used 54473K [0x0000000080000000, 0x0000000088080000, 0x00000000d5580000)
  object space 131584K, 41% used [0x0000000080000000,0x0000000083532618,0x0000000088080000)
 Metaspace       used 73791K, capacity 76608K, committed 76928K, reserved 1116160K
  class space    used 9598K, capacity 10252K, committed 10368K, reserved 1048576K
Event: 69.144 GC heap after
Heap after GC invocations=14 (full 3):
 PSYoungGen      total 458240K, used 40958K [0x00000000d5580000, 0x0000000100000000, 0x0000000100000000)
  eden space 417280K, 0% used [0x00000000d5580000,0x00000000d5580000,0x00000000eed00000)
  from space 40960K, 99% used [0x00000000eed00000,0x00000000f14ffa70,0x00000000f1500000)
  to   space 86528K, 0% used [0x00000000fab80000,0x00000000fab80000,0x0000000100000000)
 ParOldGen       total 160256K, used 160139K [0x0000000080000000, 0x0000000089c80000, 0x00000000d5580000)
  object space 160256K, 99% used [0x0000000080000000,0x0000000089c62dd8,0x0000000089c80000)
 Metaspace       used 73791K, capacity 76608K, committed 76928K, reserved 1116160K
  class space    used 9598K, capacity 10252K, committed 10368K, reserved 1048576K
}
Event: 69.144 GC heap before
{Heap before GC invocations=15 (full 4):
 PSYoungGen      total 458240K, used 40958K [0x00000000d5580000, 0x0000000100000000, 0x0000000100000000)
  eden space 417280K, 0% used [0x00000000d5580000,0x00000000d5580000,0x00000000eed00000)
  from space 40960K, 99% used [0x00000000eed00000,0x00000000f14ffa70,0x00000000f1500000)
  to   space 86528K, 0% used [0x00000000fab80000,0x00000000fab80000,0x0000000100000000)
 ParOldGen       total 160256K, used 160139K [0x0000000080000000, 0x0000000089c80000, 0x00000000d5580000)
  object space 160256K, 99% used [0x0000000080000000,0x0000000089c62dd8,0x0000000089c80000)
 Metaspace       used 73791K, capacity 76608K, committed 76928K, reserved 1116160K
  class space    used 9598K, capacity 10252K, committed 10368K, reserved 1048576K

