# JRE version: Java(TM) SE Runtime Environment (8.0_231-b11) (build 1.8.0_231-b11)
# Java VM: Java HotSpot(TM) 64-Bit Server VM (25.231-b11 mixed mode windows-amd64 compressed oops)
Heap:
 PSYoungGen      total 104448K, used 75531K [0x00000000d5580000, 0x00000000dd980000, 0x0000000100000000)
  eden space 90624K, 68% used [0x00000000d5580000,0x00000000d91c3928,0x00000000dae00000)
  from space 13824K, 99% used [0x00000000dae00000,0x00000000dbb7f620,0x00000000dbb80000)
  to   space 15360K, 0% used [0x00000000dca80000,0x00000000dca80000,0x00000000dd980000)
 ParOldGen       total 103424K, used 17710K [0x0000000080000000, 0x0000000086500000, 0x00000000d5580000)
  object space 103424K, 17% used [0x0000000080000000,0x000000008114baf0,0x0000000086500000)
 Metaspace       used 51019K, capacity 52286K, committed 52352K, reserved 1093632K
  class space    used 6911K, capacity 7266K, committed 7296K, reserved 1048576K
GC Heap History (10 events):
Event: 21.575 GC heap before
{Heap before GC invocations=9 (full 1):
 PSYoungGen      total 70144K, used 67580K [0x00000000d5580000, 0x00000000db180000, 0x0000000100000000)
  eden space 59904K, 100% used [0x00000000d5580000,0x00000000d9000000,0x00000000d9000000)
  from space 10240K, 74% used [0x00000000d9000000,0x00000000d977f010,0x00000000d9a00000)
  to   space 10752K, 0% used [0x00000000da700000,0x00000000da700000,0x00000000db180000)
 ParOldGen       total 62464K, used 8326K [0x0000000080000000, 0x0000000083d00000, 0x00000000d5580000)
  object space 62464K, 13% used [0x0000000080000000,0x0000000080821b28,0x0000000083d00000)
 Metaspace       used 32828K, capacity 33538K, committed 33792K, reserved 1079296K
  class space    used 4529K, capacity 4745K, committed 4864K, reserved 1048576K
Event: 21.623 GC heap after
Heap after GC invocations=9 (full 1):
 PSYoungGen      total 82432K, used 10525K [0x00000000d5580000, 0x00000000dc400000, 0x0000000100000000)
  eden space 71680K, 0% used [0x00000000d5580000,0x00000000d5580000,0x00000000d9b80000)
  from space 10752K, 97% used [0x00000000da700000,0x00000000db1477f8,0x00000000db180000)
  to   space 11776K, 0% used [0x00000000d9b80000,0x00000000d9b80000,0x00000000da700000)
 ParOldGen       total 62464K, used 8334K [0x0000000080000000, 0x0000000083d00000, 0x00000000d5580000)
  object space 62464K, 13% used [0x0000000080000000,0x0000000080823b28,0x0000000083d00000)
 Metaspace       used 32828K, capacity 33538K, committed 33792K, reserved 1079296K
  class space    used 4529K, capacity 4745K, committed 4864K, reserved 1048576K
}
Event: 24.805 GC heap before
{Heap before GC invocations=10 (full 1):
 PSYoungGen      total 82432K, used 52478K [0x00000000d5580000, 0x00000000dc400000, 0x0000000100000000)
  eden space 71680K, 58% used [0x00000000d5580000,0x00000000d7e782b8,0x00000000d9b80000)
  from space 10752K, 97% used [0x00000000da700000,0x00000000db1477f8,0x00000000db180000)
  to   space 11776K, 0% used [0x00000000d9b80000,0x00000000d9b80000,0x00000000da700000)
 ParOldGen       total 62464K, used 8334K [0x0000000080000000, 0x0000000083d00000, 0x00000000d5580000)
  object space 62464K, 13% used [0x0000000080000000,0x0000000080823b28,0x0000000083d00000)
 Metaspace       used 34667K, capacity 35382K, committed 35496K, reserved 1079296K
  class space    used 4835K, capacity 5085K, committed 5120K, reserved 1048576K
Event: 24.853 GC heap after
Heap after GC invocations=10 (full 1):
 PSYoungGen      total 83456K, used 11263K [0x00000000d5580000, 0x00000000dcb80000, 0x0000000100000000)
  eden space 71680K, 0% used [0x00000000d5580000,0x00000000d5580000,0x00000000d9b80000)
  from space 11776K, 95% used [0x00000000d9b80000,0x00000000da67fcb0,0x00000000da700000)
  to   space 13312K, 0% used [0x00000000dbe80000,0x00000000dbe80000,0x00000000dcb80000)
 ParOldGen       total 62464K, used 8342K [0x0000000080000000, 0x0000000083d00000, 0x00000000d5580000)
  object space 62464K, 13% used [0x0000000080000000,0x0000000080825b28,0x0000000083d00000)
 Metaspace       used 34667K, capacity 35382K, committed 35496K, reserved 1079296K
  class space    used 4835K, capacity 5085K, committed 5120K, reserved 1048576K
}
Event: 24.853 GC heap before
{Heap before GC invocations=11 (full 2):
 PSYoungGen      total 83456K, used 11263K [0x00000000d5580000, 0x00000000dcb80000, 0x0000000100000000)
  eden space 71680K, 0% used [0x00000000d5580000,0x00000000d5580000,0x00000000d9b80000)
  from space 11776K, 95% used [0x00000000d9b80000,0x00000000da67fcb0,0x00000000da700000)
  to   space 13312K, 0% used [0x00000000dbe80000,0x00000000dbe80000,0x00000000dcb80000)
 ParOldGen       total 62464K, used 8342K [0x0000000080000000, 0x0000000083d00000, 0x00000000d5580000)
  object space 62464K, 13% used [0x0000000080000000,0x0000000080825b28,0x0000000083d00000)
 Metaspace       used 34667K, capacity 35382K, committed 35496K, reserved 1079296K
  class space    used 4835K, capacity 5085K, committed 5120K, reserved 1048576K
Event: 25.184 GC heap after
Heap after GC invocations=11 (full 2):
 PSYoungGen      total 83456K, used 0K [0x00000000d5580000, 0x00000000dcb80000, 0x0000000100000000)
  eden space 71680K, 0% used [0x00000000d5580000,0x00000000d5580000,0x00000000d9b80000)
  from space 11776K, 0% used [0x00000000d9b80000,0x00000000d9b80000,0x00000000da700000)
  to   space 13312K, 0% used [0x00000000dbe80000,0x00000000dbe80000,0x00000000dcb80000)
 ParOldGen       total 103424K, used 17642K [0x0000000080000000, 0x0000000086500000, 0x00000000d5580000)
  object space 103424K, 17% used [0x0000000080000000,0x000000008113a9f8,0x0000000086500000)
 Metaspace       used 34619K, capacity 35248K, committed 35496K, reserved 1079296K
  class space    used 4821K, capacity 5039K, committed 5120K, reserved 1048576K
}
Event: 32.930 GC heap before
{Heap before GC invocations=12 (full 2):
 PSYoungGen      total 83456K, used 71680K [0x00000000d5580000, 0x00000000dcb80000, 0x0000000100000000)
  eden space 71680K, 100% used [0x00000000d5580000,0x00000000d9b80000,0x00000000d9b80000)
  from space 11776K, 0% used [0x00000000d9b80000,0x00000000d9b80000,0x00000000da700000)
  to   space 13312K, 0% used [0x00000000dbe80000,0x00000000dbe80000,0x00000000dcb80000)
 ParOldGen       total 103424K, used 17642K [0x0000000080000000, 0x0000000086500000, 0x00000000d5580000)
  object space 103424K, 17% used [0x0000000080000000,0x000000008113a9f8,0x0000000086500000)
 Metaspace       used 43905K, capacity 44928K, committed 45312K, reserved 1087488K
  class space    used 6008K, capacity 6323K, committed 6400K, reserved 1048576K
Event: 32.960 GC heap after
Heap after GC invocations=12 (full 2):
 PSYoungGen      total 96768K, used 10581K [0x00000000d5580000, 0x00000000dc900000, 0x0000000100000000)
  eden space 86016K, 0% used [0x00000000d5580000,0x00000000d5580000,0x00000000da980000)
  from space 10752K, 98% used [0x00000000dbe80000,0x00000000dc8d57e8,0x00000000dc900000)
  to   space 13824K, 0% used [0x00000000dae00000,0x00000000dae00000,0x00000000dbb80000)
 ParOldGen       total 103424K, used 17650K [0x0000000080000000, 0x0000000086500000, 0x00000000d5580000)
  object space 103424K, 17% used [0x0000000080000000,0x000000008113c9f8,0x0000000086500000)
 Metaspace       used 43905K, capacity 44928K, committed 45312K, reserved 1087488K
  class space    used 6008K, capacity 6323K, committed 6400K, reserved 1048576K
}
Event: 36.464 GC heap before
{Heap before GC invocations=13 (full 2):
 PSYoungGen      total 96768K, used 96597K [0x00000000d5580000, 0x00000000dc900000, 0x0000000100000000)
  eden space 86016K, 100% used [0x00000000d5580000,0x00000000da980000,0x00000000da980000)
  from space 10752K, 98% used [0x00000000dbe80000,0x00000000dc8d57e8,0x00000000dc900000)
  to   space 13824K, 0% used [0x00000000dae00000,0x00000000dae00000,0x00000000dbb80000)
 ParOldGen       total 103424K, used 17650K [0x0000000080000000, 0x0000000086500000, 0x00000000d5580000)
  object space 103424K, 17% used [0x0000000080000000,0x000000008113c9f8,0x0000000086500000)
 Metaspace       used 48117K, capacity 49184K, committed 49408K, reserved 1091584K
  class space    used 6537K, capacity 6835K, committed 6912K, reserved 1048576K
Event: 36.515 GC heap after
Heap after GC invocations=13 (full 2):
 PSYoungGen      total 104448K, used 13821K [0x00000000d5580000, 0x00000000dd980000, 0x0000000100000000)
  eden space 90624K, 0% used [0x00000000d5580000,0x00000000d5580000,0x00000000dae00000)
  from space 13824K, 99% used [0x00000000dae00000,0x00000000dbb7f620,0x00000000dbb80000)
  to   space 15360K, 0% used [0x00000000dca80000,0x00000000dca80000,0x00000000dd980000)
 ParOldGen       total 103424K, used 17710K [0x0000000080000000, 0x0000000086500000, 0x00000000d5580000)
  object space 103424K, 17% used [0x0000000080000000,0x000000008114baf0,0x0000000086500000)
 Metaspace       used 48117K, capacity 49184K, committed 49408K, reserved 1091584K
  class space    used 6537K, capacity 6835K, committed 6912K, reserved 1048576K
}

