# JRE version: Java(TM) SE Runtime Environment (8.0_231-b11) (build 1.8.0_231-b11)
# Java VM: Java HotSpot(TM) 64-Bit Server VM (25.231-b11 mixed mode windows-amd64 compressed oops)
Heap:
 PSYoungGen      total 386048K, used 188428K [0x00000000d5580000, 0x00000000f2f80000, 0x0000000100000000)
  eden space 286720K, 61% used [0x00000000d5580000,0x00000000e022bcf8,0x00000000e6d80000)
  from space 99328K, 11% used [0x00000000e6d80000,0x00000000e78d74a0,0x00000000ece80000)
  to   space 99328K, 0% used [0x00000000ece80000,0x00000000ece80000,0x00000000f2f80000)
 ParOldGen       total 165376K, used 98691K [0x0000000080000000, 0x000000008a180000, 0x00000000d5580000)
  object space 165376K, 59% used [0x0000000080000000,0x0000000086060ea8,0x000000008a180000)
 Metaspace       used 91075K, capacity 95012K, committed 95576K, reserved 1132544K
  class space    used 11702K, capacity 12543K, committed 12672K, reserved 1048576K
GC Heap History (10 events):
Event: 499.834 GC heap before
{Heap before GC invocations=35 (full 3):
 PSYoungGen      total 304640K, used 258250K [0x00000000d5580000, 0x00000000f0d80000, 0x0000000100000000)
  eden space 200704K, 100% used [0x00000000d5580000,0x00000000e1980000,0x00000000e1980000)
  from space 103936K, 55% used [0x00000000e1980000,0x00000000e51b2930,0x00000000e7f00000)
  to   space 102912K, 0% used [0x00000000ea900000,0x00000000ea900000,0x00000000f0d80000)
 ParOldGen       total 165376K, used 105710K [0x0000000080000000, 0x000000008a180000, 0x00000000d5580000)
  object space 165376K, 63% used [0x0000000080000000,0x000000008673bb78,0x000000008a180000)
 Metaspace       used 91159K, capacity 95140K, committed 95320K, reserved 1132544K
  class space    used 11751K, capacity 12595K, committed 12672K, reserved 1048576K
Event: 499.923 GC heap after
Heap after GC invocations=35 (full 3):
 PSYoungGen      total 338432K, used 30095K [0x00000000d5580000, 0x00000000f0600000, 0x0000000100000000)
  eden space 243200K, 0% used [0x00000000d5580000,0x00000000d5580000,0x00000000e4300000)
  from space 95232K, 31% used [0x00000000ea900000,0x00000000ec663e90,0x00000000f0600000)
  to   space 99840K, 0% used [0x00000000e4300000,0x00000000e4300000,0x00000000ea480000)
 ParOldGen       total 165376K, used 128419K [0x0000000080000000, 0x000000008a180000, 0x00000000d5580000)
  object space 165376K, 77% used [0x0000000080000000,0x0000000087d68cf8,0x000000008a180000)
 Metaspace       used 91159K, capacity 95140K, committed 95320K, reserved 1132544K
  class space    used 11751K, capacity 12595K, committed 12672K, reserved 1048576K
}
Event: 501.576 GC heap before
{Heap before GC invocations=36 (full 3):
 PSYoungGen      total 338432K, used 273295K [0x00000000d5580000, 0x00000000f0600000, 0x0000000100000000)
  eden space 243200K, 100% used [0x00000000d5580000,0x00000000e4300000,0x00000000e4300000)
  from space 95232K, 31% used [0x00000000ea900000,0x00000000ec663e90,0x00000000f0600000)
  to   space 99840K, 0% used [0x00000000e4300000,0x00000000e4300000,0x00000000ea480000)
 ParOldGen       total 165376K, used 128419K [0x0000000080000000, 0x000000008a180000, 0x00000000d5580000)
  object space 165376K, 77% used [0x0000000080000000,0x0000000087d68cf8,0x000000008a180000)
 Metaspace       used 91176K, capacity 95240K, committed 95320K, reserved 1132544K
  class space    used 11752K, capacity 12627K, committed 12672K, reserved 1048576K
Event: 501.737 GC heap after
Heap after GC invocations=36 (full 3):
 PSYoungGen      total 343040K, used 13879K [0x00000000d5580000, 0x00000000f2f80000, 0x0000000100000000)
  eden space 243200K, 0% used [0x00000000d5580000,0x00000000d5580000,0x00000000e4300000)
  from space 99840K, 13% used [0x00000000e4300000,0x00000000e508dc30,0x00000000ea480000)
  to   space 99328K, 0% used [0x00000000ece80000,0x00000000ece80000,0x00000000f2f80000)
 ParOldGen       total 165376K, used 142775K [0x0000000080000000, 0x000000008a180000, 0x00000000d5580000)
  object space 165376K, 86% used [0x0000000080000000,0x0000000088b6de98,0x000000008a180000)
 Metaspace       used 91176K, capacity 95240K, committed 95320K, reserved 1132544K
  class space    used 11752K, capacity 12627K, committed 12672K, reserved 1048576K
}
Event: 501.737 GC heap before
{Heap before GC invocations=37 (full 4):
 PSYoungGen      total 343040K, used 13879K [0x00000000d5580000, 0x00000000f2f80000, 0x0000000100000000)
  eden space 243200K, 0% used [0x00000000d5580000,0x00000000d5580000,0x00000000e4300000)
  from space 99840K, 13% used [0x00000000e4300000,0x00000000e508dc30,0x00000000ea480000)
  to   space 99328K, 0% used [0x00000000ece80000,0x00000000ece80000,0x00000000f2f80000)
 ParOldGen       total 165376K, used 142775K [0x0000000080000000, 0x000000008a180000, 0x00000000d5580000)
  object space 165376K, 86% used [0x0000000080000000,0x0000000088b6de98,0x000000008a180000)
 Metaspace       used 91176K, capacity 95240K, committed 95320K, reserved 1132544K
  class space    used 11752K, capacity 12627K, committed 12672K, reserved 1048576K
Event: 503.123 GC heap after
Heap after GC invocations=37 (full 4):
 PSYoungGen      total 343040K, used 0K [0x00000000d5580000, 0x00000000f2f80000, 0x0000000100000000)
  eden space 243200K, 0% used [0x00000000d5580000,0x00000000d5580000,0x00000000e4300000)
  from space 99840K, 0% used [0x00000000e4300000,0x00000000e4300000,0x00000000ea480000)
  to   space 99328K, 0% used [0x00000000ece80000,0x00000000ece80000,0x00000000f2f80000)
 ParOldGen       total 165376K, used 98683K [0x0000000080000000, 0x000000008a180000, 0x00000000d5580000)
  object space 165376K, 59% used [0x0000000080000000,0x000000008605eea8,0x000000008a180000)
 Metaspace       used 91039K, capacity 94944K, committed 95320K, reserved 1132544K
  class space    used 11702K, capacity 12543K, committed 12672K, reserved 1048576K
}
Event: 504.556 GC heap before
{Heap before GC invocations=38 (full 4):
 PSYoungGen      total 343040K, used 243200K [0x00000000d5580000, 0x00000000f2f80000, 0x0000000100000000)
  eden space 243200K, 100% used [0x00000000d5580000,0x00000000e4300000,0x00000000e4300000)
  from space 99840K, 0% used [0x00000000e4300000,0x00000000e4300000,0x00000000ea480000)
  to   space 99328K, 0% used [0x00000000ece80000,0x00000000ece80000,0x00000000f2f80000)
 ParOldGen       total 165376K, used 98683K [0x0000000080000000, 0x000000008a180000, 0x00000000d5580000)
  object space 165376K, 59% used [0x0000000080000000,0x000000008605eea8,0x000000008a180000)
 Metaspace       used 91041K, capacity 94948K, committed 95320K, reserved 1132544K
  class space    used 11702K, capacity 12543K, committed 12672K, reserved 1048576K
Event: 504.572 GC heap after
Heap after GC invocations=38 (full 4):
 PSYoungGen      total 386048K, used 6207K [0x00000000d5580000, 0x00000000f2f80000, 0x0000000100000000)
  eden space 286720K, 0% used [0x00000000d5580000,0x00000000d5580000,0x00000000e6d80000)
  from space 99328K, 6% used [0x00000000ece80000,0x00000000ed48fd08,0x00000000f2f80000)
  to   space 99328K, 0% used [0x00000000e6d80000,0x00000000e6d80000,0x00000000ece80000)
 ParOldGen       total 165376K, used 98691K [0x0000000080000000, 0x000000008a180000, 0x00000000d5580000)
  object space 165376K, 59% used [0x0000000080000000,0x0000000086060ea8,0x000000008a180000)
 Metaspace       used 91041K, capacity 94948K, committed 95320K, reserved 1132544K
  class space    used 11702K, capacity 12543K, committed 12672K, reserved 1048576K
}
Event: 506.552 GC heap before
{Heap before GC invocations=39 (full 4):
 PSYoungGen      total 386048K, used 292927K [0x00000000d5580000, 0x00000000f2f80000, 0x0000000100000000)
  eden space 286720K, 100% used [0x00000000d5580000,0x00000000e6d80000,0x00000000e6d80000)
  from space 99328K, 6% used [0x00000000ece80000,0x00000000ed48fd08,0x00000000f2f80000)
  to   space 99328K, 0% used [0x00000000e6d80000,0x00000000e6d80000,0x00000000ece80000)
 ParOldGen       total 165376K, used 98691K [0x0000000080000000, 0x000000008a180000, 0x00000000d5580000)
  object space 165376K, 59% used [0x0000000080000000,0x0000000086060ea8,0x000000008a180000)
 Metaspace       used 91055K, capacity 94948K, committed 95320K, reserved 1132544K
  class space    used 11702K, capacity 12543K, committed 12672K, reserved 1048576K
Event: 506.582 GC heap after
Heap after GC invocations=39 (full 4):
 PSYoungGen      total 386048K, used 11613K [0x00000000d5580000, 0x00000000f2f80000, 0x0000000100000000)
  eden space 286720K, 0% used [0x00000000d5580000,0x00000000d5580000,0x00000000e6d80000)
  from space 99328K, 11% used [0x00000000e6d80000,0x00000000e78d74a0,0x00000000ece80000)
  to   space 99328K, 0% used [0x00000000ece80000,0x00000000ece80000,0x00000000f2f80000)
 ParOldGen       total 165376K, used 98691K [0x0000000080000000, 0x000000008a180000, 0x00000000d5580000)
  object space 165376K, 59% used [0x0000000080000000,0x0000000086060ea8,0x000000008a180000)
 Metaspace       used 91055K, capacity 94948K, committed 95320K, reserved 1132544K
  class space    used 11702K, capacity 12543K, committed 12672K, reserved 1048576K
}

