# JRE version: Java(TM) SE Runtime Environment (8.0_102-b14) (build 1.8.0_102-b14)
# Java VM: Java HotSpot(TM) Client VM (25.102-b14 mixed mode windows-x86 )
Heap:
 def new generation   total 314560K, used 310555K [0x04600000, 0x19b50000, 0x19b50000)
  eden space 279616K, 100% used [0x04600000, 0x15710000, 0x15710000)
  from space 34944K,  88% used [0x15710000, 0x17546c00, 0x17930000)
  to   space 34944K,  99% used [0x17930000, 0x19b4fff8, 0x19b50000)
 tenured generation   total 699072K, used 574136K [0x19b50000, 0x44600000, 0x44600000)
   the space 699072K,  82% used [0x19b50000, 0x3cbfe140, 0x3cbfe200, 0x44600000)
 Metaspace       used 3481K, capacity 3496K, committed 3520K, reserved 4480K
GC Heap History (10 events):
Event: 15.709 GC heap after
Heap after GC invocations=98 (full 8):
 def new generation   total 314560K, used 34943K [0x04600000, 0x19b50000, 0x19b50000)
  eden space 279616K,   0% used [0x04600000, 0x04600000, 0x15710000)
  from space 34944K,  99% used [0x17930000, 0x19b4fff8, 0x19b50000)
  to   space 34944K,   0% used [0x15710000, 0x15710000, 0x17930000)
 tenured generation   total 699072K, used 526534K [0x19b50000, 0x44600000, 0x44600000)
   the space 699072K,  75% used [0x19b50000, 0x39d819d8, 0x39d81a00, 0x44600000)
 Metaspace       used 3481K, capacity 3496K, committed 3520K, reserved 4480K
}
Event: 16.817 GC heap before
{Heap before GC invocations=98 (full 8):
 def new generation   total 314560K, used 314559K [0x04600000, 0x19b50000, 0x19b50000)
  eden space 279616K, 100% used [0x04600000, 0x15710000, 0x15710000)
  from space 34944K,  99% used [0x17930000, 0x19b4fff8, 0x19b50000)
  to   space 34944K,   0% used [0x15710000, 0x15710000, 0x17930000)
 tenured generation   total 699072K, used 526534K [0x19b50000, 0x44600000, 0x44600000)
   the space 699072K,  75% used [0x19b50000, 0x39d819d8, 0x39d81a00, 0x44600000)
 Metaspace       used 3481K, capacity 3496K, committed 3520K, reserved 4480K
Event: 17.020 GC heap after
Heap after GC invocations=99 (full 8):
 def new generation   total 314560K, used 34943K [0x04600000, 0x19b50000, 0x19b50000)
  eden space 279616K,   0% used [0x04600000, 0x04600000, 0x15710000)
  from space 34944K,  99% used [0x15710000, 0x1792fff8, 0x17930000)
  to   space 34944K,   0% used [0x17930000, 0x17930000, 0x19b50000)
 tenured generation   total 699072K, used 601819K [0x19b50000, 0x44600000, 0x44600000)
   the space 699072K,  86% used [0x19b50000, 0x3e706ef8, 0x3e707000, 0x44600000)
 Metaspace       used 3481K, capacity 3496K, committed 3520K, reserved 4480K
}
Event: 17.814 GC heap before
{Heap before GC invocations=99 (full 8):
 def new generation   total 314560K, used 314559K [0x04600000, 0x19b50000, 0x19b50000)
  eden space 279616K, 100% used [0x04600000, 0x15710000, 0x15710000)
  from space 34944K,  99% used [0x15710000, 0x1792fff8, 0x17930000)
  to   space 34944K,   0% used [0x17930000, 0x17930000, 0x19b50000)
 tenured generation   total 699072K, used 601819K [0x19b50000, 0x44600000, 0x44600000)
   the space 699072K,  86% used [0x19b50000, 0x3e706ef8, 0x3e707000, 0x44600000)
 Metaspace       used 3481K, capacity 3496K, committed 3520K, reserved 4480K
Event: 17.985 GC heap after
Heap after GC invocations=100 (full 8):
 def new generation   total 314560K, used 34943K [0x04600000, 0x19b50000, 0x19b50000)
  eden space 279616K,   0% used [0x04600000, 0x04600000, 0x15710000)
  from space 34944K,  99% used [0x17930000, 0x19b4fff8, 0x19b50000)
  to   space 34944K,   0% used [0x15710000, 0x15710000, 0x17930000)
 tenured generation   total 699072K, used 686490K [0x19b50000, 0x44600000, 0x44600000)
   the space 699072K,  98% used [0x19b50000, 0x439b6968, 0x439b6a00, 0x44600000)
 Metaspace       used 3481K, capacity 3496K, committed 3520K, reserved 4480K
}
Event: 18.825 GC heap before
{Heap before GC invocations=100 (full 8):
 def new generation   total 314560K, used 314559K [0x04600000, 0x19b50000, 0x19b50000)
  eden space 279616K, 100% used [0x04600000, 0x15710000, 0x15710000)
  from space 34944K,  99% used [0x17930000, 0x19b4fff8, 0x19b50000)
  to   space 34944K,   0% used [0x15710000, 0x15710000, 0x17930000)
 tenured generation   total 699072K, used 686490K [0x19b50000, 0x44600000, 0x44600000)
   the space 699072K,  98% used [0x19b50000, 0x439b6968, 0x439b6a00, 0x44600000)
 Metaspace       used 3481K, capacity 3496K, committed 3520K, reserved 4480K
Event: 20.237 GC heap after
Heap after GC invocations=101 (full 9):
 def new generation   total 314560K, used 0K [0x04600000, 0x19b50000, 0x19b50000)
  eden space 279616K,   0% used [0x04600000, 0x04600000, 0x15710000)
  from space 34944K,   0% used [0x17930000, 0x17930000, 0x19b50000)
  to   space 34944K,   0% used [0x15710000, 0x15710000, 0x17930000)
 tenured generation   total 699072K, used 548541K [0x19b50000, 0x44600000, 0x44600000)
   the space 699072K,  78% used [0x19b50000, 0x3b2ff4f0, 0x3b2ff600, 0x44600000)
 Metaspace       used 3481K, capacity 3496K, committed 3520K, reserved 4480K
}
Event: 21.059 GC heap before
{Heap before GC invocations=101 (full 9):
 def new generation   total 314560K, used 279616K [0x04600000, 0x19b50000, 0x19b50000)
  eden space 279616K, 100% used [0x04600000, 0x15710000, 0x15710000)
  from space 34944K,   0% used [0x17930000, 0x17930000, 0x19b50000)
  to   space 34944K,   0% used [0x15710000, 0x15710000, 0x17930000)
 tenured generation   total 699072K, used 548541K [0x19b50000, 0x44600000, 0x44600000)
   the space 699072K,  78% used [0x19b50000, 0x3b2ff4f0, 0x3b2ff600, 0x44600000)
 Metaspace       used 3481K, capacity 3496K, committed 3520K, reserved 4480K
Event: 21.140 GC heap after
Heap after GC invocations=102 (full 9):
 def new generation   total 314560K, used 30939K [0x04600000, 0x19b50000, 0x19b50000)
  eden space 279616K,   0% used [0x04600000, 0x04600000, 0x15710000)
  from space 34944K,  88% used [0x15710000, 0x17546c00, 0x17930000)
  to   space 34944K,   0% used [0x17930000, 0x17930000, 0x19b50000)
 tenured generation   total 699072K, used 548541K [0x19b50000, 0x44600000, 0x44600000)
   the space 699072K,  78% used [0x19b50000, 0x3b2ff4f0, 0x3b2ff600, 0x44600000)
 Metaspace       used 3481K, capacity 3496K, committed 3520K, reserved 4480K
}
Event: 21.756 GC heap before
{Heap before GC invocations=102 (full 9):
 def new generation   total 314560K, used 310555K [0x04600000, 0x19b50000, 0x19b50000)
  eden space 279616K, 100% used [0x04600000, 0x15710000, 0x15710000)
  from space 34944K,  88% used [0x15710000, 0x17546c00, 0x17930000)
  to   space 34944K,   0% used [0x17930000, 0x17930000, 0x19b50000)
 tenured generation   total 699072K, used 548541K [0x19b50000, 0x44600000, 0x44600000)
   the space 699072K,  78% used [0x19b50000, 0x3b2ff4f0, 0x3b2ff600, 0x44600000)
 Metaspace       used 3481K, capacity 3496K, committed 3520K, reserved 4480K

