# JRE version: Java(TM) SE Runtime Environment (8.0_91-b15) (build 1.8.0_91-b15)
# Java VM: Java HotSpot(TM) 64-Bit Server VM (25.91-b15 mixed mode windows-amd64 compressed oops)
Heap:
 PSYoungGen      total 354304K, used 244102K [0x00000000d5580000, 0x00000000f5600000, 0x0000000100000000)
  eden space 282624K, 86% used [0x00000000d5580000,0x00000000e43e1a70,0x00000000e6980000)
  from space 71680K, 0% used [0x00000000e6980000,0x00000000e6980000,0x00000000eaf80000)
  to   space 78336K, 0% used [0x00000000f0980000,0x00000000f0980000,0x00000000f5600000)
 ParOldGen       total 166912K, used 166508K [0x0000000080000000, 0x000000008a300000, 0x00000000d5580000)
  object space 166912K, 99% used [0x0000000080000000,0x000000008a29b380,0x000000008a300000)
 Metaspace       used 6672K, capacity 7320K, committed 7680K, reserved 1056768K
  class space    used 631K, capacity 656K, committed 768K, reserved 1048576K
GC Heap History (10 events):
Event: 22.382 GC heap before
{Heap before GC invocations=19 (full 8):
 PSYoungGen      total 354304K, used 282624K [0x00000000d5580000, 0x00000000f5600000, 0x0000000100000000)
  eden space 282624K, 100% used [0x00000000d5580000,0x00000000e6980000,0x00000000e6980000)
  from space 71680K, 0% used [0x00000000e6980000,0x00000000e6980000,0x00000000eaf80000)
  to   space 78336K, 0% used [0x00000000f0980000,0x00000000f0980000,0x00000000f5600000)
 ParOldGen       total 166912K, used 166514K [0x0000000080000000, 0x000000008a300000, 0x00000000d5580000)
  object space 166912K, 99% used [0x0000000080000000,0x000000008a29caf8,0x000000008a300000)
 Metaspace       used 6669K, capacity 7320K, committed 7680K, reserved 1056768K
  class space    used 630K, capacity 656K, committed 768K, reserved 1048576K
Event: 23.405 GC heap after
Heap after GC invocations=19 (full 8):
 PSYoungGen      total 354304K, used 185465K [0x00000000d5580000, 0x00000000f5600000, 0x0000000100000000)
  eden space 282624K, 65% used [0x00000000d5580000,0x00000000e0a9e658,0x00000000e6980000)
  from space 71680K, 0% used [0x00000000e6980000,0x00000000e6980000,0x00000000eaf80000)
  to   space 78336K, 0% used [0x00000000f0980000,0x00000000f0980000,0x00000000f5600000)
 ParOldGen       total 166912K, used 166512K [0x0000000080000000, 0x000000008a300000, 0x00000000d5580000)
  object space 166912K, 99% used [0x0000000080000000,0x000000008a29c058,0x000000008a300000)
 Metaspace       used 6669K, capacity 7320K, committed 7680K, reserved 1056768K
  class space    used 630K, capacity 656K, committed 768K, reserved 1048576K
}
Event: 23.415 GC heap before
{Heap before GC invocations=20 (full 9):
 PSYoungGen      total 354304K, used 188980K [0x00000000d5580000, 0x00000000f5600000, 0x0000000100000000)
  eden space 282624K, 66% used [0x00000000d5580000,0x00000000e0e0d228,0x00000000e6980000)
  from space 71680K, 0% used [0x00000000e6980000,0x00000000e6980000,0x00000000eaf80000)
  to   space 78336K, 0% used [0x00000000f0980000,0x00000000f0980000,0x00000000f5600000)
 ParOldGen       total 166912K, used 166512K [0x0000000080000000, 0x000000008a300000, 0x00000000d5580000)
  object space 166912K, 99% used [0x0000000080000000,0x000000008a29c058,0x000000008a300000)
 Metaspace       used 6669K, capacity 7320K, committed 7680K, reserved 1056768K
  class space    used 630K, capacity 656K, committed 768K, reserved 1048576K
Event: 24.144 GC heap after
Heap after GC invocations=20 (full 9):
 PSYoungGen      total 354304K, used 185935K [0x00000000d5580000, 0x00000000f5600000, 0x0000000100000000)
  eden space 282624K, 65% used [0x00000000d5580000,0x00000000e0b13c38,0x00000000e6980000)
  from space 71680K, 0% used [0x00000000e6980000,0x00000000e6980000,0x00000000eaf80000)
  to   space 78336K, 0% used [0x00000000f0980000,0x00000000f0980000,0x00000000f5600000)
 ParOldGen       total 166912K, used 166511K [0x0000000080000000, 0x000000008a300000, 0x00000000d5580000)
  object space 166912K, 99% used [0x0000000080000000,0x000000008a29bda0,0x000000008a300000)
 Metaspace       used 6669K, capacity 7320K, committed 7680K, reserved 1056768K
  class space    used 630K, capacity 656K, committed 768K, reserved 1048576K
}
Event: 24.538 GC heap before
{Heap before GC invocations=21 (full 10):
 PSYoungGen      total 354304K, used 282624K [0x00000000d5580000, 0x00000000f5600000, 0x0000000100000000)
  eden space 282624K, 100% used [0x00000000d5580000,0x00000000e6980000,0x00000000e6980000)
  from space 71680K, 0% used [0x00000000e6980000,0x00000000e6980000,0x00000000eaf80000)
  to   space 78336K, 0% used [0x00000000f0980000,0x00000000f0980000,0x00000000f5600000)
 ParOldGen       total 166912K, used 166511K [0x0000000080000000, 0x000000008a300000, 0x00000000d5580000)
  object space 166912K, 99% used [0x0000000080000000,0x000000008a29bda0,0x000000008a300000)
 Metaspace       used 6669K, capacity 7320K, committed 7680K, reserved 1056768K
  class space    used 630K, capacity 656K, committed 768K, reserved 1048576K
Event: 25.539 GC heap after
Heap after GC invocations=21 (full 10):
 PSYoungGen      total 354304K, used 199805K [0x00000000d5580000, 0x00000000f5600000, 0x0000000100000000)
  eden space 282624K, 70% used [0x00000000d5580000,0x00000000e189f738,0x00000000e6980000)
  from space 71680K, 0% used [0x00000000e6980000,0x00000000e6980000,0x00000000eaf80000)
  to   space 78336K, 0% used [0x00000000f0980000,0x00000000f0980000,0x00000000f5600000)
 ParOldGen       total 166912K, used 166509K [0x0000000080000000, 0x000000008a300000, 0x00000000d5580000)
  object space 166912K, 99% used [0x0000000080000000,0x000000008a29b7c0,0x000000008a300000)
 Metaspace       used 6669K, capacity 7320K, committed 7680K, reserved 1056768K
  class space    used 630K, capacity 656K, committed 768K, reserved 1048576K
}
Event: 25.982 GC heap before
{Heap before GC invocations=22 (full 11):
 PSYoungGen      total 354304K, used 282624K [0x00000000d5580000, 0x00000000f5600000, 0x0000000100000000)
  eden space 282624K, 100% used [0x00000000d5580000,0x00000000e6980000,0x00000000e6980000)
  from space 71680K, 0% used [0x00000000e6980000,0x00000000e6980000,0x00000000eaf80000)
  to   space 78336K, 0% used [0x00000000f0980000,0x00000000f0980000,0x00000000f5600000)
 ParOldGen       total 166912K, used 166509K [0x0000000080000000, 0x000000008a300000, 0x00000000d5580000)
  object space 166912K, 99% used [0x0000000080000000,0x000000008a29b7c0,0x000000008a300000)
 Metaspace       used 6670K, capacity 7320K, committed 7680K, reserved 1056768K
  class space    used 631K, capacity 656K, committed 768K, reserved 1048576K
Event: 27.013 GC heap after
Heap after GC invocations=22 (full 11):
 PSYoungGen      total 354304K, used 212441K [0x00000000d5580000, 0x00000000f5600000, 0x0000000100000000)
  eden space 282624K, 75% used [0x00000000d5580000,0x00000000e24f6728,0x00000000e6980000)
  from space 71680K, 0% used [0x00000000e6980000,0x00000000e6980000,0x00000000eaf80000)
  to   space 78336K, 0% used [0x00000000f0980000,0x00000000f0980000,0x00000000f5600000)
 ParOldGen       total 166912K, used 166509K [0x0000000080000000, 0x000000008a300000, 0x00000000d5580000)
  object space 166912K, 99% used [0x0000000080000000,0x000000008a29b4c0,0x000000008a300000)
 Metaspace       used 6670K, capacity 7320K, committed 7680K, reserved 1056768K
  class space    used 631K, capacity 656K, committed 768K, reserved 1048576K
}
Event: 27.277 GC heap before
{Heap before GC invocations=23 (full 12):
 PSYoungGen      total 354304K, used 282624K [0x00000000d5580000, 0x00000000f5600000, 0x0000000100000000)
  eden space 282624K, 100% used [0x00000000d5580000,0x00000000e6980000,0x00000000e6980000)
  from space 71680K, 0% used [0x00000000e6980000,0x00000000e6980000,0x00000000eaf80000)
  to   space 78336K, 0% used [0x00000000f0980000,0x00000000f0980000,0x00000000f5600000)
 ParOldGen       total 166912K, used 166509K [0x0000000080000000, 0x000000008a300000, 0x00000000d5580000)
  object space 166912K, 99% used [0x0000000080000000,0x000000008a29b4c0,0x000000008a300000)
 Metaspace       used 6670K, capacity 7320K, committed 7680K, reserved 1056768K
  class space    used 631K, capacity 656K, committed 768K, reserved 1048576K
Event: 28.483 GC heap after
Heap after GC invocations=23 (full 12):
 PSYoungGen      total 354304K, used 223437K [0x00000000d5580000, 0x00000000f5600000, 0x0000000100000000)
  eden space 282624K, 79% used [0x00000000d5580000,0x00000000e2fb34a8,0x00000000e6980000)
  from space 71680K, 0% used [0x00000000e6980000,0x00000000e6980000,0x00000000eaf80000)
  to   space 78336K, 0% used [0x00000000f0980000,0x00000000f0980000,0x00000000f5600000)
 ParOldGen       total 166912K, used 166508K [0x0000000080000000, 0x000000008a300000, 0x00000000d5580000)
  object space 166912K, 99% used [0x0000000080000000,0x000000008a29b380,0x000000008a300000)
 Metaspace       used 6670K, capacity 7320K, committed 7680K, reserved 1056768K
  class space    used 631K, capacity 656K, committed 768K, reserved 1048576K
}

