# JRE version: Java(TM) SE Runtime Environment (8.0_102-b14) (build 1.8.0_102-b14)
# Java VM: Java HotSpot(TM) Client VM (25.102-b14 mixed mode windows-x86 )
Heap:
 def new generation   total 314560K, used 314560K [0x04800000, 0x19d50000, 0x19d50000)
  eden space 279616K, 100% used [0x04800000, 0x15910000, 0x15910000)
  from space 34944K, 100% used [0x15910000, 0x17b30000, 0x17b30000)
  to   space 34944K,   0% used [0x17b30000, 0x17b30000, 0x19d50000)
 tenured generation   total 699072K, used 623222K [0x19d50000, 0x44800000, 0x44800000)
   the space 699072K,  89% used [0x19d50000, 0x3fded9c8, 0x3c5ff200, 0x44800000)
 Metaspace       used 3490K, capacity 3496K, committed 3520K, reserved 4480K
GC Heap History (10 events):
Event: 11.600 GC heap after
Heap after GC invocations=97 (full 7):
 def new generation   total 204672K, used 22719K [0x04800000, 0x12610000, 0x19d50000)
  eden space 181952K,   0% used [0x04800000, 0x04800000, 0x0f9b0000)
  from space 22720K,  99% used [0x10fe0000, 0x1260fff8, 0x12610000)
  to   space 22720K,   0% used [0x0f9b0000, 0x0f9b0000, 0x10fe0000)
 tenured generation   total 454640K, used 391980K [0x19d50000, 0x3594c000, 0x44800000)
   the space 454640K,  86% used [0x19d50000, 0x31c1b3d0, 0x31c1b400, 0x3594c000)
 Metaspace       used 3490K, capacity 3496K, committed 3520K, reserved 4480K
}
Event: 12.003 GC heap before
{Heap before GC invocations=97 (full 7):
 def new generation   total 204672K, used 204671K [0x04800000, 0x12610000, 0x19d50000)
  eden space 181952K, 100% used [0x04800000, 0x0f9b0000, 0x0f9b0000)
  from space 22720K,  99% used [0x10fe0000, 0x1260fff8, 0x12610000)
  to   space 22720K,   0% used [0x0f9b0000, 0x0f9b0000, 0x10fe0000)
 tenured generation   total 454640K, used 391980K [0x19d50000, 0x3594c000, 0x44800000)
   the space 454640K,  86% used [0x19d50000, 0x31c1b3d0, 0x31c1b400, 0x3594c000)
 Metaspace       used 3490K, capacity 3496K, committed 3520K, reserved 4480K
Event: 12.136 GC heap after
Heap after GC invocations=98 (full 7):
 def new generation   total 204672K, used 22720K [0x04800000, 0x12610000, 0x19d50000)
  eden space 181952K,   0% used [0x04800000, 0x04800000, 0x0f9b0000)
  from space 22720K, 100% used [0x0f9b0000, 0x10fe0000, 0x10fe0000)
  to   space 22720K,   0% used [0x10fe0000, 0x10fe0000, 0x12610000)
 tenured generation   total 454640K, used 418999K [0x19d50000, 0x3594c000, 0x44800000)
   the space 454640K,  92% used [0x19d50000, 0x3367df00, 0x3367e000, 0x3594c000)
 Metaspace       used 3490K, capacity 3496K, committed 3520K, reserved 4480K
}
Event: 13.215 GC heap before
{Heap before GC invocations=98 (full 7):
 def new generation   total 204672K, used 204672K [0x04800000, 0x12610000, 0x19d50000)
  eden space 181952K, 100% used [0x04800000, 0x0f9b0000, 0x0f9b0000)
  from space 22720K, 100% used [0x0f9b0000, 0x10fe0000, 0x10fe0000)
  to   space 22720K,   0% used [0x10fe0000, 0x10fe0000, 0x12610000)
 tenured generation   total 454640K, used 418999K [0x19d50000, 0x3594c000, 0x44800000)
   the space 454640K,  92% used [0x19d50000, 0x3367df00, 0x3367e000, 0x3594c000)
 Metaspace       used 3490K, capacity 3496K, committed 3520K, reserved 4480K
Event: 14.890 GC heap after
Heap after GC invocations=99 (full 8):
 def new generation   total 314560K, used 4513K [0x04800000, 0x19d50000, 0x19d50000)
  eden space 279616K,   1% used [0x04800000, 0x04c68780, 0x15910000)
  from space 34944K,   0% used [0x15910000, 0x15910000, 0x17b30000)
  to   space 34944K,   0% used [0x17b30000, 0x17b30000, 0x19d50000)
 tenured generation   total 699072K, used 478446K [0x19d50000, 0x44800000, 0x44800000)
   the space 699072K,  68% used [0x19d50000, 0x3708bab8, 0x3708bc00, 0x44800000)
 Metaspace       used 3490K, capacity 3496K, committed 3520K, reserved 4480K
}
Event: 15.685 GC heap before
{Heap before GC invocations=99 (full 8):
 def new generation   total 314560K, used 279616K [0x04800000, 0x19d50000, 0x19d50000)
  eden space 279616K, 100% used [0x04800000, 0x15910000, 0x15910000)
  from space 34944K,   0% used [0x15910000, 0x15910000, 0x17b30000)
  to   space 34944K,   0% used [0x17b30000, 0x17b30000, 0x19d50000)
 tenured generation   total 699072K, used 478446K [0x19d50000, 0x44800000, 0x44800000)
   the space 699072K,  68% used [0x19d50000, 0x3708bab8, 0x3708bc00, 0x44800000)
 Metaspace       used 3490K, capacity 3496K, committed 3520K, reserved 4480K
Event: 16.104 GC heap after
Heap after GC invocations=100 (full 8):
 def new generation   total 314560K, used 34943K [0x04800000, 0x19d50000, 0x19d50000)
  eden space 279616K,   0% used [0x04800000, 0x04800000, 0x15910000)
  from space 34944K,  99% used [0x17b30000, 0x19d4fff8, 0x19d50000)
  to   space 34944K,   0% used [0x15910000, 0x15910000, 0x17b30000)
 tenured generation   total 699072K, used 573639K [0x19d50000, 0x44800000, 0x44800000)
   the space 699072K,  82% used [0x19d50000, 0x3cd81f28, 0x3cd82000, 0x44800000)
 Metaspace       used 3490K, capacity 3496K, committed 3520K, reserved 4480K
}
Event: 17.141 GC heap before
{Heap before GC invocations=100 (full 8):
 def new generation   total 314560K, used 314559K [0x04800000, 0x19d50000, 0x19d50000)
  eden space 279616K, 100% used [0x04800000, 0x15910000, 0x15910000)
  from space 34944K,  99% used [0x17b30000, 0x19d4fff8, 0x19d50000)
  to   space 34944K,   0% used [0x15910000, 0x15910000, 0x17b30000)
 tenured generation   total 699072K, used 573639K [0x19d50000, 0x44800000, 0x44800000)
   the space 699072K,  82% used [0x19d50000, 0x3cd81f28, 0x3cd82000, 0x44800000)
 Metaspace       used 3490K, capacity 3496K, committed 3520K, reserved 4480K
Event: 17.362 GC heap after
Heap after GC invocations=101 (full 8):
 def new generation   total 314560K, used 34944K [0x04800000, 0x19d50000, 0x19d50000)
  eden space 279616K,   0% used [0x04800000, 0x04800000, 0x15910000)
  from space 34944K, 100% used [0x15910000, 0x17b30000, 0x17b30000)
  to   space 34944K,   0% used [0x17b30000, 0x17b30000, 0x19d50000)
 tenured generation   total 699072K, used 623222K [0x19d50000, 0x44800000, 0x44800000)
   the space 699072K,  89% used [0x19d50000, 0x3fded9c8, 0x3fdeda00, 0x44800000)
 Metaspace       used 3490K, capacity 3496K, committed 3520K, reserved 4480K
}
Event: 18.622 GC heap before
{Heap before GC invocations=101 (full 8):
 def new generation   total 314560K, used 314560K [0x04800000, 0x19d50000, 0x19d50000)
  eden space 279616K, 100% used [0x04800000, 0x15910000, 0x15910000)
  from space 34944K, 100% used [0x15910000, 0x17b30000, 0x17b30000)
  to   space 34944K,   0% used [0x17b30000, 0x17b30000, 0x19d50000)
 tenured generation   total 699072K, used 623222K [0x19d50000, 0x44800000, 0x44800000)
   the space 699072K,  89% used [0x19d50000, 0x3fded9c8, 0x3fdeda00, 0x44800000)
 Metaspace       used 3490K, capacity 3496K, committed 3520K, reserved 4480K

