# JRE version: Java(TM) SE Runtime Environment (8.0_91-b15) (build 1.8.0_91-b15)
# Java VM: Java HotSpot(TM) 64-Bit Server VM (25.91-b15 mixed mode windows-amd64 compressed oops)
Heap:
 PSYoungGen      total 551424K, used 519809K [0x00000000d5580000, 0x0000000100000000, 0x0000000100000000)
  eden space 403968K, 100% used [0x00000000d5580000,0x00000000ee000000,0x00000000ee000000)
  from space 147456K, 78% used [0x00000000ee000000,0x00000000f5120608,0x00000000f7000000)
  to   space 147456K, 0% used [0x00000000f7000000,0x00000000f7026038,0x0000000100000000)
 ParOldGen       total 503808K, used 307027K [0x0000000080000000, 0x000000009ec00000, 0x00000000d5580000)
  object space 503808K, 60% used [0x0000000080000000,0x0000000092bd4f98,0x000000009ec00000)
 Metaspace       used 6672K, capacity 7320K, committed 7680K, reserved 1056768K
  class space    used 629K, capacity 656K, committed 768K, reserved 1048576K
GC Heap History (10 events):
Event: 17.020 GC heap after
Heap after GC invocations=12 (full 2):
 PSYoungGen      total 538112K, used 70344K [0x00000000d5580000, 0x0000000100000000, 0x0000000100000000)
  eden space 448000K, 0% used [0x00000000d5580000,0x00000000d5580000,0x00000000f0b00000)
  from space 90112K, 78% used [0x00000000fa800000,0x00000000fecb22b8,0x0000000100000000)
  to   space 125440K, 0% used [0x00000000f0b00000,0x00000000f0b00000,0x00000000f8580000)
 ParOldGen       total 307200K, used 170781K [0x0000000080000000, 0x0000000092c00000, 0x00000000d5580000)
  object space 307200K, 55% used [0x0000000080000000,0x000000008a6c75a8,0x0000000092c00000)
 Metaspace       used 6651K, capacity 7320K, committed 7680K, reserved 1056768K
  class space    used 628K, capacity 656K, committed 768K, reserved 1048576K
}
Event: 20.680 GC heap before
{Heap before GC invocations=13 (full 2):
 PSYoungGen      total 538112K, used 518344K [0x00000000d5580000, 0x0000000100000000, 0x0000000100000000)
  eden space 448000K, 100% used [0x00000000d5580000,0x00000000f0b00000,0x00000000f0b00000)
  from space 90112K, 78% used [0x00000000fa800000,0x00000000fecb22b8,0x0000000100000000)
  to   space 125440K, 0% used [0x00000000f0b00000,0x00000000f0b00000,0x00000000f8580000)
 ParOldGen       total 307200K, used 170781K [0x0000000080000000, 0x0000000092c00000, 0x00000000d5580000)
  object space 307200K, 55% used [0x0000000080000000,0x000000008a6c75a8,0x0000000092c00000)
 Metaspace       used 6658K, capacity 7320K, committed 7680K, reserved 1056768K
  class space    used 628K, capacity 656K, committed 768K, reserved 1048576K
Event: 20.888 GC heap after
Heap after GC invocations=13 (full 2):
 PSYoungGen      total 514560K, used 66296K [0x00000000d5580000, 0x0000000100000000, 0x0000000100000000)
  eden space 448000K, 0% used [0x00000000d5580000,0x00000000d5580000,0x00000000f0b00000)
  from space 66560K, 99% used [0x00000000f0b00000,0x00000000f4bbe300,0x00000000f4c00000)
  to   space 125952K, 0% used [0x00000000f8500000,0x00000000f8500000,0x0000000100000000)
 ParOldGen       total 307200K, used 241744K [0x0000000080000000, 0x0000000092c00000, 0x00000000d5580000)
  object space 307200K, 78% used [0x0000000080000000,0x000000008ec14308,0x0000000092c00000)
 Metaspace       used 6658K, capacity 7320K, committed 7680K, reserved 1056768K
  class space    used 628K, capacity 656K, committed 768K, reserved 1048576K
}
Event: 23.844 GC heap before
{Heap before GC invocations=14 (full 2):
 PSYoungGen      total 514560K, used 514296K [0x00000000d5580000, 0x0000000100000000, 0x0000000100000000)
  eden space 448000K, 100% used [0x00000000d5580000,0x00000000f0b00000,0x00000000f0b00000)
  from space 66560K, 99% used [0x00000000f0b00000,0x00000000f4bbe300,0x00000000f4c00000)
  to   space 125952K, 0% used [0x00000000f8500000,0x00000000f8500000,0x0000000100000000)
 ParOldGen       total 307200K, used 241744K [0x0000000080000000, 0x0000000092c00000, 0x00000000d5580000)
  object space 307200K, 78% used [0x0000000080000000,0x000000008ec14308,0x0000000092c00000)
 Metaspace       used 6669K, capacity 7320K, committed 7680K, reserved 1056768K
  class space    used 629K, capacity 656K, committed 768K, reserved 1048576K
Event: 24.027 GC heap after
Heap after GC invocations=14 (full 2):
 PSYoungGen      total 529920K, used 125477K [0x00000000d5580000, 0x0000000100000000, 0x0000000100000000)
  eden space 403968K, 0% used [0x00000000d5580000,0x00000000d5580000,0x00000000ee000000)
  from space 125952K, 99% used [0x00000000f8500000,0x00000000fff896f0,0x0000000100000000)
  to   space 147456K, 0% used [0x00000000ee000000,0x00000000ee000000,0x00000000f7000000)
 ParOldGen       total 307200K, used 241744K [0x0000000080000000, 0x0000000092c00000, 0x00000000d5580000)
  object space 307200K, 78% used [0x0000000080000000,0x000000008ec14308,0x0000000092c00000)
 Metaspace       used 6669K, capacity 7320K, committed 7680K, reserved 1056768K
  class space    used 629K, capacity 656K, committed 768K, reserved 1048576K
}
Event: 27.099 GC heap before
{Heap before GC invocations=15 (full 2):
 PSYoungGen      total 529920K, used 529445K [0x00000000d5580000, 0x0000000100000000, 0x0000000100000000)
  eden space 403968K, 100% used [0x00000000d5580000,0x00000000ee000000,0x00000000ee000000)
  from space 125952K, 99% used [0x00000000f8500000,0x00000000fff896f0,0x0000000100000000)
  to   space 147456K, 0% used [0x00000000ee000000,0x00000000ee000000,0x00000000f7000000)
 ParOldGen       total 307200K, used 241744K [0x0000000080000000, 0x0000000092c00000, 0x00000000d5580000)
  object space 307200K, 78% used [0x0000000080000000,0x000000008ec14308,0x0000000092c00000)
 Metaspace       used 6669K, capacity 7320K, committed 7680K, reserved 1056768K
  class space    used 629K, capacity 656K, committed 768K, reserved 1048576K
Event: 27.327 GC heap after
Heap after GC invocations=15 (full 2):
 PSYoungGen      total 551424K, used 147449K [0x00000000d5580000, 0x0000000100000000, 0x0000000100000000)
  eden space 403968K, 0% used [0x00000000d5580000,0x00000000d5580000,0x00000000ee000000)
  from space 147456K, 99% used [0x00000000ee000000,0x00000000f6ffe5a0,0x00000000f7000000)
  to   space 147456K, 0% used [0x00000000f7000000,0x00000000f7000000,0x0000000100000000)
 ParOldGen       total 307200K, used 281834K [0x0000000080000000, 0x0000000092c00000, 0x00000000d5580000)
  object space 307200K, 91% used [0x0000000080000000,0x000000009133abb0,0x0000000092c00000)
 Metaspace       used 6669K, capacity 7320K, committed 7680K, reserved 1056768K
  class space    used 629K, capacity 656K, committed 768K, reserved 1048576K
}
Event: 27.327 GC heap before
{Heap before GC invocations=16 (full 3):
 PSYoungGen      total 551424K, used 147449K [0x00000000d5580000, 0x0000000100000000, 0x0000000100000000)
  eden space 403968K, 0% used [0x00000000d5580000,0x00000000d5580000,0x00000000ee000000)
  from space 147456K, 99% used [0x00000000ee000000,0x00000000f6ffe5a0,0x00000000f7000000)
  to   space 147456K, 0% used [0x00000000f7000000,0x00000000f7000000,0x0000000100000000)
 ParOldGen       total 307200K, used 281834K [0x0000000080000000, 0x0000000092c00000, 0x00000000d5580000)
  object space 307200K, 91% used [0x0000000080000000,0x000000009133abb0,0x0000000092c00000)
 Metaspace       used 6669K, capacity 7320K, committed 7680K, reserved 1056768K
  class space    used 629K, capacity 656K, committed 768K, reserved 1048576K
Event: 30.037 GC heap after
Heap after GC invocations=16 (full 3):
 PSYoungGen      total 551424K, used 115841K [0x00000000d5580000, 0x0000000100000000, 0x0000000100000000)
  eden space 403968K, 0% used [0x00000000d5580000,0x00000000d5580000,0x00000000ee000000)
  from space 147456K, 78% used [0x00000000ee000000,0x00000000f5120608,0x00000000f7000000)
  to   space 147456K, 0% used [0x00000000f7000000,0x00000000f7000000,0x0000000100000000)
 ParOldGen       total 503808K, used 307027K [0x0000000080000000, 0x000000009ec00000, 0x00000000d5580000)
  object space 503808K, 60% used [0x0000000080000000,0x0000000092bd4f98,0x000000009ec00000)
 Metaspace       used 6669K, capacity 7320K, committed 7680K, reserved 1056768K
  class space    used 629K, capacity 656K, committed 768K, reserved 1048576K
}
Event: 31.893 GC heap before
{Heap before GC invocations=17 (full 3):
 PSYoungGen      total 551424K, used 519809K [0x00000000d5580000, 0x0000000100000000, 0x0000000100000000)
  eden space 403968K, 100% used [0x00000000d5580000,0x00000000ee000000,0x00000000ee000000)
  from space 147456K, 78% used [0x00000000ee000000,0x00000000f5120608,0x00000000f7000000)
  to   space 147456K, 0% used [0x00000000f7000000,0x00000000f7000000,0x0000000100000000)
 ParOldGen       total 503808K, used 307027K [0x0000000080000000, 0x000000009ec00000, 0x00000000d5580000)
  object space 503808K, 60% used [0x0000000080000000,0x0000000092bd4f98,0x000000009ec00000)
 Metaspace       used 6672K, capacity 7320K, committed 7680K, reserved 1056768K
  class space    used 629K, capacity 656K, committed 768K, reserved 1048576K

