# JRE version: Java(TM) SE Runtime Environment (8.0_102-b14) (build 1.8.0_102-b14)
# Java VM: Java HotSpot(TM) Client VM (25.102-b14 mixed mode windows-x86 )
Heap:
 def new generation   total 314560K, used 314559K [0x04a00000, 0x19f50000, 0x19f50000)
  eden space 279616K, 100% used [0x04a00000, 0x15b10000, 0x15b10000)
  from space 34944K,  99% used [0x17d30000, 0x19f4fff8, 0x19f50000)
  to   space 34944K,   0% used [0x15b10000, 0x15b10000, 0x17d30000)
 tenured generation   total 699072K, used 678566K [0x19f50000, 0x44a00000, 0x44a00000)
   the space 699072K,  97% used [0x19f50000, 0x435f9b08, 0x435f9c00, 0x44a00000)
 Metaspace       used 3483K, capacity 3496K, committed 3520K, reserved 4480K
GC Heap History (10 events):
Event: 11.783 GC heap after
Heap after GC invocations=97 (full 7):
 def new generation   total 194624K, used 21568K [0x04a00000, 0x11d20000, 0x19f50000)
  eden space 173056K,   0% used [0x04a00000, 0x04a00000, 0x0f300000)
  from space 21568K, 100% used [0x10810000, 0x11d20000, 0x11d20000)
  to   space 21568K,   0% used [0x0f300000, 0x0f300000, 0x10810000)
 tenured generation   total 432280K, used 425670K [0x19f50000, 0x34576000, 0x44a00000)
   the space 432280K,  98% used [0x19f50000, 0x33f01aa0, 0x33f01c00, 0x34576000)
 Metaspace       used 3483K, capacity 3496K, committed 3520K, reserved 4480K
}
Event: 12.684 GC heap before
{Heap before GC invocations=97 (full 7):
 def new generation   total 194624K, used 194624K [0x04a00000, 0x11d20000, 0x19f50000)
  eden space 173056K, 100% used [0x04a00000, 0x0f300000, 0x0f300000)
  from space 21568K, 100% used [0x10810000, 0x11d20000, 0x11d20000)
  to   space 21568K,   0% used [0x0f300000, 0x0f300000, 0x10810000)
 tenured generation   total 432280K, used 425670K [0x19f50000, 0x34576000, 0x44a00000)
   the space 432280K,  98% used [0x19f50000, 0x33f01aa0, 0x33f01c00, 0x34576000)
 Metaspace       used 3483K, capacity 3496K, committed 3520K, reserved 4480K
Event: 14.318 GC heap after
Heap after GC invocations=98 (full 8):
 def new generation   total 314560K, used 0K [0x04a00000, 0x19f50000, 0x19f50000)
  eden space 279616K,   0% used [0x04a00000, 0x04a00000, 0x15b10000)
  from space 34944K,   0% used [0x15b10000, 0x15b10000, 0x17d30000)
  to   space 34944K,   0% used [0x17d30000, 0x17d30000, 0x19f50000)
 tenured generation   total 699072K, used 484698K [0x19f50000, 0x44a00000, 0x44a00000)
   the space 699072K,  69% used [0x19f50000, 0x378a6a48, 0x378a6c00, 0x44a00000)
 Metaspace       used 3483K, capacity 3496K, committed 3520K, reserved 4480K
}
Event: 15.116 GC heap before
{Heap before GC invocations=98 (full 8):
 def new generation   total 314560K, used 279616K [0x04a00000, 0x19f50000, 0x19f50000)
  eden space 279616K, 100% used [0x04a00000, 0x15b10000, 0x15b10000)
  from space 34944K,   0% used [0x15b10000, 0x15b10000, 0x17d30000)
  to   space 34944K,   0% used [0x17d30000, 0x17d30000, 0x19f50000)
 tenured generation   total 699072K, used 484698K [0x19f50000, 0x44a00000, 0x44a00000)
   the space 699072K,  69% used [0x19f50000, 0x378a6a48, 0x378a6c00, 0x44a00000)
 Metaspace       used 3483K, capacity 3496K, committed 3520K, reserved 4480K
Event: 15.245 GC heap after
Heap after GC invocations=99 (full 8):
 def new generation   total 314560K, used 34943K [0x04a00000, 0x19f50000, 0x19f50000)
  eden space 279616K,   0% used [0x04a00000, 0x04a00000, 0x15b10000)
  from space 34944K,  99% used [0x17d30000, 0x19f4fff8, 0x19f50000)
  to   space 34944K,   0% used [0x15b10000, 0x15b10000, 0x17d30000)
 tenured generation   total 699072K, used 534456K [0x19f50000, 0x44a00000, 0x44a00000)
   the space 699072K,  76% used [0x19f50000, 0x3a93e3a8, 0x3a93e400, 0x44a00000)
 Metaspace       used 3483K, capacity 3496K, committed 3520K, reserved 4480K
}
Event: 16.049 GC heap before
{Heap before GC invocations=99 (full 8):
 def new generation   total 314560K, used 314559K [0x04a00000, 0x19f50000, 0x19f50000)
  eden space 279616K, 100% used [0x04a00000, 0x15b10000, 0x15b10000)
  from space 34944K,  99% used [0x17d30000, 0x19f4fff8, 0x19f50000)
  to   space 34944K,   0% used [0x15b10000, 0x15b10000, 0x17d30000)
 tenured generation   total 699072K, used 534456K [0x19f50000, 0x44a00000, 0x44a00000)
   the space 699072K,  76% used [0x19f50000, 0x3a93e3a8, 0x3a93e400, 0x44a00000)
 Metaspace       used 3483K, capacity 3496K, committed 3520K, reserved 4480K
Event: 16.208 GC heap after
Heap after GC invocations=100 (full 8):
 def new generation   total 314560K, used 34944K [0x04a00000, 0x19f50000, 0x19f50000)
  eden space 279616K,   0% used [0x04a00000, 0x04a00000, 0x15b10000)
  from space 34944K, 100% used [0x15b10000, 0x17d30000, 0x17d30000)
  to   space 34944K,   0% used [0x17d30000, 0x17d30000, 0x19f50000)
 tenured generation   total 699072K, used 599334K [0x19f50000, 0x44a00000, 0x44a00000)
   the space 699072K,  85% used [0x19f50000, 0x3e899898, 0x3e899a00, 0x44a00000)
 Metaspace       used 3483K, capacity 3496K, committed 3520K, reserved 4480K
}
Event: 17.369 GC heap before
{Heap before GC invocations=100 (full 8):
 def new generation   total 314560K, used 314560K [0x04a00000, 0x19f50000, 0x19f50000)
  eden space 279616K, 100% used [0x04a00000, 0x15b10000, 0x15b10000)
  from space 34944K, 100% used [0x15b10000, 0x17d30000, 0x17d30000)
  to   space 34944K,   0% used [0x17d30000, 0x17d30000, 0x19f50000)
 tenured generation   total 699072K, used 599334K [0x19f50000, 0x44a00000, 0x44a00000)
   the space 699072K,  85% used [0x19f50000, 0x3e899898, 0x3e899a00, 0x44a00000)
 Metaspace       used 3483K, capacity 3496K, committed 3520K, reserved 4480K
Event: 17.525 GC heap after
Heap after GC invocations=101 (full 8):
 def new generation   total 314560K, used 34943K [0x04a00000, 0x19f50000, 0x19f50000)
  eden space 279616K,   0% used [0x04a00000, 0x04a00000, 0x15b10000)
  from space 34944K,  99% used [0x17d30000, 0x19f4fff8, 0x19f50000)
  to   space 34944K,   0% used [0x15b10000, 0x15b10000, 0x17d30000)
 tenured generation   total 699072K, used 678566K [0x19f50000, 0x44a00000, 0x44a00000)
   the space 699072K,  97% used [0x19f50000, 0x435f9b08, 0x435f9c00, 0x44a00000)
 Metaspace       used 3483K, capacity 3496K, committed 3520K, reserved 4480K
}
Event: 18.127 GC heap before
{Heap before GC invocations=101 (full 8):
 def new generation   total 314560K, used 314559K [0x04a00000, 0x19f50000, 0x19f50000)
  eden space 279616K, 100% used [0x04a00000, 0x15b10000, 0x15b10000)
  from space 34944K,  99% used [0x17d30000, 0x19f4fff8, 0x19f50000)
  to   space 34944K,   0% used [0x15b10000, 0x15b10000, 0x17d30000)
 tenured generation   total 699072K, used 678566K [0x19f50000, 0x44a00000, 0x44a00000)
   the space 699072K,  97% used [0x19f50000, 0x435f9b08, 0x435f9c00, 0x44a00000)
 Metaspace       used 3483K, capacity 3496K, committed 3520K, reserved 4480K

