# JRE version: Java(TM) SE Runtime Environment (8.0_102-b14) (build 1.8.0_102-b14)
# Java VM: Java HotSpot(TM) Client VM (25.102-b14 mixed mode windows-x86 )
Heap:
 def new generation   total 314560K, used 314559K [0x04800000, 0x19d50000, 0x19d50000)
  eden space 279616K, 100% used [0x04800000, 0x15910000, 0x15910000)
  from space 34944K,  99% used [0x15910000, 0x17b2fff8, 0x17b30000)
  to   space 34944K,   0% used [0x17b30000, 0x17b30000, 0x19d50000)
 tenured generation   total 699072K, used 668487K [0x19d50000, 0x44800000, 0x44800000)
   the space 699072K,  95% used [0x19d50000, 0x42a21ed0, 0x42a22000, 0x44800000)
 Metaspace       used 3484K, capacity 3496K, committed 3520K, reserved 4480K
GC Heap History (10 events):
Event: 11.545 GC heap after
Heap after GC invocations=97 (full 7):
 def new generation   total 195264K, used 21632K [0x04800000, 0x11bd0000, 0x19d50000)
  eden space 173632K,   0% used [0x04800000, 0x04800000, 0x0f190000)
  from space 21632K, 100% used [0x0f190000, 0x106b0000, 0x106b0000)
  to   space 21632K,   0% used [0x106b0000, 0x106b0000, 0x11bd0000)
 tenured generation   total 433660K, used 398188K [0x19d50000, 0x344cf000, 0x44800000)
   the space 433660K,  91% used [0x19d50000, 0x3222b360, 0x3222b400, 0x344cf000)
 Metaspace       used 3484K, capacity 3496K, committed 3520K, reserved 4480K
}
Event: 11.924 GC heap before
{Heap before GC invocations=97 (full 7):
 def new generation   total 195264K, used 195264K [0x04800000, 0x11bd0000, 0x19d50000)
  eden space 173632K, 100% used [0x04800000, 0x0f190000, 0x0f190000)
  from space 21632K, 100% used [0x0f190000, 0x106b0000, 0x106b0000)
  to   space 21632K,   0% used [0x106b0000, 0x106b0000, 0x11bd0000)
 tenured generation   total 433660K, used 398188K [0x19d50000, 0x344cf000, 0x44800000)
   the space 433660K,  91% used [0x19d50000, 0x3222b360, 0x3222b400, 0x344cf000)
 Metaspace       used 3484K, capacity 3496K, committed 3520K, reserved 4480K
Event: 12.058 GC heap after
Heap after GC invocations=98 (full 7):
 def new generation   total 195264K, used 21631K [0x04800000, 0x11bd0000, 0x19d50000)
  eden space 173632K,   0% used [0x04800000, 0x04800000, 0x0f190000)
  from space 21632K,  99% used [0x106b0000, 0x11bcfff8, 0x11bd0000)
  to   space 21632K,   0% used [0x0f190000, 0x0f190000, 0x106b0000)
 tenured generation   total 433660K, used 428607K [0x19d50000, 0x344cf000, 0x44800000)
   the space 433660K,  98% used [0x19d50000, 0x33fdfd18, 0x33fdfe00, 0x344cf000)
 Metaspace       used 3484K, capacity 3496K, committed 3520K, reserved 4480K
}
Event: 12.911 GC heap before
{Heap before GC invocations=98 (full 7):
 def new generation   total 195264K, used 195263K [0x04800000, 0x11bd0000, 0x19d50000)
  eden space 173632K, 100% used [0x04800000, 0x0f190000, 0x0f190000)
  from space 21632K,  99% used [0x106b0000, 0x11bcfff8, 0x11bd0000)
  to   space 21632K,   0% used [0x0f190000, 0x0f190000, 0x106b0000)
 tenured generation   total 433660K, used 428607K [0x19d50000, 0x344cf000, 0x44800000)
   the space 433660K,  98% used [0x19d50000, 0x33fdfd18, 0x33fdfe00, 0x344cf000)
 Metaspace       used 3484K, capacity 3496K, committed 3520K, reserved 4480K
Event: 14.527 GC heap after
Heap after GC invocations=99 (full 8):
 def new generation   total 314560K, used 0K [0x04800000, 0x19d50000, 0x19d50000)
  eden space 279616K,   0% used [0x04800000, 0x04800000, 0x15910000)
  from space 34944K,   0% used [0x15910000, 0x15910000, 0x17b30000)
  to   space 34944K,   0% used [0x17b30000, 0x17b30000, 0x19d50000)
 tenured generation   total 699072K, used 460723K [0x19d50000, 0x44800000, 0x44800000)
   the space 699072K,  65% used [0x19d50000, 0x35f3cd38, 0x35f3ce00, 0x44800000)
 Metaspace       used 3484K, capacity 3496K, committed 3520K, reserved 4480K
}
Event: 15.236 GC heap before
{Heap before GC invocations=99 (full 8):
 def new generation   total 314560K, used 279616K [0x04800000, 0x19d50000, 0x19d50000)
  eden space 279616K, 100% used [0x04800000, 0x15910000, 0x15910000)
  from space 34944K,   0% used [0x15910000, 0x15910000, 0x17b30000)
  to   space 34944K,   0% used [0x17b30000, 0x17b30000, 0x19d50000)
 tenured generation   total 699072K, used 460723K [0x19d50000, 0x44800000, 0x44800000)
   the space 699072K,  65% used [0x19d50000, 0x35f3cd38, 0x35f3ce00, 0x44800000)
 Metaspace       used 3484K, capacity 3496K, committed 3520K, reserved 4480K
Event: 15.424 GC heap after
Heap after GC invocations=100 (full 8):
 def new generation   total 314560K, used 34944K [0x04800000, 0x19d50000, 0x19d50000)
  eden space 279616K,   0% used [0x04800000, 0x04800000, 0x15910000)
  from space 34944K, 100% used [0x17b30000, 0x19d50000, 0x19d50000)
  to   space 34944K,   0% used [0x15910000, 0x15910000, 0x17b30000)
 tenured generation   total 699072K, used 553834K [0x19d50000, 0x44800000, 0x44800000)
   the space 699072K,  79% used [0x19d50000, 0x3ba2abe0, 0x3ba2ac00, 0x44800000)
 Metaspace       used 3484K, capacity 3496K, committed 3520K, reserved 4480K
}
Event: 16.348 GC heap before
{Heap before GC invocations=100 (full 8):
 def new generation   total 314560K, used 314560K [0x04800000, 0x19d50000, 0x19d50000)
  eden space 279616K, 100% used [0x04800000, 0x15910000, 0x15910000)
  from space 34944K, 100% used [0x17b30000, 0x19d50000, 0x19d50000)
  to   space 34944K,   0% used [0x15910000, 0x15910000, 0x17b30000)
 tenured generation   total 699072K, used 553834K [0x19d50000, 0x44800000, 0x44800000)
   the space 699072K,  79% used [0x19d50000, 0x3ba2abe0, 0x3ba2ac00, 0x44800000)
 Metaspace       used 3484K, capacity 3496K, committed 3520K, reserved 4480K
Event: 16.585 GC heap after
Heap after GC invocations=101 (full 8):
 def new generation   total 314560K, used 34943K [0x04800000, 0x19d50000, 0x19d50000)
  eden space 279616K,   0% used [0x04800000, 0x04800000, 0x15910000)
  from space 34944K,  99% used [0x15910000, 0x17b2fff8, 0x17b30000)
  to   space 34944K,   0% used [0x17b30000, 0x17b30000, 0x19d50000)
 tenured generation   total 699072K, used 668487K [0x19d50000, 0x44800000, 0x44800000)
   the space 699072K,  95% used [0x19d50000, 0x42a21ed0, 0x42a22000, 0x44800000)
 Metaspace       used 3484K, capacity 3496K, committed 3520K, reserved 4480K
}
Event: 17.674 GC heap before
{Heap before GC invocations=101 (full 8):
 def new generation   total 314560K, used 314559K [0x04800000, 0x19d50000, 0x19d50000)
  eden space 279616K, 100% used [0x04800000, 0x15910000, 0x15910000)
  from space 34944K,  99% used [0x15910000, 0x17b2fff8, 0x17b30000)
  to   space 34944K,   0% used [0x17b30000, 0x17b30000, 0x19d50000)
 tenured generation   total 699072K, used 668487K [0x19d50000, 0x44800000, 0x44800000)
   the space 699072K,  95% used [0x19d50000, 0x42a21ed0, 0x42a22000, 0x44800000)
 Metaspace       used 3484K, capacity 3496K, committed 3520K, reserved 4480K

