# JRE version: Java(TM) SE Runtime Environment (8.0_91-b15) (build 1.8.0_91-b15)
# Java VM: Java HotSpot(TM) 64-Bit Server VM (25.91-b15 mixed mode windows-amd64 compressed oops)
Heap:
 PSYoungGen      total 538112K, used 279747K [0x00000000d5580000, 0x0000000100000000, 0x0000000100000000)
  eden space 449024K, 46% used [0x00000000d5580000,0x00000000e208a5f0,0x00000000f0c00000)
  from space 89088K, 80% used [0x00000000fa900000,0x00000000fef26978,0x0000000100000000)
  to   space 124928K, 0% used [0x00000000f0c00000,0x00000000f0c00000,0x00000000f8600000)
 ParOldGen       total 171520K, used 171367K [0x0000000080000000, 0x000000008a780000, 0x00000000d5580000)
  object space 171520K, 99% used [0x0000000080000000,0x000000008a759cd8,0x000000008a780000)
 Metaspace       used 6643K, capacity 7320K, committed 7680K, reserved 1056768K
  class space    used 628K, capacity 656K, committed 768K, reserved 1048576K
GC Heap History (10 events):
Event: 4.761 GC heap before
{Heap before GC invocations=8 (full 0):
 PSYoungGen      total 288768K, used 288761K [0x00000000d5580000, 0x00000000fb380000, 0x0000000100000000)
  eden space 260096K, 100% used [0x00000000d5580000,0x00000000e5380000,0x00000000e5380000)
  from space 28672K, 99% used [0x00000000e5380000,0x00000000e6f7e560,0x00000000e6f80000)
  to   space 50176K, 0% used [0x00000000f8280000,0x00000000f8280000,0x00000000fb380000)
 ParOldGen       total 87552K, used 57893K [0x0000000080000000, 0x0000000085580000, 0x00000000d5580000)
  object space 87552K, 66% used [0x0000000080000000,0x0000000083889468,0x0000000085580000)
 Metaspace       used 6611K, capacity 7256K, committed 7424K, reserved 1056768K
  class space    used 627K, capacity 656K, committed 768K, reserved 1048576K
Event: 4.976 GC heap after
Heap after GC invocations=8 (full 0):
 PSYoungGen      total 552960K, used 50149K [0x00000000d5580000, 0x00000000fd580000, 0x0000000100000000)
  eden space 502784K, 0% used [0x00000000d5580000,0x00000000d5580000,0x00000000f4080000)
  from space 50176K, 99% used [0x00000000f8280000,0x00000000fb379608,0x00000000fb380000)
  to   space 67584K, 0% used [0x00000000f4080000,0x00000000f4080000,0x00000000f8280000)
 ParOldGen       total 87552K, used 74386K [0x0000000080000000, 0x0000000085580000, 0x00000000d5580000)
  object space 87552K, 84% used [0x0000000080000000,0x00000000848a4b08,0x0000000085580000)
 Metaspace       used 6611K, capacity 7256K, committed 7424K, reserved 1056768K
  class space    used 627K, capacity 656K, committed 768K, reserved 1048576K
}
Event: 4.976 GC heap before
{Heap before GC invocations=9 (full 1):
 PSYoungGen      total 552960K, used 50149K [0x00000000d5580000, 0x00000000fd580000, 0x0000000100000000)
  eden space 502784K, 0% used [0x00000000d5580000,0x00000000d5580000,0x00000000f4080000)
  from space 50176K, 99% used [0x00000000f8280000,0x00000000fb379608,0x00000000fb380000)
  to   space 67584K, 0% used [0x00000000f4080000,0x00000000f4080000,0x00000000f8280000)
 ParOldGen       total 87552K, used 74386K [0x0000000080000000, 0x0000000085580000, 0x00000000d5580000)
  object space 87552K, 84% used [0x0000000080000000,0x00000000848a4b08,0x0000000085580000)
 Metaspace       used 6611K, capacity 7256K, committed 7424K, reserved 1056768K
  class space    used 627K, capacity 656K, committed 768K, reserved 1048576K
Event: 6.525 GC heap after
Heap after GC invocations=9 (full 1):
 PSYoungGen      total 552960K, used 33123K [0x00000000d5580000, 0x00000000fd580000, 0x0000000100000000)
  eden space 502784K, 0% used [0x00000000d5580000,0x00000000d5580000,0x00000000f4080000)
  from space 50176K, 66% used [0x00000000f8280000,0x00000000fa2d8e60,0x00000000fb380000)
  to   space 67584K, 0% used [0x00000000f4080000,0x00000000f4080000,0x00000000f8280000)
 ParOldGen       total 171520K, used 87212K [0x0000000080000000, 0x000000008a780000, 0x00000000d5580000)
  object space 171520K, 50% used [0x0000000080000000,0x000000008552b3e8,0x000000008a780000)
 Metaspace       used 6611K, capacity 7256K, committed 7424K, reserved 1056768K
  class space    used 627K, capacity 656K, committed 768K, reserved 1048576K
}
Event: 7.979 GC heap before
{Heap before GC invocations=10 (full 1):
 PSYoungGen      total 552960K, used 535907K [0x00000000d5580000, 0x00000000fd580000, 0x0000000100000000)
  eden space 502784K, 100% used [0x00000000d5580000,0x00000000f4080000,0x00000000f4080000)
  from space 50176K, 66% used [0x00000000f8280000,0x00000000fa2d8e60,0x00000000fb380000)
  to   space 67584K, 0% used [0x00000000f4080000,0x00000000f4080000,0x00000000f8280000)
 ParOldGen       total 171520K, used 87212K [0x0000000080000000, 0x000000008a780000, 0x00000000d5580000)
  object space 171520K, 50% used [0x0000000080000000,0x000000008552b3e8,0x000000008a780000)
 Metaspace       used 6626K, capacity 7256K, committed 7424K, reserved 1056768K
  class space    used 628K, capacity 656K, committed 768K, reserved 1048576K
Event: 8.309 GC heap after
Heap after GC invocations=10 (full 1):
 PSYoungGen      total 570368K, used 67561K [0x00000000d5580000, 0x0000000100000000, 0x0000000100000000)
  eden space 502784K, 0% used [0x00000000d5580000,0x00000000d5580000,0x00000000f4080000)
  from space 67584K, 99% used [0x00000000f4080000,0x00000000f827a798,0x00000000f8280000)
  to   space 89088K, 0% used [0x00000000fa900000,0x00000000fa900000,0x0000000100000000)
 ParOldGen       total 171520K, used 108529K [0x0000000080000000, 0x000000008a780000, 0x00000000d5580000)
  object space 171520K, 63% used [0x0000000080000000,0x00000000869fc630,0x000000008a780000)
 Metaspace       used 6626K, capacity 7256K, committed 7424K, reserved 1056768K
  class space    used 628K, capacity 656K, committed 768K, reserved 1048576K
}
Event: 12.888 GC heap before
{Heap before GC invocations=11 (full 1):
 PSYoungGen      total 570368K, used 570345K [0x00000000d5580000, 0x0000000100000000, 0x0000000100000000)
  eden space 502784K, 100% used [0x00000000d5580000,0x00000000f4080000,0x00000000f4080000)
  from space 67584K, 99% used [0x00000000f4080000,0x00000000f827a798,0x00000000f8280000)
  to   space 89088K, 0% used [0x00000000fa900000,0x00000000fa900000,0x0000000100000000)
 ParOldGen       total 171520K, used 108529K [0x0000000080000000, 0x000000008a780000, 0x00000000d5580000)
  object space 171520K, 63% used [0x0000000080000000,0x00000000869fc630,0x000000008a780000)
 Metaspace       used 6637K, capacity 7320K, committed 7680K, reserved 1056768K
  class space    used 628K, capacity 656K, committed 768K, reserved 1048576K
Event: 13.268 GC heap after
Heap after GC invocations=11 (full 1):
 PSYoungGen      total 538112K, used 89056K [0x00000000d5580000, 0x0000000100000000, 0x0000000100000000)
  eden space 449024K, 0% used [0x00000000d5580000,0x00000000d5580000,0x00000000f0c00000)
  from space 89088K, 99% used [0x00000000fa900000,0x00000000ffff80b8,0x0000000100000000)
  to   space 124928K, 0% used [0x00000000f0c00000,0x00000000f0c00000,0x00000000f8600000)
 ParOldGen       total 171520K, used 163708K [0x0000000080000000, 0x000000008a780000, 0x00000000d5580000)
  object space 171520K, 95% used [0x0000000080000000,0x0000000089fdf3b8,0x000000008a780000)
 Metaspace       used 6637K, capacity 7320K, committed 7680K, reserved 1056768K
  class space    used 628K, capacity 656K, committed 768K, reserved 1048576K
}
Event: 13.268 GC heap before
{Heap before GC invocations=12 (full 2):
 PSYoungGen      total 538112K, used 89056K [0x00000000d5580000, 0x0000000100000000, 0x0000000100000000)
  eden space 449024K, 0% used [0x00000000d5580000,0x00000000d5580000,0x00000000f0c00000)
  from space 89088K, 99% used [0x00000000fa900000,0x00000000ffff80b8,0x0000000100000000)
  to   space 124928K, 0% used [0x00000000f0c00000,0x00000000f0c00000,0x00000000f8600000)
 ParOldGen       total 171520K, used 163708K [0x0000000080000000, 0x000000008a780000, 0x00000000d5580000)
  object space 171520K, 95% used [0x0000000080000000,0x0000000089fdf3b8,0x000000008a780000)
 Metaspace       used 6637K, capacity 7320K, committed 7680K, reserved 1056768K
  class space    used 628K, capacity 656K, committed 768K, reserved 1048576K
Event: 14.714 GC heap after
Heap after GC invocations=12 (full 2):
 PSYoungGen      total 538112K, used 71834K [0x00000000d5580000, 0x0000000100000000, 0x0000000100000000)
  eden space 449024K, 0% used [0x00000000d5580000,0x00000000d5580000,0x00000000f0c00000)
  from space 89088K, 80% used [0x00000000fa900000,0x00000000fef26978,0x0000000100000000)
  to   space 124928K, 0% used [0x00000000f0c00000,0x00000000f0c00000,0x00000000f8600000)
 ParOldGen       total 171520K, used 171367K [0x0000000080000000, 0x000000008a780000, 0x00000000d5580000)
  object space 171520K, 99% used [0x0000000080000000,0x000000008a759cd8,0x000000008a780000)
 Metaspace       used 6637K, capacity 7320K, committed 7680K, reserved 1056768K
  class space    used 628K, capacity 656K, committed 768K, reserved 1048576K
}

