# JRE version: Java(TM) SE Runtime Environment (8.0_91-b15) (build 1.8.0_91-b15)
# Java VM: Java HotSpot(TM) 64-Bit Server VM (25.91-b15 mixed mode windows-amd64 compressed oops)
Heap:
 PSYoungGen      total 548864K, used 75353K [0x00000000d5580000, 0x0000000100000000, 0x0000000100000000)
  eden space 398848K, 4% used [0x00000000d5580000,0x00000000d665c770,0x00000000edb00000)
  from space 150016K, 38% used [0x00000000edb00000,0x00000000f13b9c98,0x00000000f6d80000)
  to   space 144896K, 0% used [0x00000000f7280000,0x00000000f7280000,0x0000000100000000)
 ParOldGen       total 609792K, used 371683K [0x0000000080000000, 0x00000000a5380000, 0x00000000d5580000)
  object space 609792K, 60% used [0x0000000080000000,0x0000000096af8f40,0x00000000a5380000)
 Metaspace       used 6652K, capacity 7320K, committed 7680K, reserved 1056768K
  class space    used 629K, capacity 656K, committed 768K, reserved 1048576K
GC Heap History (10 events):
Event: 13.473 GC heap before
{Heap before GC invocations=12 (full 2):
 PSYoungGen      total 538112K, used 89083K [0x00000000d5580000, 0x0000000100000000, 0x0000000100000000)
  eden space 449024K, 0% used [0x00000000d5580000,0x00000000d5580000,0x00000000f0c00000)
  from space 89088K, 99% used [0x00000000fa900000,0x00000000ffffecf0,0x0000000100000000)
  to   space 124928K, 0% used [0x00000000f0c00000,0x00000000f0c00000,0x00000000f8600000)
 ParOldGen       total 173568K, used 162406K [0x0000000080000000, 0x000000008a980000, 0x00000000d5580000)
  object space 173568K, 93% used [0x0000000080000000,0x0000000089e99a50,0x000000008a980000)
 Metaspace       used 6631K, capacity 7320K, committed 7680K, reserved 1056768K
  class space    used 627K, capacity 656K, committed 768K, reserved 1048576K
Event: 14.691 GC heap after
Heap after GC invocations=12 (full 2):
 PSYoungGen      total 538112K, used 69956K [0x00000000d5580000, 0x0000000100000000, 0x0000000100000000)
  eden space 449024K, 0% used [0x00000000d5580000,0x00000000d5580000,0x00000000f0c00000)
  from space 89088K, 78% used [0x00000000fa900000,0x00000000fed510e8,0x0000000100000000)
  to   space 124928K, 0% used [0x00000000f0c00000,0x00000000f0c00000,0x00000000f8600000)
 ParOldGen       total 317952K, used 173567K [0x0000000080000000, 0x0000000093680000, 0x00000000d5580000)
  object space 317952K, 54% used [0x0000000080000000,0x000000008a97fc00,0x0000000093680000)
 Metaspace       used 6631K, capacity 7320K, committed 7680K, reserved 1056768K
  class space    used 627K, capacity 656K, committed 768K, reserved 1048576K
}
Event: 16.436 GC heap before
{Heap before GC invocations=13 (full 2):
 PSYoungGen      total 538112K, used 518980K [0x00000000d5580000, 0x0000000100000000, 0x0000000100000000)
  eden space 449024K, 100% used [0x00000000d5580000,0x00000000f0c00000,0x00000000f0c00000)
  from space 89088K, 78% used [0x00000000fa900000,0x00000000fed510e8,0x0000000100000000)
  to   space 124928K, 0% used [0x00000000f0c00000,0x00000000f0c00000,0x00000000f8600000)
 ParOldGen       total 317952K, used 173567K [0x0000000080000000, 0x0000000093680000, 0x00000000d5580000)
  object space 317952K, 54% used [0x0000000080000000,0x000000008a97fc00,0x0000000093680000)
 Metaspace       used 6638K, capacity 7320K, committed 7680K, reserved 1056768K
  class space    used 627K, capacity 656K, committed 768K, reserved 1048576K
Event: 16.852 GC heap after
Heap after GC invocations=13 (full 2):
 PSYoungGen      total 520192K, used 70794K [0x00000000d5580000, 0x0000000100000000, 0x0000000100000000)
  eden space 449024K, 0% used [0x00000000d5580000,0x00000000d5580000,0x00000000f0c00000)
  from space 71168K, 99% used [0x00000000f0c00000,0x00000000f5122800,0x00000000f5180000)
  to   space 127488K, 0% used [0x00000000f8380000,0x00000000f8380000,0x0000000100000000)
 ParOldGen       total 317952K, used 243929K [0x0000000080000000, 0x0000000093680000, 0x00000000d5580000)
  object space 317952K, 76% used [0x0000000080000000,0x000000008ee366d0,0x0000000093680000)
 Metaspace       used 6638K, capacity 7320K, committed 7680K, reserved 1056768K
  class space    used 627K, capacity 656K, committed 768K, reserved 1048576K
}
Event: 18.652 GC heap before
{Heap before GC invocations=14 (full 2):
 PSYoungGen      total 520192K, used 519818K [0x00000000d5580000, 0x0000000100000000, 0x0000000100000000)
  eden space 449024K, 100% used [0x00000000d5580000,0x00000000f0c00000,0x00000000f0c00000)
  from space 71168K, 99% used [0x00000000f0c00000,0x00000000f5122800,0x00000000f5180000)
  to   space 127488K, 0% used [0x00000000f8380000,0x00000000f8380000,0x0000000100000000)
 ParOldGen       total 317952K, used 243929K [0x0000000080000000, 0x0000000093680000, 0x00000000d5580000)
  object space 317952K, 76% used [0x0000000080000000,0x000000008ee366d0,0x0000000093680000)
 Metaspace       used 6649K, capacity 7320K, committed 7680K, reserved 1056768K
  class space    used 628K, capacity 656K, committed 768K, reserved 1048576K
Event: 18.850 GC heap after
Heap after GC invocations=14 (full 2):
 PSYoungGen      total 526336K, used 127475K [0x00000000d5580000, 0x0000000100000000, 0x0000000100000000)
  eden space 398848K, 0% used [0x00000000d5580000,0x00000000d5580000,0x00000000edb00000)
  from space 127488K, 99% used [0x00000000f8380000,0x00000000ffffcce8,0x0000000100000000)
  to   space 150016K, 0% used [0x00000000edb00000,0x00000000edb00000,0x00000000f6d80000)
 ParOldGen       total 317952K, used 244878K [0x0000000080000000, 0x0000000093680000, 0x00000000d5580000)
  object space 317952K, 77% used [0x0000000080000000,0x000000008ef23bc0,0x0000000093680000)
 Metaspace       used 6649K, capacity 7320K, committed 7680K, reserved 1056768K
  class space    used 628K, capacity 656K, committed 768K, reserved 1048576K
}
Event: 20.389 GC heap before
{Heap before GC invocations=15 (full 2):
 PSYoungGen      total 526336K, used 526323K [0x00000000d5580000, 0x0000000100000000, 0x0000000100000000)
  eden space 398848K, 100% used [0x00000000d5580000,0x00000000edb00000,0x00000000edb00000)
  from space 127488K, 99% used [0x00000000f8380000,0x00000000ffffcce8,0x0000000100000000)
  to   space 150016K, 0% used [0x00000000edb00000,0x00000000edb00000,0x00000000f6d80000)
 ParOldGen       total 317952K, used 244878K [0x0000000080000000, 0x0000000093680000, 0x00000000d5580000)
  object space 317952K, 77% used [0x0000000080000000,0x000000008ef23bc0,0x0000000093680000)
 Metaspace       used 6652K, capacity 7320K, committed 7680K, reserved 1056768K
  class space    used 629K, capacity 656K, committed 768K, reserved 1048576K
Event: 20.635 GC heap after
Heap after GC invocations=15 (full 2):
 PSYoungGen      total 548864K, used 66087K [0x00000000d5580000, 0x0000000100000000, 0x0000000100000000)
  eden space 398848K, 0% used [0x00000000d5580000,0x00000000d5580000,0x00000000edb00000)
  from space 150016K, 44% used [0x00000000edb00000,0x00000000f1b89e78,0x00000000f6d80000)
  to   space 144896K, 0% used [0x00000000f7280000,0x00000000f7280000,0x0000000100000000)
 ParOldGen       total 371712K, used 371428K [0x0000000080000000, 0x0000000096b00000, 0x00000000d5580000)
  object space 371712K, 99% used [0x0000000080000000,0x0000000096ab90c8,0x0000000096b00000)
 Metaspace       used 6652K, capacity 7320K, committed 7680K, reserved 1056768K
  class space    used 629K, capacity 656K, committed 768K, reserved 1048576K
}
Event: 20.635 GC heap before
{Heap before GC invocations=16 (full 3):
 PSYoungGen      total 548864K, used 66087K [0x00000000d5580000, 0x0000000100000000, 0x0000000100000000)
  eden space 398848K, 0% used [0x00000000d5580000,0x00000000d5580000,0x00000000edb00000)
  from space 150016K, 44% used [0x00000000edb00000,0x00000000f1b89e78,0x00000000f6d80000)
  to   space 144896K, 0% used [0x00000000f7280000,0x00000000f7280000,0x0000000100000000)
 ParOldGen       total 371712K, used 371428K [0x0000000080000000, 0x0000000096b00000, 0x00000000d5580000)
  object space 371712K, 99% used [0x0000000080000000,0x0000000096ab90c8,0x0000000096b00000)
 Metaspace       used 6652K, capacity 7320K, committed 7680K, reserved 1056768K
  class space    used 629K, capacity 656K, committed 768K, reserved 1048576K
Event: 22.813 GC heap after
Heap after GC invocations=16 (full 3):
 PSYoungGen      total 548864K, used 58087K [0x00000000d5580000, 0x0000000100000000, 0x0000000100000000)
  eden space 398848K, 0% used [0x00000000d5580000,0x00000000d5580000,0x00000000edb00000)
  from space 150016K, 38% used [0x00000000edb00000,0x00000000f13b9c98,0x00000000f6d80000)
  to   space 144896K, 0% used [0x00000000f7280000,0x00000000f7280000,0x0000000100000000)
 ParOldGen       total 609792K, used 371683K [0x0000000080000000, 0x00000000a5380000, 0x00000000d5580000)
  object space 609792K, 60% used [0x0000000080000000,0x0000000096af8f40,0x00000000a5380000)
 Metaspace       used 6652K, capacity 7320K, committed 7680K, reserved 1056768K
  class space    used 629K, capacity 656K, committed 768K, reserved 1048576K
}

