# JRE version: Java(TM) SE Runtime Environment (8.0_91-b15) (build 1.8.0_91-b15)
# Java VM: Java HotSpot(TM) 64-Bit Server VM (25.91-b15 mixed mode windows-amd64 compressed oops)
Heap:
 PSYoungGen      total 524800K, used 457216K [0x00000000d5580000, 0x0000000100000000, 0x0000000100000000)
  eden space 457216K, 100% used [0x00000000d5580000,0x00000000f1400000,0x00000000f1400000)
  from space 67584K, 0% used [0x00000000f1400000,0x00000000f1400000,0x00000000f5600000)
  to   space 121856K, 0% used [0x00000000f8900000,0x00000000f8900000,0x0000000100000000)
 ParOldGen       total 328704K, used 328649K [0x0000000080000000, 0x0000000094100000, 0x00000000d5580000)
  object space 328704K, 99% used [0x0000000080000000,0x00000000940f2420,0x0000000094100000)
 Metaspace       used 6664K, capacity 7320K, committed 7680K, reserved 1056768K
  class space    used 629K, capacity 656K, committed 768K, reserved 1048576K
GC Heap History (10 events):
Event: 17.839 GC heap after
Heap after GC invocations=15 (full 2):
 PSYoungGen      total 519168K, used 63952K [0x00000000d5580000, 0x00000000fef80000, 0x0000000100000000)
  eden space 429568K, 0% used [0x00000000d5580000,0x00000000d5580000,0x00000000ef900000)
  from space 89600K, 71% used [0x00000000ef900000,0x00000000f3774288,0x00000000f5080000)
  to   space 95744K, 0% used [0x00000000f9200000,0x00000000f9200000,0x00000000fef80000)
 ParOldGen       total 301056K, used 209799K [0x0000000080000000, 0x0000000092600000, 0x00000000d5580000)
  object space 301056K, 69% used [0x0000000080000000,0x000000008cce1cb8,0x0000000092600000)
 Metaspace       used 6646K, capacity 7320K, committed 7680K, reserved 1056768K
  class space    used 627K, capacity 656K, committed 768K, reserved 1048576K
}
Event: 19.774 GC heap before
{Heap before GC invocations=16 (full 2):
 PSYoungGen      total 519168K, used 493520K [0x00000000d5580000, 0x00000000fef80000, 0x0000000100000000)
  eden space 429568K, 100% used [0x00000000d5580000,0x00000000ef900000,0x00000000ef900000)
  from space 89600K, 71% used [0x00000000ef900000,0x00000000f3774288,0x00000000f5080000)
  to   space 95744K, 0% used [0x00000000f9200000,0x00000000f9200000,0x00000000fef80000)
 ParOldGen       total 301056K, used 209799K [0x0000000080000000, 0x0000000092600000, 0x00000000d5580000)
  object space 301056K, 69% used [0x0000000080000000,0x000000008cce1cb8,0x0000000092600000)
 Metaspace       used 6661K, capacity 7320K, committed 7680K, reserved 1056768K
  class space    used 629K, capacity 656K, committed 768K, reserved 1048576K
Event: 19.973 GC heap after
Heap after GC invocations=16 (full 2):
 PSYoungGen      total 552960K, used 95734K [0x00000000d5580000, 0x0000000100000000, 0x0000000100000000)
  eden space 457216K, 0% used [0x00000000d5580000,0x00000000d5580000,0x00000000f1400000)
  from space 95744K, 99% used [0x00000000f9200000,0x00000000fef7d988,0x00000000fef80000)
  to   space 120832K, 0% used [0x00000000f1400000,0x00000000f1400000,0x00000000f8a00000)
 ParOldGen       total 301056K, used 232355K [0x0000000080000000, 0x0000000092600000, 0x00000000d5580000)
  object space 301056K, 77% used [0x0000000080000000,0x000000008e2e8c58,0x0000000092600000)
 Metaspace       used 6661K, capacity 7320K, committed 7680K, reserved 1056768K
  class space    used 629K, capacity 656K, committed 768K, reserved 1048576K
}
Event: 23.074 GC heap before
{Heap before GC invocations=17 (full 2):
 PSYoungGen      total 552960K, used 552950K [0x00000000d5580000, 0x0000000100000000, 0x0000000100000000)
  eden space 457216K, 100% used [0x00000000d5580000,0x00000000f1400000,0x00000000f1400000)
  from space 95744K, 99% used [0x00000000f9200000,0x00000000fef7d988,0x00000000fef80000)
  to   space 120832K, 0% used [0x00000000f1400000,0x00000000f1400000,0x00000000f8a00000)
 ParOldGen       total 301056K, used 232355K [0x0000000080000000, 0x0000000092600000, 0x00000000d5580000)
  object space 301056K, 77% used [0x0000000080000000,0x000000008e2e8c58,0x0000000092600000)
 Metaspace       used 6661K, capacity 7320K, committed 7680K, reserved 1056768K
  class space    used 629K, capacity 656K, committed 768K, reserved 1048576K
Event: 23.340 GC heap after
Heap after GC invocations=17 (full 2):
 PSYoungGen      total 524800K, used 67543K [0x00000000d5580000, 0x0000000100000000, 0x0000000100000000)
  eden space 457216K, 0% used [0x00000000d5580000,0x00000000d5580000,0x00000000f1400000)
  from space 67584K, 99% used [0x00000000f1400000,0x00000000f55f5db8,0x00000000f5600000)
  to   space 121856K, 0% used [0x00000000f8900000,0x00000000f8900000,0x0000000100000000)
 ParOldGen       total 328704K, used 328534K [0x0000000080000000, 0x0000000094100000, 0x00000000d5580000)
  object space 328704K, 99% used [0x0000000080000000,0x00000000940d5a68,0x0000000094100000)
 Metaspace       used 6661K, capacity 7320K, committed 7680K, reserved 1056768K
  class space    used 629K, capacity 656K, committed 768K, reserved 1048576K
}
Event: 23.340 GC heap before
{Heap before GC invocations=18 (full 3):
 PSYoungGen      total 524800K, used 67543K [0x00000000d5580000, 0x0000000100000000, 0x0000000100000000)
  eden space 457216K, 0% used [0x00000000d5580000,0x00000000d5580000,0x00000000f1400000)
  from space 67584K, 99% used [0x00000000f1400000,0x00000000f55f5db8,0x00000000f5600000)
  to   space 121856K, 0% used [0x00000000f8900000,0x00000000f8900000,0x0000000100000000)
 ParOldGen       total 328704K, used 328534K [0x0000000080000000, 0x0000000094100000, 0x00000000d5580000)
  object space 328704K, 99% used [0x0000000080000000,0x00000000940d5a68,0x0000000094100000)
 Metaspace       used 6661K, capacity 7320K, committed 7680K, reserved 1056768K
  class space    used 629K, capacity 656K, committed 768K, reserved 1048576K
Event: 25.285 GC heap after
Heap after GC invocations=18 (full 3):
 PSYoungGen      total 524800K, used 62592K [0x00000000d5580000, 0x0000000100000000, 0x0000000100000000)
  eden space 457216K, 0% used [0x00000000d5580000,0x00000000d5580000,0x00000000f1400000)
  from space 67584K, 92% used [0x00000000f1400000,0x00000000f5120220,0x00000000f5600000)
  to   space 121856K, 0% used [0x00000000f8900000,0x00000000f8900000,0x0000000100000000)
 ParOldGen       total 328704K, used 328318K [0x0000000080000000, 0x0000000094100000, 0x00000000d5580000)
  object space 328704K, 99% used [0x0000000080000000,0x000000009409fb80,0x0000000094100000)
 Metaspace       used 6661K, capacity 7320K, committed 7680K, reserved 1056768K
  class space    used 629K, capacity 656K, committed 768K, reserved 1048576K
}
Event: 27.711 GC heap before
{Heap before GC invocations=19 (full 4):
 PSYoungGen      total 524800K, used 519808K [0x00000000d5580000, 0x0000000100000000, 0x0000000100000000)
  eden space 457216K, 100% used [0x00000000d5580000,0x00000000f1400000,0x00000000f1400000)
  from space 67584K, 92% used [0x00000000f1400000,0x00000000f5120220,0x00000000f5600000)
  to   space 121856K, 0% used [0x00000000f8900000,0x00000000f8900000,0x0000000100000000)
 ParOldGen       total 328704K, used 328318K [0x0000000080000000, 0x0000000094100000, 0x00000000d5580000)
  object space 328704K, 99% used [0x0000000080000000,0x000000009409fb80,0x0000000094100000)
 Metaspace       used 6662K, capacity 7320K, committed 7680K, reserved 1056768K
  class space    used 629K, capacity 656K, committed 768K, reserved 1048576K
Event: 28.981 GC heap after
Heap after GC invocations=19 (full 4):
 PSYoungGen      total 524800K, used 126341K [0x00000000d5580000, 0x0000000100000000, 0x0000000100000000)
  eden space 457216K, 27% used [0x00000000d5580000,0x00000000dd0e1710,0x00000000f1400000)
  from space 67584K, 0% used [0x00000000f1400000,0x00000000f1400000,0x00000000f5600000)
  to   space 121856K, 0% used [0x00000000f8900000,0x00000000f8900000,0x0000000100000000)
 ParOldGen       total 328704K, used 328649K [0x0000000080000000, 0x0000000094100000, 0x00000000d5580000)
  object space 328704K, 99% used [0x0000000080000000,0x00000000940f2420,0x0000000094100000)
 Metaspace       used 6662K, capacity 7320K, committed 7680K, reserved 1056768K
  class space    used 629K, capacity 656K, committed 768K, reserved 1048576K
}
Event: 30.723 GC heap before
{Heap before GC invocations=20 (full 5):
 PSYoungGen      total 524800K, used 457216K [0x00000000d5580000, 0x0000000100000000, 0x0000000100000000)
  eden space 457216K, 100% used [0x00000000d5580000,0x00000000f1400000,0x00000000f1400000)
  from space 67584K, 0% used [0x00000000f1400000,0x00000000f1400000,0x00000000f5600000)
  to   space 121856K, 0% used [0x00000000f8900000,0x00000000f8900000,0x0000000100000000)
 ParOldGen       total 328704K, used 328649K [0x0000000080000000, 0x0000000094100000, 0x00000000d5580000)
  object space 328704K, 99% used [0x0000000080000000,0x00000000940f2420,0x0000000094100000)
 Metaspace       used 6664K, capacity 7320K, committed 7680K, reserved 1056768K
  class space    used 629K, capacity 656K, committed 768K, reserved 1048576K

