# JRE version: Java(TM) SE Runtime Environment (8.0_102-b14) (build 1.8.0_102-b14)
# Java VM: Java HotSpot(TM) Client VM (25.102-b14 mixed mode windows-x86 )
Heap:
 def new generation   total 39744K, used 4351K [0x04a00000, 0x07510000, 0x19f50000)
  eden space 35392K,   0% used [0x04a00000, 0x04a00000, 0x06c90000)
  from space 4352K,  99% used [0x06c90000, 0x070cfff8, 0x070d0000)
  to   space 4352K,   0% used [0x070d0000, 0x070d0000, 0x07510000)
 tenured generation   total 91232K, used 91223K [0x19f50000, 0x1f868000, 0x44a00000)
   the space 91232K,  99% used [0x19f50000, 0x1f865c58, 0x1f865e00, 0x1f868000)
 Metaspace       used 3474K, capacity 3494K, committed 3520K, reserved 4480K
GC Heap History (10 events):
Event: 3.001 GC heap after
Heap after GC invocations=68 (full 4):
 def new generation   total 39744K, used 4352K [0x04a00000, 0x07510000, 0x19f50000)
  eden space 35392K,   0% used [0x04a00000, 0x04a00000, 0x06c90000)
  from space 4352K, 100% used [0x070d0000, 0x07510000, 0x07510000)
  to   space 4352K,   0% used [0x06c90000, 0x06c90000, 0x070d0000)
 tenured generation   total 88032K, used 64064K [0x19f50000, 0x1f548000, 0x44a00000)
   the space 88032K,  72% used [0x19f50000, 0x1dde0160, 0x1dde0200, 0x1f548000)
 Metaspace       used 3474K, capacity 3494K, committed 3520K, reserved 4480K
}
Event: 3.071 GC heap before
{Heap before GC invocations=68 (full 4):
 def new generation   total 39744K, used 39744K [0x04a00000, 0x07510000, 0x19f50000)
  eden space 35392K, 100% used [0x04a00000, 0x06c90000, 0x06c90000)
  from space 4352K, 100% used [0x070d0000, 0x07510000, 0x07510000)
  to   space 4352K,   0% used [0x06c90000, 0x06c90000, 0x070d0000)
 tenured generation   total 88032K, used 64064K [0x19f50000, 0x1f548000, 0x44a00000)
   the space 88032K,  72% used [0x19f50000, 0x1dde0160, 0x1dde0200, 0x1f548000)
 Metaspace       used 3474K, capacity 3494K, committed 3520K, reserved 4480K
Event: 3.095 GC heap after
Heap after GC invocations=69 (full 4):
 def new generation   total 39744K, used 4352K [0x04a00000, 0x07510000, 0x19f50000)
  eden space 35392K,   0% used [0x04a00000, 0x04a00000, 0x06c90000)
  from space 4352K, 100% used [0x06c90000, 0x070d0000, 0x070d0000)
  to   space 4352K,   0% used [0x070d0000, 0x070d0000, 0x07510000)
 tenured generation   total 88032K, used 69160K [0x19f50000, 0x1f548000, 0x44a00000)
   the space 88032K,  78% used [0x19f50000, 0x1e2da168, 0x1e2da200, 0x1f548000)
 Metaspace       used 3474K, capacity 3494K, committed 3520K, reserved 4480K
}
Event: 3.173 GC heap before
{Heap before GC invocations=69 (full 4):
 def new generation   total 39744K, used 39744K [0x04a00000, 0x07510000, 0x19f50000)
  eden space 35392K, 100% used [0x04a00000, 0x06c90000, 0x06c90000)
  from space 4352K, 100% used [0x06c90000, 0x070d0000, 0x070d0000)
  to   space 4352K,   0% used [0x070d0000, 0x070d0000, 0x07510000)
 tenured generation   total 88032K, used 69160K [0x19f50000, 0x1f548000, 0x44a00000)
   the space 88032K,  78% used [0x19f50000, 0x1e2da168, 0x1e2da200, 0x1f548000)
 Metaspace       used 3474K, capacity 3494K, committed 3520K, reserved 4480K
Event: 3.199 GC heap after
Heap after GC invocations=70 (full 4):
 def new generation   total 39744K, used 4351K [0x04a00000, 0x07510000, 0x19f50000)
  eden space 35392K,   0% used [0x04a00000, 0x04a00000, 0x06c90000)
  from space 4352K,  99% used [0x070d0000, 0x0750fff8, 0x07510000)
  to   space 4352K,   0% used [0x06c90000, 0x06c90000, 0x070d0000)
 tenured generation   total 88032K, used 74609K [0x19f50000, 0x1f548000, 0x44a00000)
   the space 88032K,  84% used [0x19f50000, 0x1e82c648, 0x1e82c800, 0x1f548000)
 Metaspace       used 3474K, capacity 3494K, committed 3520K, reserved 4480K
}
Event: 3.275 GC heap before
{Heap before GC invocations=70 (full 4):
 def new generation   total 39744K, used 39743K [0x04a00000, 0x07510000, 0x19f50000)
  eden space 35392K, 100% used [0x04a00000, 0x06c90000, 0x06c90000)
  from space 4352K,  99% used [0x070d0000, 0x0750fff8, 0x07510000)
  to   space 4352K,   0% used [0x06c90000, 0x06c90000, 0x070d0000)
 tenured generation   total 88032K, used 74609K [0x19f50000, 0x1f548000, 0x44a00000)
   the space 88032K,  84% used [0x19f50000, 0x1e82c648, 0x1e82c800, 0x1f548000)
 Metaspace       used 3474K, capacity 3494K, committed 3520K, reserved 4480K
Event: 3.303 GC heap after
Heap after GC invocations=71 (full 4):
 def new generation   total 39744K, used 4352K [0x04a00000, 0x07510000, 0x19f50000)
  eden space 35392K,   0% used [0x04a00000, 0x04a00000, 0x06c90000)
  from space 4352K, 100% used [0x06c90000, 0x070d0000, 0x070d0000)
  to   space 4352K,   0% used [0x070d0000, 0x070d0000, 0x07510000)
 tenured generation   total 88032K, used 80346K [0x19f50000, 0x1f548000, 0x44a00000)
   the space 88032K,  91% used [0x19f50000, 0x1edc6830, 0x1edc6a00, 0x1f548000)
 Metaspace       used 3474K, capacity 3494K, committed 3520K, reserved 4480K
}
Event: 3.378 GC heap before
{Heap before GC invocations=71 (full 4):
 def new generation   total 39744K, used 39744K [0x04a00000, 0x07510000, 0x19f50000)
  eden space 35392K, 100% used [0x04a00000, 0x06c90000, 0x06c90000)
  from space 4352K, 100% used [0x06c90000, 0x070d0000, 0x070d0000)
  to   space 4352K,   0% used [0x070d0000, 0x070d0000, 0x07510000)
 tenured generation   total 88032K, used 80346K [0x19f50000, 0x1f548000, 0x44a00000)
   the space 88032K,  91% used [0x19f50000, 0x1edc6830, 0x1edc6a00, 0x1f548000)
 Metaspace       used 3474K, capacity 3494K, committed 3520K, reserved 4480K
Event: 3.403 GC heap after
Heap after GC invocations=72 (full 4):
 def new generation   total 39744K, used 4352K [0x04a00000, 0x07510000, 0x19f50000)
  eden space 35392K,   0% used [0x04a00000, 0x04a00000, 0x06c90000)
  from space 4352K, 100% used [0x070d0000, 0x07510000, 0x07510000)
  to   space 4352K,   0% used [0x06c90000, 0x06c90000, 0x070d0000)
 tenured generation   total 88032K, used 85453K [0x19f50000, 0x1f548000, 0x44a00000)
   the space 88032K,  97% used [0x19f50000, 0x1f2c37b0, 0x1f2c3800, 0x1f548000)
 Metaspace       used 3474K, capacity 3494K, committed 3520K, reserved 4480K
}
Event: 3.481 GC heap before
{Heap before GC invocations=72 (full 4):
 def new generation   total 39744K, used 39744K [0x04a00000, 0x07510000, 0x19f50000)
  eden space 35392K, 100% used [0x04a00000, 0x06c90000, 0x06c90000)
  from space 4352K, 100% used [0x070d0000, 0x07510000, 0x07510000)
  to   space 4352K,   0% used [0x06c90000, 0x06c90000, 0x070d0000)
 tenured generation   total 88032K, used 85453K [0x19f50000, 0x1f548000, 0x44a00000)
   the space 88032K,  97% used [0x19f50000, 0x1f2c37b0, 0x1f2c3800, 0x1f548000)
 Metaspace       used 3474K, capacity 3494K, committed 3520K, reserved 4480K

