# JRE version: Java(TM) SE Runtime Environment (8.0_102-b14) (build 1.8.0_102-b14)
# Java VM: Java HotSpot(TM) Client VM (25.102-b14 mixed mode windows-x86 )
Heap:
 def new generation   total 314560K, used 314560K [0x04c00000, 0x1a150000, 0x1a150000)
  eden space 279616K, 100% used [0x04c00000, 0x15d10000, 0x15d10000)
  from space 34944K, 100% used [0x17f30000, 0x1a150000, 0x1a150000)
  to   space 34944K,   0% used [0x15d10000, 0x15d10000, 0x17f30000)
 tenured generation   total 699072K, used 620546K [0x1a150000, 0x44c00000, 0x44c00000)
   the space 699072K,  88% used [0x1a150000, 0x3ff50ab0, 0x3ff50c00, 0x44c00000)
 Metaspace       used 3481K, capacity 3494K, committed 3520K, reserved 4480K
GC Heap History (10 events):
Event: 21.137 GC heap after
Heap after GC invocations=99 (full 8):
 def new generation   total 314560K, used 8423K [0x04c00000, 0x1a150000, 0x1a150000)
  eden space 279616K,   3% used [0x04c00000, 0x05439cc8, 0x15d10000)
  from space 34944K,   0% used [0x15d10000, 0x15d10000, 0x17f30000)
  to   space 34944K,   0% used [0x17f30000, 0x17f30000, 0x1a150000)
 tenured generation   total 699072K, used 515591K [0x1a150000, 0x44c00000, 0x44c00000)
   the space 699072K,  73% used [0x1a150000, 0x398d1fa0, 0x398d2000, 0x44c00000)
 Metaspace       used 3481K, capacity 3494K, committed 3520K, reserved 4480K
}
Event: 21.861 GC heap before
{Heap before GC invocations=99 (full 8):
 def new generation   total 314560K, used 279616K [0x04c00000, 0x1a150000, 0x1a150000)
  eden space 279616K, 100% used [0x04c00000, 0x15d10000, 0x15d10000)
  from space 34944K,   0% used [0x15d10000, 0x15d10000, 0x17f30000)
  to   space 34944K,   0% used [0x17f30000, 0x17f30000, 0x1a150000)
 tenured generation   total 699072K, used 515591K [0x1a150000, 0x44c00000, 0x44c00000)
   the space 699072K,  73% used [0x1a150000, 0x398d1fa0, 0x398d2000, 0x44c00000)
 Metaspace       used 3481K, capacity 3494K, committed 3520K, reserved 4480K
Event: 22.264 GC heap after
Heap after GC invocations=100 (full 8):
 def new generation   total 314560K, used 34943K [0x04c00000, 0x1a150000, 0x1a150000)
  eden space 279616K,   0% used [0x04c00000, 0x04c00000, 0x15d10000)
  from space 34944K,  99% used [0x17f30000, 0x1a14fff8, 0x1a150000)
  to   space 34944K,   0% used [0x15d10000, 0x15d10000, 0x17f30000)
 tenured generation   total 699072K, used 588770K [0x1a150000, 0x44c00000, 0x44c00000)
   the space 699072K,  84% used [0x1a150000, 0x3e048a90, 0x3e048c00, 0x44c00000)
 Metaspace       used 3481K, capacity 3494K, committed 3520K, reserved 4480K
}
Event: 23.389 GC heap before
{Heap before GC invocations=100 (full 8):
 def new generation   total 314560K, used 314559K [0x04c00000, 0x1a150000, 0x1a150000)
  eden space 279616K, 100% used [0x04c00000, 0x15d10000, 0x15d10000)
  from space 34944K,  99% used [0x17f30000, 0x1a14fff8, 0x1a150000)
  to   space 34944K,   0% used [0x15d10000, 0x15d10000, 0x17f30000)
 tenured generation   total 699072K, used 588770K [0x1a150000, 0x44c00000, 0x44c00000)
   the space 699072K,  84% used [0x1a150000, 0x3e048a90, 0x3e048c00, 0x44c00000)
 Metaspace       used 3481K, capacity 3494K, committed 3520K, reserved 4480K
Event: 23.600 GC heap after
Heap after GC invocations=101 (full 8):
 def new generation   total 314560K, used 34943K [0x04c00000, 0x1a150000, 0x1a150000)
  eden space 279616K,   0% used [0x04c00000, 0x04c00000, 0x15d10000)
  from space 34944K,  99% used [0x15d10000, 0x17f2fff8, 0x17f30000)
  to   space 34944K,   0% used [0x17f30000, 0x17f30000, 0x1a150000)
 tenured generation   total 699072K, used 670934K [0x1a150000, 0x44c00000, 0x44c00000)
   the space 699072K,  95% used [0x1a150000, 0x43085b38, 0x43085c00, 0x44c00000)
 Metaspace       used 3481K, capacity 3494K, committed 3520K, reserved 4480K
}
Event: 24.490 GC heap before
{Heap before GC invocations=101 (full 8):
 def new generation   total 314560K, used 314559K [0x04c00000, 0x1a150000, 0x1a150000)
  eden space 279616K, 100% used [0x04c00000, 0x15d10000, 0x15d10000)
  from space 34944K,  99% used [0x15d10000, 0x17f2fff8, 0x17f30000)
  to   space 34944K,   0% used [0x17f30000, 0x17f30000, 0x1a150000)
 tenured generation   total 699072K, used 670934K [0x1a150000, 0x44c00000, 0x44c00000)
   the space 699072K,  95% used [0x1a150000, 0x43085b38, 0x43085c00, 0x44c00000)
 Metaspace       used 3481K, capacity 3494K, committed 3520K, reserved 4480K
Event: 25.883 GC heap after
Heap after GC invocations=102 (full 9):
 def new generation   total 314560K, used 0K [0x04c00000, 0x1a150000, 0x1a150000)
  eden space 279616K,   0% used [0x04c00000, 0x04c00000, 0x15d10000)
  from space 34944K,   0% used [0x15d10000, 0x15d10000, 0x17f30000)
  to   space 34944K,   0% used [0x17f30000, 0x17f30000, 0x1a150000)
 tenured generation   total 699072K, used 591001K [0x1a150000, 0x44c00000, 0x44c00000)
   the space 699072K,  84% used [0x1a150000, 0x3e276570, 0x3e276600, 0x44c00000)
 Metaspace       used 3481K, capacity 3494K, committed 3520K, reserved 4480K
}
Event: 26.726 GC heap before
{Heap before GC invocations=102 (full 9):
 def new generation   total 314560K, used 279616K [0x04c00000, 0x1a150000, 0x1a150000)
  eden space 279616K, 100% used [0x04c00000, 0x15d10000, 0x15d10000)
  from space 34944K,   0% used [0x15d10000, 0x15d10000, 0x17f30000)
  to   space 34944K,   0% used [0x17f30000, 0x17f30000, 0x1a150000)
 tenured generation   total 699072K, used 591001K [0x1a150000, 0x44c00000, 0x44c00000)
   the space 699072K,  84% used [0x1a150000, 0x3e276570, 0x3e276600, 0x44c00000)
 Metaspace       used 3481K, capacity 3494K, committed 3520K, reserved 4480K
Event: 26.833 GC heap after
Heap after GC invocations=103 (full 9):
 def new generation   total 314560K, used 34944K [0x04c00000, 0x1a150000, 0x1a150000)
  eden space 279616K,   0% used [0x04c00000, 0x04c00000, 0x15d10000)
  from space 34944K, 100% used [0x17f30000, 0x1a150000, 0x1a150000)
  to   space 34944K,   0% used [0x15d10000, 0x15d10000, 0x17f30000)
 tenured generation   total 699072K, used 620546K [0x1a150000, 0x44c00000, 0x44c00000)
   the space 699072K,  88% used [0x1a150000, 0x3ff50ab0, 0x3ff50c00, 0x44c00000)
 Metaspace       used 3481K, capacity 3494K, committed 3520K, reserved 4480K
}
Event: 27.452 GC heap before
{Heap before GC invocations=103 (full 9):
 def new generation   total 314560K, used 314560K [0x04c00000, 0x1a150000, 0x1a150000)
  eden space 279616K, 100% used [0x04c00000, 0x15d10000, 0x15d10000)
  from space 34944K, 100% used [0x17f30000, 0x1a150000, 0x1a150000)
  to   space 34944K,   0% used [0x15d10000, 0x15d10000, 0x17f30000)
 tenured generation   total 699072K, used 620546K [0x1a150000, 0x44c00000, 0x44c00000)
   the space 699072K,  88% used [0x1a150000, 0x3ff50ab0, 0x3ff50c00, 0x44c00000)
 Metaspace       used 3481K, capacity 3494K, committed 3520K, reserved 4480K

