# JRE version: Java(TM) SE Runtime Environment (8.0_102-b14) (build 1.8.0_102-b14)
# Java VM: Java HotSpot(TM) Client VM (25.102-b14 mixed mode windows-x86 )
Heap:
 def new generation   total 314560K, used 279616K [0x04800000, 0x19d50000, 0x19d50000)
  eden space 279616K, 100% used [0x04800000, 0x15910000, 0x15910000)
  from space 34944K,   0% used [0x15910000, 0x15910000, 0x17b30000)
  to   space 34944K,   1% used [0x17b30000, 0x17b95a90, 0x19d50000)
 tenured generation   total 699072K, used 534939K [0x19d50000, 0x44800000, 0x44800000)
   the space 699072K,  76% used [0x19d50000, 0x3a7b6cb0, 0x3a7b6e00, 0x44800000)
 Metaspace       used 3481K, capacity 3494K, committed 3520K, reserved 4480K
GC Heap History (10 events):
Event: 10.790 GC heap after
Heap after GC invocations=94 (full 7):
 def new generation   total 199360K, used 22144K [0x04800000, 0x12050000, 0x19d50000)
  eden space 177216K,   0% used [0x04800000, 0x04800000, 0x0f510000)
  from space 22144K, 100% used [0x0f510000, 0x10ab0000, 0x10ab0000)
  to   space 22144K,   0% used [0x10ab0000, 0x10ab0000, 0x12050000)
 tenured generation   total 442908K, used 362123K [0x19d50000, 0x34dd7000, 0x44800000)
   the space 442908K,  81% used [0x19d50000, 0x2fef2c40, 0x2fef2e00, 0x34dd7000)
 Metaspace       used 3481K, capacity 3494K, committed 3520K, reserved 4480K
}
Event: 11.215 GC heap before
{Heap before GC invocations=94 (full 7):
 def new generation   total 199360K, used 199360K [0x04800000, 0x12050000, 0x19d50000)
  eden space 177216K, 100% used [0x04800000, 0x0f510000, 0x0f510000)
  from space 22144K, 100% used [0x0f510000, 0x10ab0000, 0x10ab0000)
  to   space 22144K,   0% used [0x10ab0000, 0x10ab0000, 0x12050000)
 tenured generation   total 442908K, used 362123K [0x19d50000, 0x34dd7000, 0x44800000)
   the space 442908K,  81% used [0x19d50000, 0x2fef2c40, 0x2fef2e00, 0x34dd7000)
 Metaspace       used 3481K, capacity 3494K, committed 3520K, reserved 4480K
Event: 11.326 GC heap after
Heap after GC invocations=95 (full 7):
 def new generation   total 199360K, used 22144K [0x04800000, 0x12050000, 0x19d50000)
  eden space 177216K,   0% used [0x04800000, 0x04800000, 0x0f510000)
  from space 22144K, 100% used [0x10ab0000, 0x12050000, 0x12050000)
  to   space 22144K,   0% used [0x0f510000, 0x0f510000, 0x10ab0000)
 tenured generation   total 442908K, used 380352K [0x19d50000, 0x34dd7000, 0x44800000)
   the space 442908K,  85% used [0x19d50000, 0x310c01d8, 0x310c0200, 0x34dd7000)
 Metaspace       used 3481K, capacity 3494K, committed 3520K, reserved 4480K
}
Event: 11.787 GC heap before
{Heap before GC invocations=95 (full 7):
 def new generation   total 199360K, used 199360K [0x04800000, 0x12050000, 0x19d50000)
  eden space 177216K, 100% used [0x04800000, 0x0f510000, 0x0f510000)
  from space 22144K, 100% used [0x10ab0000, 0x12050000, 0x12050000)
  to   space 22144K,   0% used [0x0f510000, 0x0f510000, 0x10ab0000)
 tenured generation   total 442908K, used 380352K [0x19d50000, 0x34dd7000, 0x44800000)
   the space 442908K,  85% used [0x19d50000, 0x310c01d8, 0x310c0200, 0x34dd7000)
 Metaspace       used 3481K, capacity 3494K, committed 3520K, reserved 4480K
Event: 11.924 GC heap after
Heap after GC invocations=96 (full 7):
 def new generation   total 199360K, used 22144K [0x04800000, 0x12050000, 0x19d50000)
  eden space 177216K,   0% used [0x04800000, 0x04800000, 0x0f510000)
  from space 22144K, 100% used [0x0f510000, 0x10ab0000, 0x10ab0000)
  to   space 22144K,   0% used [0x10ab0000, 0x10ab0000, 0x12050000)
 tenured generation   total 442908K, used 410232K [0x19d50000, 0x34dd7000, 0x44800000)
   the space 442908K,  92% used [0x19d50000, 0x32dee0a0, 0x32dee200, 0x34dd7000)
 Metaspace       used 3481K, capacity 3494K, committed 3520K, reserved 4480K
}
Event: 12.494 GC heap before
{Heap before GC invocations=96 (full 7):
 def new generation   total 199360K, used 199360K [0x04800000, 0x12050000, 0x19d50000)
  eden space 177216K, 100% used [0x04800000, 0x0f510000, 0x0f510000)
  from space 22144K, 100% used [0x0f510000, 0x10ab0000, 0x10ab0000)
  to   space 22144K,   0% used [0x10ab0000, 0x10ab0000, 0x12050000)
 tenured generation   total 442908K, used 410232K [0x19d50000, 0x34dd7000, 0x44800000)
   the space 442908K,  92% used [0x19d50000, 0x32dee0a0, 0x32dee200, 0x34dd7000)
 Metaspace       used 3481K, capacity 3494K, committed 3520K, reserved 4480K
Event: 12.632 GC heap after
Heap after GC invocations=97 (full 7):
 def new generation   total 199360K, used 22144K [0x04800000, 0x12050000, 0x19d50000)
  eden space 177216K,   0% used [0x04800000, 0x04800000, 0x0f510000)
  from space 22144K, 100% used [0x10ab0000, 0x12050000, 0x12050000)
  to   space 22144K,   0% used [0x0f510000, 0x0f510000, 0x10ab0000)
 tenured generation   total 442908K, used 438308K [0x19d50000, 0x34dd7000, 0x44800000)
   the space 442908K,  98% used [0x19d50000, 0x34959330, 0x34959400, 0x34dd7000)
 Metaspace       used 3481K, capacity 3494K, committed 3520K, reserved 4480K
}
Event: 13.442 GC heap before
{Heap before GC invocations=97 (full 7):
 def new generation   total 199360K, used 199360K [0x04800000, 0x12050000, 0x19d50000)
  eden space 177216K, 100% used [0x04800000, 0x0f510000, 0x0f510000)
  from space 22144K, 100% used [0x10ab0000, 0x12050000, 0x12050000)
  to   space 22144K,   0% used [0x0f510000, 0x0f510000, 0x10ab0000)
 tenured generation   total 442908K, used 438308K [0x19d50000, 0x34dd7000, 0x44800000)
   the space 442908K,  98% used [0x19d50000, 0x34959330, 0x34959400, 0x34dd7000)
 Metaspace       used 3481K, capacity 3494K, committed 3520K, reserved 4480K
Event: 15.176 GC heap after
Heap after GC invocations=98 (full 8):
 def new generation   total 314560K, used 5021K [0x04800000, 0x19d50000, 0x19d50000)
  eden space 279616K,   1% used [0x04800000, 0x04ce7470, 0x15910000)
  from space 34944K,   0% used [0x15910000, 0x15910000, 0x17b30000)
  to   space 34944K,   0% used [0x17b30000, 0x17b30000, 0x19d50000)
 tenured generation   total 699072K, used 534939K [0x19d50000, 0x44800000, 0x44800000)
   the space 699072K,  76% used [0x19d50000, 0x3a7b6cb0, 0x3a7b6e00, 0x44800000)
 Metaspace       used 3481K, capacity 3494K, committed 3520K, reserved 4480K
}
Event: 15.868 GC heap before
{Heap before GC invocations=98 (full 8):
 def new generation   total 314560K, used 279616K [0x04800000, 0x19d50000, 0x19d50000)
  eden space 279616K, 100% used [0x04800000, 0x15910000, 0x15910000)
  from space 34944K,   0% used [0x15910000, 0x15910000, 0x17b30000)
  to   space 34944K,   0% used [0x17b30000, 0x17b30000, 0x19d50000)
 tenured generation   total 699072K, used 534939K [0x19d50000, 0x44800000, 0x44800000)
   the space 699072K,  76% used [0x19d50000, 0x3a7b6cb0, 0x3a7b6e00, 0x44800000)
 Metaspace       used 3481K, capacity 3494K, committed 3520K, reserved 4480K

