# JRE version: Java(TM) SE Runtime Environment (8.0_102-b14) (build 1.8.0_102-b14)
# Java VM: Java HotSpot(TM) Client VM (25.102-b14 mixed mode windows-x86 )
Heap:
 def new generation   total 314560K, used 63161K [0x04600000, 0x19b50000, 0x19b50000)
  eden space 279616K,  22% used [0x04600000, 0x083ae590, 0x15710000)
  from space 34944K,   0% used [0x15710000, 0x15710000, 0x17930000)
  to   space 34944K,   0% used [0x17930000, 0x17930000, 0x19b50000)
 tenured generation   total 699072K, used 699071K [0x19b50000, 0x44600000, 0x44600000)
   the space 699072K,  99% used [0x19b50000, 0x445ffff8, 0x44600000, 0x44600000)
 Metaspace       used 3513K, capacity 3566K, committed 3648K, reserved 4480K
GC Heap History (10 events):
Event: 29.732 GC heap before
{Heap before GC invocations=104 (full 10):
 def new generation   total 314560K, used 314560K [0x04600000, 0x19b50000, 0x19b50000)
  eden space 279616K, 100% used [0x04600000, 0x15710000, 0x15710000)
  from space 34944K, 100% used [0x15710000, 0x17930000, 0x17930000)
  to   space 34944K,   0% used [0x17930000, 0x17930000, 0x19b50000)
 tenured generation   total 699072K, used 565179K [0x19b50000, 0x44600000, 0x44600000)
   the space 699072K,  80% used [0x19b50000, 0x3c33ecb8, 0x3c33ee00, 0x44600000)
 Metaspace       used 3484K, capacity 3496K, committed 3520K, reserved 4480K
Event: 29.931 GC heap after
Heap after GC invocations=105 (full 10):
 def new generation   total 314560K, used 34944K [0x04600000, 0x19b50000, 0x19b50000)
  eden space 279616K,   0% used [0x04600000, 0x04600000, 0x15710000)
  from space 34944K, 100% used [0x17930000, 0x19b50000, 0x19b50000)
  to   space 34944K,   0% used [0x15710000, 0x15710000, 0x17930000)
 tenured generation   total 699072K, used 606207K [0x19b50000, 0x44600000, 0x44600000)
   the space 699072K,  86% used [0x19b50000, 0x3eb4fe98, 0x3eb50000, 0x44600000)
 Metaspace       used 3484K, capacity 3496K, committed 3520K, reserved 4480K
}
Event: 30.704 GC heap before
{Heap before GC invocations=105 (full 10):
 def new generation   total 314560K, used 314560K [0x04600000, 0x19b50000, 0x19b50000)
  eden space 279616K, 100% used [0x04600000, 0x15710000, 0x15710000)
  from space 34944K, 100% used [0x17930000, 0x19b50000, 0x19b50000)
  to   space 34944K,   0% used [0x15710000, 0x15710000, 0x17930000)
 tenured generation   total 699072K, used 606207K [0x19b50000, 0x44600000, 0x44600000)
   the space 699072K,  86% used [0x19b50000, 0x3eb4fe98, 0x3eb50000, 0x44600000)
 Metaspace       used 3484K, capacity 3496K, committed 3520K, reserved 4480K
Event: 30.919 GC heap after
Heap after GC invocations=106 (full 10):
 def new generation   total 314560K, used 34943K [0x04600000, 0x19b50000, 0x19b50000)
  eden space 279616K,   0% used [0x04600000, 0x04600000, 0x15710000)
  from space 34944K,  99% used [0x15710000, 0x1792fff8, 0x17930000)
  to   space 34944K,   0% used [0x17930000, 0x17930000, 0x19b50000)
 tenured generation   total 699072K, used 646433K [0x19b50000, 0x44600000, 0x44600000)
   the space 699072K,  92% used [0x19b50000, 0x41298740, 0x41298800, 0x44600000)
 Metaspace       used 3484K, capacity 3496K, committed 3520K, reserved 4480K
}
Event: 32.883 GC heap before
{Heap before GC invocations=106 (full 10):
 def new generation   total 314560K, used 314559K [0x04600000, 0x19b50000, 0x19b50000)
  eden space 279616K, 100% used [0x04600000, 0x15710000, 0x15710000)
  from space 34944K,  99% used [0x15710000, 0x1792fff8, 0x17930000)
  to   space 34944K,   0% used [0x17930000, 0x17930000, 0x19b50000)
 tenured generation   total 699072K, used 646433K [0x19b50000, 0x44600000, 0x44600000)
   the space 699072K,  92% used [0x19b50000, 0x41298740, 0x41298800, 0x44600000)
 Metaspace       used 3484K, capacity 3496K, committed 3520K, reserved 4480K
Event: 35.175 GC heap after
Heap after GC invocations=107 (full 11):
 def new generation   total 314560K, used 18363K [0x04600000, 0x19b50000, 0x19b50000)
  eden space 279616K,   6% used [0x04600000, 0x057eefb0, 0x15710000)
  from space 34944K,   0% used [0x15710000, 0x15710000, 0x17930000)
  to   space 34944K,   0% used [0x17930000, 0x17930000, 0x19b50000)
 tenured generation   total 699072K, used 699072K [0x19b50000, 0x44600000, 0x44600000)
   the space 699072K, 100% used [0x19b50000, 0x44600000, 0x44600000, 0x44600000)
 Metaspace       used 3484K, capacity 3496K, committed 3520K, reserved 4480K
}
Event: 36.701 GC heap before
{Heap before GC invocations=107 (full 11):
 def new generation   total 314560K, used 314559K [0x04600000, 0x19b50000, 0x19b50000)
  eden space 279616K, 100% used [0x04600000, 0x15710000, 0x15710000)
  from space 34944K,  99% used [0x15710000, 0x1792fff8, 0x17930000)
  to   space 34944K,   0% used [0x17930000, 0x17930000, 0x19b50000)
 tenured generation   total 699072K, used 699072K [0x19b50000, 0x44600000, 0x44600000)
   the space 699072K, 100% used [0x19b50000, 0x44600000, 0x44600000, 0x44600000)
 Metaspace       used 3513K, capacity 3566K, committed 3648K, reserved 4480K
Event: 39.314 GC heap after
Heap after GC invocations=108 (full 12):
 def new generation   total 314560K, used 11843K [0x04600000, 0x19b50000, 0x19b50000)
  eden space 279616K,   4% used [0x04600000, 0x05190c40, 0x15710000)
  from space 34944K,   0% used [0x15710000, 0x15710000, 0x17930000)
  to   space 34944K,   0% used [0x17930000, 0x17930000, 0x19b50000)
 tenured generation   total 699072K, used 699071K [0x19b50000, 0x44600000, 0x44600000)
   the space 699072K,  99% used [0x19b50000, 0x445ffff8, 0x44600000, 0x44600000)
 Metaspace       used 3513K, capacity 3566K, committed 3648K, reserved 4480K
}
Event: 40.945 GC heap before
{Heap before GC invocations=108 (full 12):
 def new generation   total 314560K, used 314559K [0x04600000, 0x19b50000, 0x19b50000)
  eden space 279616K, 100% used [0x04600000, 0x15710000, 0x15710000)
  from space 34944K,  99% used [0x15710000, 0x1792fd98, 0x17930000)
  to   space 34944K,   0% used [0x17930000, 0x17930000, 0x19b50000)
 tenured generation   total 699072K, used 699071K [0x19b50000, 0x44600000, 0x44600000)
   the space 699072K,  99% used [0x19b50000, 0x445ffff8, 0x44600000, 0x44600000)
 Metaspace       used 3513K, capacity 3566K, committed 3648K, reserved 4480K
Event: 43.242 GC heap after
Heap after GC invocations=109 (full 13):
 def new generation   total 314560K, used 56554K [0x04600000, 0x19b50000, 0x19b50000)
  eden space 279616K,  20% used [0x04600000, 0x07d3aa38, 0x15710000)
  from space 34944K,   0% used [0x15710000, 0x15710000, 0x17930000)
  to   space 34944K,   0% used [0x17930000, 0x17930000, 0x19b50000)
 tenured generation   total 699072K, used 699071K [0x19b50000, 0x44600000, 0x44600000)
   the space 699072K,  99% used [0x19b50000, 0x445ffff8, 0x44600000, 0x44600000)
 Metaspace       used 3513K, capacity 3566K, committed 3648K, reserved 4480K
}

