# JRE version: Java(TM) SE Runtime Environment (8.0_102-b14) (build 1.8.0_102-b14)
# Java VM: Java HotSpot(TM) Client VM (25.102-b14 mixed mode windows-x86 )
Heap:
 def new generation   total 118272K, used 13119K [0x04800000, 0x0c850000, 0x19d50000)
  eden space 105152K,   0% used [0x04800000, 0x04800000, 0x0aeb0000)
  from space 13120K,  99% used [0x0aeb0000, 0x0bb7fff8, 0x0bb80000)
  to   space 13120K,   0% used [0x0bb80000, 0x0bb80000, 0x0c850000)
 tenured generation   total 267840K, used 267726K [0x19d50000, 0x2a2e0000, 0x44800000)
   the space 267840K,  99% used [0x19d50000, 0x2a2c3810, 0x2a2c3a00, 0x2a2e0000)
 Metaspace       used 3484K, capacity 3496K, committed 3520K, reserved 4480K
GC Heap History (10 events):
Event: 7.157 GC heap after
Heap after GC invocations=86 (full 6):
 def new generation   total 118272K, used 13119K [0x04800000, 0x0c850000, 0x19d50000)
  eden space 105152K,   0% used [0x04800000, 0x04800000, 0x0aeb0000)
  from space 13120K,  99% used [0x0bb80000, 0x0c84fff8, 0x0c850000)
  to   space 13120K,   0% used [0x0aeb0000, 0x0aeb0000, 0x0bb80000)
 tenured generation   total 262720K, used 196960K [0x19d50000, 0x29de0000, 0x44800000)
   the space 262720K,  74% used [0x19d50000, 0x25da82e0, 0x25da8400, 0x29de0000)
 Metaspace       used 3479K, capacity 3496K, committed 3520K, reserved 4480K
}
Event: 7.419 GC heap before
{Heap before GC invocations=86 (full 6):
 def new generation   total 118272K, used 118271K [0x04800000, 0x0c850000, 0x19d50000)
  eden space 105152K, 100% used [0x04800000, 0x0aeb0000, 0x0aeb0000)
  from space 13120K,  99% used [0x0bb80000, 0x0c84fff8, 0x0c850000)
  to   space 13120K,   0% used [0x0aeb0000, 0x0aeb0000, 0x0bb80000)
 tenured generation   total 262720K, used 196960K [0x19d50000, 0x29de0000, 0x44800000)
   the space 262720K,  74% used [0x19d50000, 0x25da82e0, 0x25da8400, 0x29de0000)
 Metaspace       used 3479K, capacity 3496K, committed 3520K, reserved 4480K
Event: 7.519 GC heap after
Heap after GC invocations=87 (full 6):
 def new generation   total 118272K, used 13119K [0x04800000, 0x0c850000, 0x19d50000)
  eden space 105152K,   0% used [0x04800000, 0x04800000, 0x0aeb0000)
  from space 13120K,  99% used [0x0aeb0000, 0x0bb7fff8, 0x0bb80000)
  to   space 13120K,   0% used [0x0bb80000, 0x0bb80000, 0x0c850000)
 tenured generation   total 262720K, used 212950K [0x19d50000, 0x29de0000, 0x44800000)
   the space 262720K,  81% used [0x19d50000, 0x26d458d8, 0x26d45a00, 0x29de0000)
 Metaspace       used 3479K, capacity 3496K, committed 3520K, reserved 4480K
}
Event: 7.823 GC heap before
{Heap before GC invocations=87 (full 6):
 def new generation   total 118272K, used 118271K [0x04800000, 0x0c850000, 0x19d50000)
  eden space 105152K, 100% used [0x04800000, 0x0aeb0000, 0x0aeb0000)
  from space 13120K,  99% used [0x0aeb0000, 0x0bb7fff8, 0x0bb80000)
  to   space 13120K,   0% used [0x0bb80000, 0x0bb80000, 0x0c850000)
 tenured generation   total 262720K, used 212950K [0x19d50000, 0x29de0000, 0x44800000)
   the space 262720K,  81% used [0x19d50000, 0x26d458d8, 0x26d45a00, 0x29de0000)
 Metaspace       used 3479K, capacity 3496K, committed 3520K, reserved 4480K
Event: 7.897 GC heap after
Heap after GC invocations=88 (full 6):
 def new generation   total 118272K, used 13120K [0x04800000, 0x0c850000, 0x19d50000)
  eden space 105152K,   0% used [0x04800000, 0x04800000, 0x0aeb0000)
  from space 13120K, 100% used [0x0bb80000, 0x0c850000, 0x0c850000)
  to   space 13120K,   0% used [0x0aeb0000, 0x0aeb0000, 0x0bb80000)
 tenured generation   total 262720K, used 227182K [0x19d50000, 0x29de0000, 0x44800000)
   the space 262720K,  86% used [0x19d50000, 0x27b2bbd8, 0x27b2bc00, 0x29de0000)
 Metaspace       used 3479K, capacity 3496K, committed 3520K, reserved 4480K
}
Event: 8.138 GC heap before
{Heap before GC invocations=88 (full 6):
 def new generation   total 118272K, used 118272K [0x04800000, 0x0c850000, 0x19d50000)
  eden space 105152K, 100% used [0x04800000, 0x0aeb0000, 0x0aeb0000)
  from space 13120K, 100% used [0x0bb80000, 0x0c850000, 0x0c850000)
  to   space 13120K,   0% used [0x0aeb0000, 0x0aeb0000, 0x0bb80000)
 tenured generation   total 262720K, used 227182K [0x19d50000, 0x29de0000, 0x44800000)
   the space 262720K,  86% used [0x19d50000, 0x27b2bbd8, 0x27b2bc00, 0x29de0000)
 Metaspace       used 3479K, capacity 3496K, committed 3520K, reserved 4480K
Event: 8.212 GC heap after
Heap after GC invocations=89 (full 6):
 def new generation   total 118272K, used 13120K [0x04800000, 0x0c850000, 0x19d50000)
  eden space 105152K,   0% used [0x04800000, 0x04800000, 0x0aeb0000)
  from space 13120K, 100% used [0x0aeb0000, 0x0bb80000, 0x0bb80000)
  to   space 13120K,   0% used [0x0bb80000, 0x0bb80000, 0x0c850000)
 tenured generation   total 262720K, used 242175K [0x19d50000, 0x29de0000, 0x44800000)
   the space 262720K,  92% used [0x19d50000, 0x289cfcf8, 0x289cfe00, 0x29de0000)
 Metaspace       used 3479K, capacity 3496K, committed 3520K, reserved 4480K
}
Event: 8.592 GC heap before
{Heap before GC invocations=89 (full 6):
 def new generation   total 118272K, used 118272K [0x04800000, 0x0c850000, 0x19d50000)
  eden space 105152K, 100% used [0x04800000, 0x0aeb0000, 0x0aeb0000)
  from space 13120K, 100% used [0x0aeb0000, 0x0bb80000, 0x0bb80000)
  to   space 13120K,   0% used [0x0bb80000, 0x0bb80000, 0x0c850000)
 tenured generation   total 262720K, used 242175K [0x19d50000, 0x29de0000, 0x44800000)
   the space 262720K,  92% used [0x19d50000, 0x289cfcf8, 0x289cfe00, 0x29de0000)
 Metaspace       used 3484K, capacity 3496K, committed 3520K, reserved 4480K
Event: 8.664 GC heap after
Heap after GC invocations=90 (full 6):
 def new generation   total 118272K, used 13119K [0x04800000, 0x0c850000, 0x19d50000)
  eden space 105152K,   0% used [0x04800000, 0x04800000, 0x0aeb0000)
  from space 13120K,  99% used [0x0bb80000, 0x0c84fff8, 0x0c850000)
  to   space 13120K,   0% used [0x0aeb0000, 0x0aeb0000, 0x0bb80000)
 tenured generation   total 262720K, used 256221K [0x19d50000, 0x29de0000, 0x44800000)
   the space 262720K,  97% used [0x19d50000, 0x297875c8, 0x29787600, 0x29de0000)
 Metaspace       used 3484K, capacity 3496K, committed 3520K, reserved 4480K
}
Event: 8.905 GC heap before
{Heap before GC invocations=90 (full 6):
 def new generation   total 118272K, used 118271K [0x04800000, 0x0c850000, 0x19d50000)
  eden space 105152K, 100% used [0x04800000, 0x0aeb0000, 0x0aeb0000)
  from space 13120K,  99% used [0x0bb80000, 0x0c84fff8, 0x0c850000)
  to   space 13120K,   0% used [0x0aeb0000, 0x0aeb0000, 0x0bb80000)
 tenured generation   total 262720K, used 256221K [0x19d50000, 0x29de0000, 0x44800000)
   the space 262720K,  97% used [0x19d50000, 0x297875c8, 0x29787600, 0x29de0000)
 Metaspace       used 3484K, capacity 3496K, committed 3520K, reserved 4480K

