# JRE version: Java(TM) SE Runtime Environment (8.0_102-b14) (build 1.8.0_102-b14)
# Java VM: Java HotSpot(TM) Client VM (25.102-b14 mixed mode windows-x86 )
Heap:
 def new generation   total 314560K, used 65618K [0x04800000, 0x19d50000, 0x19d50000)
  eden space 279616K,  23% used [0x04800000, 0x08814818, 0x15910000)
  from space 34944K,   0% used [0x15910000, 0x15910000, 0x17b30000)
  to   space 34944K,   0% used [0x17b30000, 0x17b30000, 0x19d50000)
 tenured generation   total 699072K, used 670588K [0x19d50000, 0x44800000, 0x44800000)
   the space 699072K,  95% used [0x19d50000, 0x42c2f070, 0x42c2f200, 0x44800000)
 Metaspace       used 3575K, capacity 3598K, committed 3648K, reserved 4480K
GC Heap History (10 events):
Event: 33.811 GC heap before
{Heap before GC invocations=106 (full 10):
 def new generation   total 314560K, used 314559K [0x04800000, 0x19d50000, 0x19d50000)
  eden space 279616K, 100% used [0x04800000, 0x15910000, 0x15910000)
  from space 34944K,  99% used [0x15910000, 0x17b2fff8, 0x17b30000)
  to   space 34944K,   0% used [0x17b30000, 0x17b30000, 0x19d50000)
 tenured generation   total 699072K, used 621835K [0x19d50000, 0x44800000, 0x44800000)
   the space 699072K,  88% used [0x19d50000, 0x3fc92fd8, 0x3fc93000, 0x44800000)
 Metaspace       used 3481K, capacity 3494K, committed 3520K, reserved 4480K
Event: 35.769 GC heap after
Heap after GC invocations=107 (full 11):
 def new generation   total 314560K, used 0K [0x04800000, 0x19d50000, 0x19d50000)
  eden space 279616K,   0% used [0x04800000, 0x04800000, 0x15910000)
  from space 34944K,   0% used [0x15910000, 0x15910000, 0x17b30000)
  to   space 34944K,   0% used [0x17b30000, 0x17b30000, 0x19d50000)
 tenured generation   total 699072K, used 695853K [0x19d50000, 0x44800000, 0x44800000)
   the space 699072K,  99% used [0x19d50000, 0x444db498, 0x444db600, 0x44800000)
 Metaspace       used 3481K, capacity 3494K, committed 3520K, reserved 4480K
}
Event: 36.669 GC heap before
{Heap before GC invocations=107 (full 11):
 def new generation   total 314560K, used 279616K [0x04800000, 0x19d50000, 0x19d50000)
  eden space 279616K, 100% used [0x04800000, 0x15910000, 0x15910000)
  from space 34944K,   0% used [0x15910000, 0x15910000, 0x17b30000)
  to   space 34944K,   0% used [0x17b30000, 0x17b30000, 0x19d50000)
 tenured generation   total 699072K, used 695853K [0x19d50000, 0x44800000, 0x44800000)
   the space 699072K,  99% used [0x19d50000, 0x444db498, 0x444db600, 0x44800000)
 Metaspace       used 3481K, capacity 3494K, committed 3520K, reserved 4480K
Event: 39.059 GC heap after
Heap after GC invocations=108 (full 12):
 def new generation   total 314560K, used 3817K [0x04800000, 0x19d50000, 0x19d50000)
  eden space 279616K,   1% used [0x04800000, 0x04bba538, 0x15910000)
  from space 34944K,   0% used [0x15910000, 0x15910000, 0x17b30000)
  to   space 34944K,   0% used [0x17b30000, 0x17b30000, 0x19d50000)
 tenured generation   total 699072K, used 699071K [0x19d50000, 0x44800000, 0x44800000)
   the space 699072K,  99% used [0x19d50000, 0x447ffff0, 0x44800000, 0x44800000)
 Metaspace       used 3481K, capacity 3494K, committed 3520K, reserved 4480K
}
Event: 40.915 GC heap before
{Heap before GC invocations=108 (full 12):
 def new generation   total 314560K, used 314560K [0x04800000, 0x19d50000, 0x19d50000)
  eden space 279616K, 100% used [0x04800000, 0x15910000, 0x15910000)
  from space 34944K, 100% used [0x15910000, 0x17b30000, 0x17b30000)
  to   space 34944K,   0% used [0x17b30000, 0x17b30000, 0x19d50000)
 tenured generation   total 699072K, used 699071K [0x19d50000, 0x44800000, 0x44800000)
   the space 699072K,  99% used [0x19d50000, 0x447ffff0, 0x44800000, 0x44800000)
 Metaspace       used 3510K, capacity 3534K, committed 3648K, reserved 4480K
Event: 43.225 GC heap after
Heap after GC invocations=109 (full 13):
 def new generation   total 314560K, used 50067K [0x04800000, 0x19d50000, 0x19d50000)
  eden space 279616K,  17% used [0x04800000, 0x078e4e60, 0x15910000)
  from space 34944K,   0% used [0x15910000, 0x15910000, 0x17b30000)
  to   space 34944K,   0% used [0x17b30000, 0x17b30000, 0x19d50000)
 tenured generation   total 699072K, used 699071K [0x19d50000, 0x44800000, 0x44800000)
   the space 699072K,  99% used [0x19d50000, 0x447ffff0, 0x44800000, 0x44800000)
 Metaspace       used 3510K, capacity 3534K, committed 3648K, reserved 4480K
}
Event: 45.148 GC heap before
{Heap before GC invocations=109 (full 13):
 def new generation   total 314560K, used 314560K [0x04800000, 0x19d50000, 0x19d50000)
  eden space 279616K, 100% used [0x04800000, 0x15910000, 0x15910000)
  from space 34944K, 100% used [0x15910000, 0x17b30000, 0x17b30000)
  to   space 34944K,   0% used [0x17b30000, 0x17b30000, 0x19d50000)
 tenured generation   total 699072K, used 699071K [0x19d50000, 0x44800000, 0x44800000)
   the space 699072K,  99% used [0x19d50000, 0x447ffff0, 0x44800000, 0x44800000)
 Metaspace       used 3574K, capacity 3598K, committed 3648K, reserved 4480K
Event: 47.573 GC heap after
Heap after GC invocations=110 (full 14):
 def new generation   total 314560K, used 53137K [0x04800000, 0x19d50000, 0x19d50000)
  eden space 279616K,  19% used [0x04800000, 0x07be45f8, 0x15910000)
  from space 34944K,   0% used [0x15910000, 0x15910000, 0x17b30000)
  to   space 34944K,   0% used [0x17b30000, 0x17b30000, 0x19d50000)
 tenured generation   total 699072K, used 699071K [0x19d50000, 0x44800000, 0x44800000)
   the space 699072K,  99% used [0x19d50000, 0x447ffff8, 0x44800000, 0x44800000)
 Metaspace       used 3574K, capacity 3598K, committed 3648K, reserved 4480K
}
Event: 48.749 GC heap before
{Heap before GC invocations=110 (full 14):
 def new generation   total 314560K, used 314560K [0x04800000, 0x19d50000, 0x19d50000)
  eden space 279616K, 100% used [0x04800000, 0x15910000, 0x15910000)
  from space 34944K, 100% used [0x15910000, 0x17b30000, 0x17b30000)
  to   space 34944K,   0% used [0x17b30000, 0x17b30000, 0x19d50000)
 tenured generation   total 699072K, used 699071K [0x19d50000, 0x44800000, 0x44800000)
   the space 699072K,  99% used [0x19d50000, 0x447ffff8, 0x44800000, 0x44800000)
 Metaspace       used 3574K, capacity 3598K, committed 3648K, reserved 4480K
Event: 51.132 GC heap after
Heap after GC invocations=111 (full 15):
 def new generation   total 314560K, used 0K [0x04800000, 0x19d50000, 0x19d50000)
  eden space 279616K,   0% used [0x04800000, 0x04800000, 0x15910000)
  from space 34944K,   0% used [0x15910000, 0x15910000, 0x17b30000)
  to   space 34944K,   0% used [0x17b30000, 0x17b30000, 0x19d50000)
 tenured generation   total 699072K, used 670588K [0x19d50000, 0x44800000, 0x44800000)
   the space 699072K,  95% used [0x19d50000, 0x42c2f070, 0x42c2f200, 0x44800000)
 Metaspace       used 3574K, capacity 3598K, committed 3648K, reserved 4480K
}

