# JRE version: Java(TM) SE Runtime Environment (8.0_102-b14) (build 1.8.0_102-b14)
# Java VM: Java HotSpot(TM) Client VM (25.102-b14 mixed mode windows-x86 )
Heap:
 def new generation   total 314560K, used 279616K [0x04800000, 0x19d50000, 0x19d50000)
  eden space 279616K, 100% used [0x04800000, 0x15910000, 0x15910000)
  from space 34944K,   0% used [0x15910000, 0x15910000, 0x17b30000)
  to   space 34944K,   8% used [0x17b30000, 0x17e06f58, 0x19d50000)
 tenured generation   total 699072K, used 484040K [0x19d50000, 0x44800000, 0x44800000)
   the space 699072K,  69% used [0x19d50000, 0x37602198, 0x37602200, 0x44800000)
 Metaspace       used 3482K, capacity 3496K, committed 3520K, reserved 4480K
GC Heap History (10 events):
Event: 12.908 GC heap after
Heap after GC invocations=95 (full 7):
 def new generation   total 195072K, used 21631K [0x04800000, 0x11ba0000, 0x19d50000)
  eden space 173440K,   0% used [0x04800000, 0x04800000, 0x0f160000)
  from space 21632K,  99% used [0x0f160000, 0x1067fff8, 0x10680000)
  to   space 21632K,   0% used [0x10680000, 0x10680000, 0x11ba0000)
 tenured generation   total 433340K, used 352921K [0x19d50000, 0x3447f000, 0x44800000)
   the space 433340K,  81% used [0x19d50000, 0x2f5f64d0, 0x2f5f6600, 0x3447f000)
 Metaspace       used 3478K, capacity 3496K, committed 3520K, reserved 4480K
}
Event: 13.331 GC heap before
{Heap before GC invocations=95 (full 7):
 def new generation   total 195072K, used 195071K [0x04800000, 0x11ba0000, 0x19d50000)
  eden space 173440K, 100% used [0x04800000, 0x0f160000, 0x0f160000)
  from space 21632K,  99% used [0x0f160000, 0x1067fff8, 0x10680000)
  to   space 21632K,   0% used [0x10680000, 0x10680000, 0x11ba0000)
 tenured generation   total 433340K, used 352921K [0x19d50000, 0x3447f000, 0x44800000)
   the space 433340K,  81% used [0x19d50000, 0x2f5f64d0, 0x2f5f6600, 0x3447f000)
 Metaspace       used 3482K, capacity 3496K, committed 3520K, reserved 4480K
Event: 13.454 GC heap after
Heap after GC invocations=96 (full 7):
 def new generation   total 195072K, used 21632K [0x04800000, 0x11ba0000, 0x19d50000)
  eden space 173440K,   0% used [0x04800000, 0x04800000, 0x0f160000)
  from space 21632K, 100% used [0x10680000, 0x11ba0000, 0x11ba0000)
  to   space 21632K,   0% used [0x0f160000, 0x0f160000, 0x10680000)
 tenured generation   total 433340K, used 381748K [0x19d50000, 0x3447f000, 0x44800000)
   the space 433340K,  88% used [0x19d50000, 0x3121d3f8, 0x3121d400, 0x3447f000)
 Metaspace       used 3482K, capacity 3496K, committed 3520K, reserved 4480K
}
Event: 13.888 GC heap before
{Heap before GC invocations=96 (full 7):
 def new generation   total 195072K, used 195072K [0x04800000, 0x11ba0000, 0x19d50000)
  eden space 173440K, 100% used [0x04800000, 0x0f160000, 0x0f160000)
  from space 21632K, 100% used [0x10680000, 0x11ba0000, 0x11ba0000)
  to   space 21632K,   0% used [0x0f160000, 0x0f160000, 0x10680000)
 tenured generation   total 433340K, used 381748K [0x19d50000, 0x3447f000, 0x44800000)
   the space 433340K,  88% used [0x19d50000, 0x3121d3f8, 0x3121d400, 0x3447f000)
 Metaspace       used 3482K, capacity 3496K, committed 3520K, reserved 4480K
Event: 13.999 GC heap after
Heap after GC invocations=97 (full 7):
 def new generation   total 195072K, used 21631K [0x04800000, 0x11ba0000, 0x19d50000)
  eden space 173440K,   0% used [0x04800000, 0x04800000, 0x0f160000)
  from space 21632K,  99% used [0x0f160000, 0x1067fff8, 0x10680000)
  to   space 21632K,   0% used [0x10680000, 0x10680000, 0x11ba0000)
 tenured generation   total 433340K, used 398624K [0x19d50000, 0x3447f000, 0x44800000)
   the space 433340K,  91% used [0x19d50000, 0x32298328, 0x32298400, 0x3447f000)
 Metaspace       used 3482K, capacity 3496K, committed 3520K, reserved 4480K
}
Event: 14.440 GC heap before
{Heap before GC invocations=97 (full 7):
 def new generation   total 195072K, used 195071K [0x04800000, 0x11ba0000, 0x19d50000)
  eden space 173440K, 100% used [0x04800000, 0x0f160000, 0x0f160000)
  from space 21632K,  99% used [0x0f160000, 0x1067fff8, 0x10680000)
  to   space 21632K,   0% used [0x10680000, 0x10680000, 0x11ba0000)
 tenured generation   total 433340K, used 398624K [0x19d50000, 0x3447f000, 0x44800000)
   the space 433340K,  91% used [0x19d50000, 0x32298328, 0x32298400, 0x3447f000)
 Metaspace       used 3482K, capacity 3496K, committed 3520K, reserved 4480K
Event: 14.560 GC heap after
Heap after GC invocations=98 (full 7):
 def new generation   total 195072K, used 21631K [0x04800000, 0x11ba0000, 0x19d50000)
  eden space 173440K,   0% used [0x04800000, 0x04800000, 0x0f160000)
  from space 21632K,  99% used [0x10680000, 0x11b9fff8, 0x11ba0000)
  to   space 21632K,   0% used [0x0f160000, 0x0f160000, 0x10680000)
 tenured generation   total 433340K, used 423276K [0x19d50000, 0x3447f000, 0x44800000)
   the space 433340K,  97% used [0x19d50000, 0x33aab2c0, 0x33aab400, 0x3447f000)
 Metaspace       used 3482K, capacity 3496K, committed 3520K, reserved 4480K
}
Event: 15.547 GC heap before
{Heap before GC invocations=98 (full 7):
 def new generation   total 195072K, used 195071K [0x04800000, 0x11ba0000, 0x19d50000)
  eden space 173440K, 100% used [0x04800000, 0x0f160000, 0x0f160000)
  from space 21632K,  99% used [0x10680000, 0x11b9fff8, 0x11ba0000)
  to   space 21632K,   0% used [0x0f160000, 0x0f160000, 0x10680000)
 tenured generation   total 433340K, used 423276K [0x19d50000, 0x3447f000, 0x44800000)
   the space 433340K,  97% used [0x19d50000, 0x33aab2c0, 0x33aab400, 0x3447f000)
 Metaspace       used 3482K, capacity 3496K, committed 3520K, reserved 4480K
Event: 17.230 GC heap after
Heap after GC invocations=99 (full 8):
 def new generation   total 314560K, used 0K [0x04800000, 0x19d50000, 0x19d50000)
  eden space 279616K,   0% used [0x04800000, 0x04800000, 0x15910000)
  from space 34944K,   0% used [0x15910000, 0x15910000, 0x17b30000)
  to   space 34944K,   0% used [0x17b30000, 0x17b30000, 0x19d50000)
 tenured generation   total 699072K, used 484040K [0x19d50000, 0x44800000, 0x44800000)
   the space 699072K,  69% used [0x19d50000, 0x37602198, 0x37602200, 0x44800000)
 Metaspace       used 3482K, capacity 3496K, committed 3520K, reserved 4480K
}
Event: 18.079 GC heap before
{Heap before GC invocations=99 (full 8):
 def new generation   total 314560K, used 279616K [0x04800000, 0x19d50000, 0x19d50000)
  eden space 279616K, 100% used [0x04800000, 0x15910000, 0x15910000)
  from space 34944K,   0% used [0x15910000, 0x15910000, 0x17b30000)
  to   space 34944K,   0% used [0x17b30000, 0x17b30000, 0x19d50000)
 tenured generation   total 699072K, used 484040K [0x19d50000, 0x44800000, 0x44800000)
   the space 699072K,  69% used [0x19d50000, 0x37602198, 0x37602200, 0x44800000)
 Metaspace       used 3482K, capacity 3496K, committed 3520K, reserved 4480K

