# JRE version: Java(TM) SE Runtime Environment (8.0_102-b14) (build 1.8.0_102-b14)
# Java VM: Java HotSpot(TM) Client VM (25.102-b14 mixed mode windows-x86 )
Heap:
 def new generation   total 314560K, used 21710K [0x04a00000, 0x19f50000, 0x19f50000)
  eden space 279616K,   7% used [0x04a00000, 0x05f33960, 0x15b10000)
  from space 34944K,   0% used [0x17d30000, 0x17d30000, 0x19f50000)
  to   space 34944K,   0% used [0x15b10000, 0x15b10000, 0x17d30000)
 tenured generation   total 699072K, used 671431K [0x19f50000, 0x44a00000, 0x44a00000)
   the space 699072K,  96% used [0x19f50000, 0x42f01ef8, 0x42f02000, 0x44a00000)
 Metaspace       used 3480K, capacity 3494K, committed 3520K, reserved 4480K
GC Heap History (10 events):
Event: 22.443 GC heap before
{Heap before GC invocations=101 (full 9):
 def new generation   total 314560K, used 279616K [0x04a00000, 0x19f50000, 0x19f50000)
  eden space 279616K, 100% used [0x04a00000, 0x15b10000, 0x15b10000)
  from space 34944K,   0% used [0x15b10000, 0x15b10000, 0x17d30000)
  to   space 34944K,   0% used [0x17d30000, 0x17d30000, 0x19f50000)
 tenured generation   total 699072K, used 521677K [0x19f50000, 0x44a00000, 0x44a00000)
   the space 699072K,  74% used [0x19f50000, 0x39cc3530, 0x39cc3600, 0x44a00000)
 Metaspace       used 3480K, capacity 3494K, committed 3520K, reserved 4480K
Event: 22.539 GC heap after
Heap after GC invocations=102 (full 9):
 def new generation   total 314560K, used 34944K [0x04a00000, 0x19f50000, 0x19f50000)
  eden space 279616K,   0% used [0x04a00000, 0x04a00000, 0x15b10000)
  from space 34944K, 100% used [0x17d30000, 0x19f50000, 0x19f50000)
  to   space 34944K,   0% used [0x15b10000, 0x15b10000, 0x17d30000)
 tenured generation   total 699072K, used 574386K [0x19f50000, 0x44a00000, 0x44a00000)
   the space 699072K,  82% used [0x19f50000, 0x3d03c878, 0x3d03ca00, 0x44a00000)
 Metaspace       used 3480K, capacity 3494K, committed 3520K, reserved 4480K
}
Event: 23.234 GC heap before
{Heap before GC invocations=102 (full 9):
 def new generation   total 314560K, used 314560K [0x04a00000, 0x19f50000, 0x19f50000)
  eden space 279616K, 100% used [0x04a00000, 0x15b10000, 0x15b10000)
  from space 34944K, 100% used [0x17d30000, 0x19f50000, 0x19f50000)
  to   space 34944K,   0% used [0x15b10000, 0x15b10000, 0x17d30000)
 tenured generation   total 699072K, used 574386K [0x19f50000, 0x44a00000, 0x44a00000)
   the space 699072K,  82% used [0x19f50000, 0x3d03c878, 0x3d03ca00, 0x44a00000)
 Metaspace       used 3480K, capacity 3494K, committed 3520K, reserved 4480K
Event: 23.375 GC heap after
Heap after GC invocations=103 (full 9):
 def new generation   total 314560K, used 34943K [0x04a00000, 0x19f50000, 0x19f50000)
  eden space 279616K,   0% used [0x04a00000, 0x04a00000, 0x15b10000)
  from space 34944K,  99% used [0x15b10000, 0x17d2fff8, 0x17d30000)
  to   space 34944K,   0% used [0x17d30000, 0x17d30000, 0x19f50000)
 tenured generation   total 699072K, used 613805K [0x19f50000, 0x44a00000, 0x44a00000)
   the space 699072K,  87% used [0x19f50000, 0x3f6bb6f0, 0x3f6bb800, 0x44a00000)
 Metaspace       used 3480K, capacity 3494K, committed 3520K, reserved 4480K
}
Event: 23.966 GC heap before
{Heap before GC invocations=103 (full 9):
 def new generation   total 314560K, used 314559K [0x04a00000, 0x19f50000, 0x19f50000)
  eden space 279616K, 100% used [0x04a00000, 0x15b10000, 0x15b10000)
  from space 34944K,  99% used [0x15b10000, 0x17d2fff8, 0x17d30000)
  to   space 34944K,   0% used [0x17d30000, 0x17d30000, 0x19f50000)
 tenured generation   total 699072K, used 613805K [0x19f50000, 0x44a00000, 0x44a00000)
   the space 699072K,  87% used [0x19f50000, 0x3f6bb6f0, 0x3f6bb800, 0x44a00000)
 Metaspace       used 3480K, capacity 3494K, committed 3520K, reserved 4480K
Event: 24.146 GC heap after
Heap after GC invocations=104 (full 9):
 def new generation   total 314560K, used 34943K [0x04a00000, 0x19f50000, 0x19f50000)
  eden space 279616K,   0% used [0x04a00000, 0x04a00000, 0x15b10000)
  from space 34944K,  99% used [0x17d30000, 0x19f4fff8, 0x19f50000)
  to   space 34944K,   0% used [0x15b10000, 0x15b10000, 0x17d30000)
 tenured generation   total 699072K, used 652310K [0x19f50000, 0x44a00000, 0x44a00000)
   the space 699072K,  93% used [0x19f50000, 0x41c55820, 0x41c55a00, 0x44a00000)
 Metaspace       used 3480K, capacity 3494K, committed 3520K, reserved 4480K
}
Event: 24.742 GC heap before
{Heap before GC invocations=104 (full 9):
 def new generation   total 314560K, used 314559K [0x04a00000, 0x19f50000, 0x19f50000)
  eden space 279616K, 100% used [0x04a00000, 0x15b10000, 0x15b10000)
  from space 34944K,  99% used [0x17d30000, 0x19f4fff8, 0x19f50000)
  to   space 34944K,   0% used [0x15b10000, 0x15b10000, 0x17d30000)
 tenured generation   total 699072K, used 652310K [0x19f50000, 0x44a00000, 0x44a00000)
   the space 699072K,  93% used [0x19f50000, 0x41c55820, 0x41c55a00, 0x44a00000)
 Metaspace       used 3480K, capacity 3494K, committed 3520K, reserved 4480K
Event: 26.454 GC heap after
Heap after GC invocations=105 (full 10):
 def new generation   total 314560K, used 0K [0x04a00000, 0x19f50000, 0x19f50000)
  eden space 279616K,   0% used [0x04a00000, 0x04a00000, 0x15b10000)
  from space 34944K,   0% used [0x17d30000, 0x17d30000, 0x19f50000)
  to   space 34944K,   0% used [0x15b10000, 0x15b10000, 0x17d30000)
 tenured generation   total 699072K, used 646435K [0x19f50000, 0x44a00000, 0x44a00000)
   the space 699072K,  92% used [0x19f50000, 0x41698d88, 0x41698e00, 0x44a00000)
 Metaspace       used 3480K, capacity 3494K, committed 3520K, reserved 4480K
}
Event: 27.076 GC heap before
{Heap before GC invocations=105 (full 10):
 def new generation   total 314560K, used 279616K [0x04a00000, 0x19f50000, 0x19f50000)
  eden space 279616K, 100% used [0x04a00000, 0x15b10000, 0x15b10000)
  from space 34944K,   0% used [0x17d30000, 0x17d30000, 0x19f50000)
  to   space 34944K,   0% used [0x15b10000, 0x15b10000, 0x17d30000)
 tenured generation   total 699072K, used 646435K [0x19f50000, 0x44a00000, 0x44a00000)
   the space 699072K,  92% used [0x19f50000, 0x41698d88, 0x41698e00, 0x44a00000)
 Metaspace       used 3480K, capacity 3494K, committed 3520K, reserved 4480K
Event: 28.815 GC heap after
Heap after GC invocations=106 (full 11):
 def new generation   total 314560K, used 0K [0x04a00000, 0x19f50000, 0x19f50000)
  eden space 279616K,   0% used [0x04a00000, 0x04a00000, 0x15b10000)
  from space 34944K,   0% used [0x17d30000, 0x17d30000, 0x19f50000)
  to   space 34944K,   0% used [0x15b10000, 0x15b10000, 0x17d30000)
 tenured generation   total 699072K, used 671431K [0x19f50000, 0x44a00000, 0x44a00000)
   the space 699072K,  96% used [0x19f50000, 0x42f01ef8, 0x42f02000, 0x44a00000)
 Metaspace       used 3480K, capacity 3494K, committed 3520K, reserved 4480K
}

