# JRE version: Java(TM) SE Runtime Environment (8.0_102-b14) (build 1.8.0_102-b14)
# Java VM: Java HotSpot(TM) Client VM (25.102-b14 mixed mode windows-x86 )
Heap:
 def new generation   total 314560K, used 279616K [0x04a00000, 0x19f50000, 0x19f50000)
  eden space 279616K, 100% used [0x04a00000, 0x15b10000, 0x15b10000)
  from space 34944K,   0% used [0x15b10000, 0x15b10000, 0x17d30000)
  to   space 34944K,   0% used [0x17d30000, 0x17d30000, 0x19f50000)
 tenured generation   total 699072K, used 643447K [0x19f50000, 0x44a00000, 0x44a00000)
   the space 699072K,  92% used [0x19f50000, 0x413ade60, 0x413ae000, 0x44a00000)
 Metaspace       used 3483K, capacity 3496K, committed 3520K, reserved 4480K
GC Heap History (10 events):
Event: 21.496 GC heap after
Heap after GC invocations=103 (full 10):
 def new generation   total 314560K, used 0K [0x04a00000, 0x19f50000, 0x19f50000)
  eden space 279616K,   0% used [0x04a00000, 0x04a00000, 0x15b10000)
  from space 34944K,   0% used [0x15b10000, 0x15b10000, 0x17d30000)
  to   space 34944K,   0% used [0x17d30000, 0x17d30000, 0x19f50000)
 tenured generation   total 699072K, used 589802K [0x19f50000, 0x44a00000, 0x44a00000)
   the space 699072K,  84% used [0x19f50000, 0x3df4a838, 0x3df4aa00, 0x44a00000)
 Metaspace       used 3483K, capacity 3496K, committed 3520K, reserved 4480K
}
Event: 22.136 GC heap before
{Heap before GC invocations=103 (full 10):
 def new generation   total 314560K, used 279616K [0x04a00000, 0x19f50000, 0x19f50000)
  eden space 279616K, 100% used [0x04a00000, 0x15b10000, 0x15b10000)
  from space 34944K,   0% used [0x15b10000, 0x15b10000, 0x17d30000)
  to   space 34944K,   0% used [0x17d30000, 0x17d30000, 0x19f50000)
 tenured generation   total 699072K, used 589802K [0x19f50000, 0x44a00000, 0x44a00000)
   the space 699072K,  84% used [0x19f50000, 0x3df4a838, 0x3df4aa00, 0x44a00000)
 Metaspace       used 3483K, capacity 3496K, committed 3520K, reserved 4480K
Event: 22.250 GC heap after
Heap after GC invocations=104 (full 10):
 def new generation   total 314560K, used 34944K [0x04a00000, 0x19f50000, 0x19f50000)
  eden space 279616K,   0% used [0x04a00000, 0x04a00000, 0x15b10000)
  from space 34944K, 100% used [0x17d30000, 0x19f50000, 0x19f50000)
  to   space 34944K,   0% used [0x15b10000, 0x15b10000, 0x17d30000)
 tenured generation   total 699072K, used 608331K [0x19f50000, 0x44a00000, 0x44a00000)
   the space 699072K,  87% used [0x19f50000, 0x3f162d70, 0x3f162e00, 0x44a00000)
 Metaspace       used 3483K, capacity 3496K, committed 3520K, reserved 4480K
}
Event: 22.940 GC heap before
{Heap before GC invocations=104 (full 10):
 def new generation   total 314560K, used 314560K [0x04a00000, 0x19f50000, 0x19f50000)
  eden space 279616K, 100% used [0x04a00000, 0x15b10000, 0x15b10000)
  from space 34944K, 100% used [0x17d30000, 0x19f50000, 0x19f50000)
  to   space 34944K,   0% used [0x15b10000, 0x15b10000, 0x17d30000)
 tenured generation   total 699072K, used 608331K [0x19f50000, 0x44a00000, 0x44a00000)
   the space 699072K,  87% used [0x19f50000, 0x3f162d70, 0x3f162e00, 0x44a00000)
 Metaspace       used 3483K, capacity 3496K, committed 3520K, reserved 4480K
Event: 23.100 GC heap after
Heap after GC invocations=105 (full 10):
 def new generation   total 314560K, used 34944K [0x04a00000, 0x19f50000, 0x19f50000)
  eden space 279616K,   0% used [0x04a00000, 0x04a00000, 0x15b10000)
  from space 34944K, 100% used [0x15b10000, 0x17d30000, 0x17d30000)
  to   space 34944K,   0% used [0x17d30000, 0x17d30000, 0x19f50000)
 tenured generation   total 699072K, used 644563K [0x19f50000, 0x44a00000, 0x44a00000)
   the space 699072K,  92% used [0x19f50000, 0x414c4d50, 0x414c4e00, 0x44a00000)
 Metaspace       used 3483K, capacity 3496K, committed 3520K, reserved 4480K
}
Event: 23.766 GC heap before
{Heap before GC invocations=105 (full 10):
 def new generation   total 314560K, used 314560K [0x04a00000, 0x19f50000, 0x19f50000)
  eden space 279616K, 100% used [0x04a00000, 0x15b10000, 0x15b10000)
  from space 34944K, 100% used [0x15b10000, 0x17d30000, 0x17d30000)
  to   space 34944K,   0% used [0x17d30000, 0x17d30000, 0x19f50000)
 tenured generation   total 699072K, used 644563K [0x19f50000, 0x44a00000, 0x44a00000)
   the space 699072K,  92% used [0x19f50000, 0x414c4d50, 0x414c4e00, 0x44a00000)
 Metaspace       used 3483K, capacity 3496K, committed 3520K, reserved 4480K
Event: 25.483 GC heap after
Heap after GC invocations=106 (full 11):
 def new generation   total 314560K, used 0K [0x04a00000, 0x19f50000, 0x19f50000)
  eden space 279616K,   0% used [0x04a00000, 0x04a00000, 0x15b10000)
  from space 34944K,   0% used [0x15b10000, 0x15b10000, 0x17d30000)
  to   space 34944K,   0% used [0x17d30000, 0x17d30000, 0x19f50000)
 tenured generation   total 699072K, used 640088K [0x19f50000, 0x44a00000, 0x44a00000)
   the space 699072K,  91% used [0x19f50000, 0x410661e0, 0x41066200, 0x44a00000)
 Metaspace       used 3483K, capacity 3496K, committed 3520K, reserved 4480K
}
Event: 26.117 GC heap before
{Heap before GC invocations=106 (full 11):
 def new generation   total 314560K, used 279616K [0x04a00000, 0x19f50000, 0x19f50000)
  eden space 279616K, 100% used [0x04a00000, 0x15b10000, 0x15b10000)
  from space 34944K,   0% used [0x15b10000, 0x15b10000, 0x17d30000)
  to   space 34944K,   0% used [0x17d30000, 0x17d30000, 0x19f50000)
 tenured generation   total 699072K, used 640088K [0x19f50000, 0x44a00000, 0x44a00000)
   the space 699072K,  91% used [0x19f50000, 0x410661e0, 0x41066200, 0x44a00000)
 Metaspace       used 3483K, capacity 3496K, committed 3520K, reserved 4480K
Event: 28.238 GC heap after
Heap after GC invocations=107 (full 12):
 def new generation   total 314560K, used 0K [0x04a00000, 0x19f50000, 0x19f50000)
  eden space 279616K,   0% used [0x04a00000, 0x04a00000, 0x15b10000)
  from space 34944K,   0% used [0x15b10000, 0x15b10000, 0x17d30000)
  to   space 34944K,   0% used [0x17d30000, 0x17d30000, 0x19f50000)
 tenured generation   total 699072K, used 643447K [0x19f50000, 0x44a00000, 0x44a00000)
   the space 699072K,  92% used [0x19f50000, 0x413ade60, 0x413ae000, 0x44a00000)
 Metaspace       used 3483K, capacity 3496K, committed 3520K, reserved 4480K
}
Event: 28.898 GC heap before
{Heap before GC invocations=107 (full 12):
 def new generation   total 314560K, used 279616K [0x04a00000, 0x19f50000, 0x19f50000)
  eden space 279616K, 100% used [0x04a00000, 0x15b10000, 0x15b10000)
  from space 34944K,   0% used [0x15b10000, 0x15b10000, 0x17d30000)
  to   space 34944K,   0% used [0x17d30000, 0x17d30000, 0x19f50000)
 tenured generation   total 699072K, used 643447K [0x19f50000, 0x44a00000, 0x44a00000)
   the space 699072K,  92% used [0x19f50000, 0x413ade60, 0x413ae000, 0x44a00000)
 Metaspace       used 3483K, capacity 3496K, committed 3520K, reserved 4480K

