# JRE version: Java(TM) SE Runtime Environment (8.0_91-b15) (build 1.8.0_91-b15)
# Java VM: Java HotSpot(TM) 64-Bit Server VM (25.91-b15 mixed mode windows-amd64 compressed oops)
Heap:
 PSYoungGen      total 514560K, used 205684K [0x00000000d5580000, 0x0000000100000000, 0x0000000100000000)
  eden space 448000K, 31% used [0x00000000d5580000,0x00000000ddd5da38,0x00000000f0b00000)
  from space 66560K, 99% used [0x00000000f0b00000,0x00000000f4bff600,0x00000000f4c00000)
  to   space 125952K, 0% used [0x00000000f8500000,0x00000000f8500000,0x0000000100000000)
 ParOldGen       total 312832K, used 242479K [0x0000000080000000, 0x0000000093180000, 0x00000000d5580000)
  object space 312832K, 77% used [0x0000000080000000,0x000000008eccbd30,0x0000000093180000)
 Metaspace       used 6656K, capacity 7320K, committed 7680K, reserved 1056768K
  class space    used 629K, capacity 656K, committed 768K, reserved 1048576K
GC Heap History (10 events):
Event: 5.653 GC heap before
{Heap before GC invocations=9 (full 1):
 PSYoungGen      total 552448K, used 50679K [0x00000000d5580000, 0x00000000fd580000, 0x0000000100000000)
  eden space 501760K, 0% used [0x00000000d5580000,0x00000000d5580000,0x00000000f3f80000)
  from space 50688K, 99% used [0x00000000f8200000,0x00000000fb37df48,0x00000000fb380000)
  to   space 68096K, 0% used [0x00000000f3f80000,0x00000000f3f80000,0x00000000f8200000)
 ParOldGen       total 87552K, used 74988K [0x0000000080000000, 0x0000000085580000, 0x00000000d5580000)
  object space 87552K, 85% used [0x0000000080000000,0x000000008493b098,0x0000000085580000)
 Metaspace       used 6609K, capacity 7256K, committed 7424K, reserved 1056768K
  class space    used 627K, capacity 656K, committed 768K, reserved 1048576K
Event: 7.212 GC heap after
Heap after GC invocations=9 (full 1):
 PSYoungGen      total 552448K, used 34724K [0x00000000d5580000, 0x00000000fd580000, 0x0000000100000000)
  eden space 501760K, 0% used [0x00000000d5580000,0x00000000d5580000,0x00000000f3f80000)
  from space 50688K, 68% used [0x00000000f8200000,0x00000000fa3e9058,0x00000000fb380000)
  to   space 68096K, 0% used [0x00000000f3f80000,0x00000000f3f80000,0x00000000f8200000)
 ParOldGen       total 171520K, used 87349K [0x0000000080000000, 0x000000008a780000, 0x00000000d5580000)
  object space 171520K, 50% used [0x0000000080000000,0x000000008554d610,0x000000008a780000)
 Metaspace       used 6609K, capacity 7256K, committed 7424K, reserved 1056768K
  class space    used 627K, capacity 656K, committed 768K, reserved 1048576K
}
Event: 9.554 GC heap before
{Heap before GC invocations=10 (full 1):
 PSYoungGen      total 552448K, used 536484K [0x00000000d5580000, 0x00000000fd580000, 0x0000000100000000)
  eden space 501760K, 100% used [0x00000000d5580000,0x00000000f3f80000,0x00000000f3f80000)
  from space 50688K, 68% used [0x00000000f8200000,0x00000000fa3e9058,0x00000000fb380000)
  to   space 68096K, 0% used [0x00000000f3f80000,0x00000000f3f80000,0x00000000f8200000)
 ParOldGen       total 171520K, used 87349K [0x0000000080000000, 0x000000008a780000, 0x00000000d5580000)
  object space 171520K, 50% used [0x0000000080000000,0x000000008554d610,0x000000008a780000)
 Metaspace       used 6629K, capacity 7320K, committed 7680K, reserved 1056768K
  class space    used 627K, capacity 656K, committed 768K, reserved 1048576K
Event: 9.816 GC heap after
Heap after GC invocations=10 (full 1):
 PSYoungGen      total 569856K, used 68064K [0x00000000d5580000, 0x0000000100000000, 0x0000000100000000)
  eden space 501760K, 0% used [0x00000000d5580000,0x00000000d5580000,0x00000000f3f80000)
  from space 68096K, 99% used [0x00000000f3f80000,0x00000000f81f8360,0x00000000f8200000)
  to   space 89600K, 0% used [0x00000000fa880000,0x00000000fa880000,0x0000000100000000)
 ParOldGen       total 171520K, used 108550K [0x0000000080000000, 0x000000008a780000, 0x00000000d5580000)
  object space 171520K, 63% used [0x0000000080000000,0x0000000086a01a28,0x000000008a780000)
 Metaspace       used 6629K, capacity 7320K, committed 7680K, reserved 1056768K
  class space    used 627K, capacity 656K, committed 768K, reserved 1048576K
}
Event: 13.582 GC heap before
{Heap before GC invocations=11 (full 1):
 PSYoungGen      total 569856K, used 569824K [0x00000000d5580000, 0x0000000100000000, 0x0000000100000000)
  eden space 501760K, 100% used [0x00000000d5580000,0x00000000f3f80000,0x00000000f3f80000)
  from space 68096K, 99% used [0x00000000f3f80000,0x00000000f81f8360,0x00000000f8200000)
  to   space 89600K, 0% used [0x00000000fa880000,0x00000000fa880000,0x0000000100000000)
 ParOldGen       total 171520K, used 108550K [0x0000000080000000, 0x000000008a780000, 0x00000000d5580000)
  object space 171520K, 63% used [0x0000000080000000,0x0000000086a01a28,0x000000008a780000)
 Metaspace       used 6639K, capacity 7320K, committed 7680K, reserved 1056768K
  class space    used 627K, capacity 656K, committed 768K, reserved 1048576K
Event: 13.962 GC heap after
Heap after GC invocations=11 (full 1):
 PSYoungGen      total 537600K, used 89599K [0x00000000d5580000, 0x0000000100000000, 0x0000000100000000)
  eden space 448000K, 0% used [0x00000000d5580000,0x00000000d5580000,0x00000000f0b00000)
  from space 89600K, 99% used [0x00000000fa880000,0x00000000fffffd58,0x0000000100000000)
  to   space 125440K, 0% used [0x00000000f0b00000,0x00000000f0b00000,0x00000000f8580000)
 ParOldGen       total 171520K, used 162245K [0x0000000080000000, 0x000000008a780000, 0x00000000d5580000)
  object space 171520K, 94% used [0x0000000080000000,0x0000000089e715d8,0x000000008a780000)
 Metaspace       used 6639K, capacity 7320K, committed 7680K, reserved 1056768K
  class space    used 627K, capacity 656K, committed 768K, reserved 1048576K
}
Event: 13.962 GC heap before
{Heap before GC invocations=12 (full 2):
 PSYoungGen      total 537600K, used 89599K [0x00000000d5580000, 0x0000000100000000, 0x0000000100000000)
  eden space 448000K, 0% used [0x00000000d5580000,0x00000000d5580000,0x00000000f0b00000)
  from space 89600K, 99% used [0x00000000fa880000,0x00000000fffffd58,0x0000000100000000)
  to   space 125440K, 0% used [0x00000000f0b00000,0x00000000f0b00000,0x00000000f8580000)
 ParOldGen       total 171520K, used 162245K [0x0000000080000000, 0x000000008a780000, 0x00000000d5580000)
  object space 171520K, 94% used [0x0000000080000000,0x0000000089e715d8,0x000000008a780000)
 Metaspace       used 6639K, capacity 7320K, committed 7680K, reserved 1056768K
  class space    used 627K, capacity 656K, committed 768K, reserved 1048576K
Event: 16.313 GC heap after
Heap after GC invocations=12 (full 2):
 PSYoungGen      total 537600K, used 70425K [0x00000000d5580000, 0x0000000100000000, 0x0000000100000000)
  eden space 448000K, 0% used [0x00000000d5580000,0x00000000d5580000,0x00000000f0b00000)
  from space 89600K, 78% used [0x00000000fa880000,0x00000000fed46430,0x0000000100000000)
  to   space 125440K, 0% used [0x00000000f0b00000,0x00000000f0b00000,0x00000000f8580000)
 ParOldGen       total 312832K, used 171342K [0x0000000080000000, 0x0000000093180000, 0x00000000d5580000)
  object space 312832K, 54% used [0x0000000080000000,0x000000008a753928,0x0000000093180000)
 Metaspace       used 6639K, capacity 7320K, committed 7680K, reserved 1056768K
  class space    used 627K, capacity 656K, committed 768K, reserved 1048576K
}
Event: 18.554 GC heap before
{Heap before GC invocations=13 (full 2):
 PSYoungGen      total 537600K, used 518425K [0x00000000d5580000, 0x0000000100000000, 0x0000000100000000)
  eden space 448000K, 100% used [0x00000000d5580000,0x00000000f0b00000,0x00000000f0b00000)
  from space 89600K, 78% used [0x00000000fa880000,0x00000000fed46430,0x0000000100000000)
  to   space 125440K, 0% used [0x00000000f0b00000,0x00000000f0b00000,0x00000000f8580000)
 ParOldGen       total 312832K, used 171342K [0x0000000080000000, 0x0000000093180000, 0x00000000d5580000)
  object space 312832K, 54% used [0x0000000080000000,0x000000008a753928,0x0000000093180000)
 Metaspace       used 6646K, capacity 7320K, committed 7680K, reserved 1056768K
  class space    used 627K, capacity 656K, committed 768K, reserved 1048576K
Event: 18.799 GC heap after
Heap after GC invocations=13 (full 2):
 PSYoungGen      total 514560K, used 66557K [0x00000000d5580000, 0x0000000100000000, 0x0000000100000000)
  eden space 448000K, 0% used [0x00000000d5580000,0x00000000d5580000,0x00000000f0b00000)
  from space 66560K, 99% used [0x00000000f0b00000,0x00000000f4bff600,0x00000000f4c00000)
  to   space 125952K, 0% used [0x00000000f8500000,0x00000000f8500000,0x0000000100000000)
 ParOldGen       total 312832K, used 242479K [0x0000000080000000, 0x0000000093180000, 0x00000000d5580000)
  object space 312832K, 77% used [0x0000000080000000,0x000000008eccbd30,0x0000000093180000)
 Metaspace       used 6646K, capacity 7320K, committed 7680K, reserved 1056768K
  class space    used 627K, capacity 656K, committed 768K, reserved 1048576K
}

