# JRE version: Java(TM) SE Runtime Environment (8.0_102-b14) (build 1.8.0_102-b14)
# Java VM: Java HotSpot(TM) Client VM (25.102-b14 mixed mode windows-x86 )
Heap:
 def new generation   total 314560K, used 314560K [0x04a00000, 0x19f50000, 0x19f50000)
  eden space 279616K, 100% used [0x04a00000, 0x15b10000, 0x15b10000)
  from space 34944K, 100% used [0x15b10000, 0x17d30000, 0x17d30000)
  to   space 34944K,   0% used [0x17d30000, 0x17d30000, 0x19f50000)
 tenured generation   total 699072K, used 699071K [0x19f50000, 0x44a00000, 0x44a00000)
   the space 699072K,  99% used [0x19f50000, 0x449ffff8, 0x44a00000, 0x44a00000)
 Metaspace       used 3518K, capacity 3566K, committed 3648K, reserved 4480K
GC Heap History (10 events):
Event: 24.993 GC heap after
Heap after GC invocations=104 (full 10):
 def new generation   total 314560K, used 34943K [0x04a00000, 0x19f50000, 0x19f50000)
  eden space 279616K,   0% used [0x04a00000, 0x04a00000, 0x15b10000)
  from space 34944K,  99% used [0x15b10000, 0x17d2fff8, 0x17d30000)
  to   space 34944K,   0% used [0x17d30000, 0x17d30000, 0x19f50000)
 tenured generation   total 699072K, used 555330K [0x19f50000, 0x44a00000, 0x44a00000)
   the space 699072K,  79% used [0x19f50000, 0x3bda0928, 0x3bda0a00, 0x44a00000)
 Metaspace       used 3489K, capacity 3494K, committed 3520K, reserved 4480K
}
Event: 25.603 GC heap before
{Heap before GC invocations=104 (full 10):
 def new generation   total 314560K, used 314559K [0x04a00000, 0x19f50000, 0x19f50000)
  eden space 279616K, 100% used [0x04a00000, 0x15b10000, 0x15b10000)
  from space 34944K,  99% used [0x15b10000, 0x17d2fff8, 0x17d30000)
  to   space 34944K,   0% used [0x17d30000, 0x17d30000, 0x19f50000)
 tenured generation   total 699072K, used 555330K [0x19f50000, 0x44a00000, 0x44a00000)
   the space 699072K,  79% used [0x19f50000, 0x3bda0928, 0x3bda0a00, 0x44a00000)
 Metaspace       used 3489K, capacity 3494K, committed 3520K, reserved 4480K
Event: 25.786 GC heap after
Heap after GC invocations=105 (full 10):
 def new generation   total 314560K, used 34944K [0x04a00000, 0x19f50000, 0x19f50000)
  eden space 279616K,   0% used [0x04a00000, 0x04a00000, 0x15b10000)
  from space 34944K, 100% used [0x17d30000, 0x19f50000, 0x19f50000)
  to   space 34944K,   0% used [0x15b10000, 0x15b10000, 0x17d30000)
 tenured generation   total 699072K, used 596292K [0x19f50000, 0x44a00000, 0x44a00000)
   the space 699072K,  85% used [0x19f50000, 0x3e5a11f0, 0x3e5a1200, 0x44a00000)
 Metaspace       used 3489K, capacity 3494K, committed 3520K, reserved 4480K
}
Event: 26.385 GC heap before
{Heap before GC invocations=105 (full 10):
 def new generation   total 314560K, used 314560K [0x04a00000, 0x19f50000, 0x19f50000)
  eden space 279616K, 100% used [0x04a00000, 0x15b10000, 0x15b10000)
  from space 34944K, 100% used [0x17d30000, 0x19f50000, 0x19f50000)
  to   space 34944K,   0% used [0x15b10000, 0x15b10000, 0x17d30000)
 tenured generation   total 699072K, used 596292K [0x19f50000, 0x44a00000, 0x44a00000)
   the space 699072K,  85% used [0x19f50000, 0x3e5a11f0, 0x3e5a1200, 0x44a00000)
 Metaspace       used 3489K, capacity 3494K, committed 3520K, reserved 4480K
Event: 26.569 GC heap after
Heap after GC invocations=106 (full 10):
 def new generation   total 314560K, used 34943K [0x04a00000, 0x19f50000, 0x19f50000)
  eden space 279616K,   0% used [0x04a00000, 0x04a00000, 0x15b10000)
  from space 34944K,  99% used [0x15b10000, 0x17d2fff8, 0x17d30000)
  to   space 34944K,   0% used [0x17d30000, 0x17d30000, 0x19f50000)
 tenured generation   total 699072K, used 636749K [0x19f50000, 0x44a00000, 0x44a00000)
   the space 699072K,  91% used [0x19f50000, 0x40d23510, 0x40d23600, 0x44a00000)
 Metaspace       used 3489K, capacity 3494K, committed 3520K, reserved 4480K
}
Event: 27.201 GC heap before
{Heap before GC invocations=106 (full 10):
 def new generation   total 314560K, used 314559K [0x04a00000, 0x19f50000, 0x19f50000)
  eden space 279616K, 100% used [0x04a00000, 0x15b10000, 0x15b10000)
  from space 34944K,  99% used [0x15b10000, 0x17d2fff8, 0x17d30000)
  to   space 34944K,   0% used [0x17d30000, 0x17d30000, 0x19f50000)
 tenured generation   total 699072K, used 636749K [0x19f50000, 0x44a00000, 0x44a00000)
   the space 699072K,  91% used [0x19f50000, 0x40d23510, 0x40d23600, 0x44a00000)
 Metaspace       used 3489K, capacity 3494K, committed 3520K, reserved 4480K
Event: 29.132 GC heap after
Heap after GC invocations=107 (full 11):
 def new generation   total 314560K, used 9012K [0x04a00000, 0x19f50000, 0x19f50000)
  eden space 279616K,   3% used [0x04a00000, 0x052cd150, 0x15b10000)
  from space 34944K,   0% used [0x15b10000, 0x15b10000, 0x17d30000)
  to   space 34944K,   0% used [0x17d30000, 0x17d30000, 0x19f50000)
 tenured generation   total 699072K, used 699071K [0x19f50000, 0x44a00000, 0x44a00000)
   the space 699072K,  99% used [0x19f50000, 0x449fffc8, 0x44a00000, 0x44a00000)
 Metaspace       used 3489K, capacity 3494K, committed 3520K, reserved 4480K
}
Event: 30.147 GC heap before
{Heap before GC invocations=107 (full 11):
 def new generation   total 314560K, used 314560K [0x04a00000, 0x19f50000, 0x19f50000)
  eden space 279616K, 100% used [0x04a00000, 0x15b10000, 0x15b10000)
  from space 34944K, 100% used [0x15b10000, 0x17d30000, 0x17d30000)
  to   space 34944K,   0% used [0x17d30000, 0x17d30000, 0x19f50000)
 tenured generation   total 699072K, used 699071K [0x19f50000, 0x44a00000, 0x44a00000)
   the space 699072K,  99% used [0x19f50000, 0x449fffe0, 0x44a00000, 0x44a00000)
 Metaspace       used 3508K, capacity 3534K, committed 3648K, reserved 4480K
Event: 32.478 GC heap after
Heap after GC invocations=108 (full 12):
 def new generation   total 314560K, used 8680K [0x04a00000, 0x19f50000, 0x19f50000)
  eden space 279616K,   3% used [0x04a00000, 0x0527a160, 0x15b10000)
  from space 34944K,   0% used [0x15b10000, 0x15b10000, 0x17d30000)
  to   space 34944K,   0% used [0x17d30000, 0x17d30000, 0x19f50000)
 tenured generation   total 699072K, used 699071K [0x19f50000, 0x44a00000, 0x44a00000)
   the space 699072K,  99% used [0x19f50000, 0x449ffff8, 0x44a00000, 0x44a00000)
 Metaspace       used 3508K, capacity 3534K, committed 3648K, reserved 4480K
}
Event: 33.662 GC heap before
{Heap before GC invocations=108 (full 12):
 def new generation   total 314560K, used 314560K [0x04a00000, 0x19f50000, 0x19f50000)
  eden space 279616K, 100% used [0x04a00000, 0x15b10000, 0x15b10000)
  from space 34944K, 100% used [0x15b10000, 0x17d30000, 0x17d30000)
  to   space 34944K,   0% used [0x17d30000, 0x17d30000, 0x19f50000)
 tenured generation   total 699072K, used 699071K [0x19f50000, 0x44a00000, 0x44a00000)
   the space 699072K,  99% used [0x19f50000, 0x449ffff8, 0x44a00000, 0x44a00000)
 Metaspace       used 3518K, capacity 3566K, committed 3648K, reserved 4480K

