# JRE version: Java(TM) SE Runtime Environment (8.0_102-b14) (build 1.8.0_102-b14)
# Java VM: Java HotSpot(TM) Client VM (25.102-b14 mixed mode windows-x86 )
Heap:
 def new generation   total 314560K, used 5628K [0x04800000, 0x19d50000, 0x19d50000)
  eden space 279616K,   2% used [0x04800000, 0x04d7f1c0, 0x15910000)
  from space 34944K,   0% used [0x17b30000, 0x17b30000, 0x19d50000)
  to   space 34944K,   0% used [0x15910000, 0x15910000, 0x17b30000)
 tenured generation   total 699072K, used 659373K [0x19d50000, 0x44800000, 0x44800000)
   the space 699072K,  94% used [0x19d50000, 0x4213b588, 0x4213b600, 0x44800000)
 Metaspace       used 3489K, capacity 3496K, committed 3520K, reserved 4480K
GC Heap History (10 events):
Event: 21.184 GC heap before
{Heap before GC invocations=103 (full 9):
 def new generation   total 314560K, used 314560K [0x04800000, 0x19d50000, 0x19d50000)
  eden space 279616K, 100% used [0x04800000, 0x15910000, 0x15910000)
  from space 34944K, 100% used [0x17b30000, 0x19d50000, 0x19d50000)
  to   space 34944K,   0% used [0x15910000, 0x15910000, 0x17b30000)
 tenured generation   total 699072K, used 649956K [0x19d50000, 0x44800000, 0x44800000)
   the space 699072K,  92% used [0x19d50000, 0x418091f0, 0x41809200, 0x44800000)
 Metaspace       used 3489K, capacity 3494K, committed 3520K, reserved 4480K
Event: 22.653 GC heap after
Heap after GC invocations=104 (full 10):
 def new generation   total 314560K, used 0K [0x04800000, 0x19d50000, 0x19d50000)
  eden space 279616K,   0% used [0x04800000, 0x04800000, 0x15910000)
  from space 34944K,   0% used [0x17b30000, 0x17b30000, 0x19d50000)
  to   space 34944K,   0% used [0x15910000, 0x15910000, 0x17b30000)
 tenured generation   total 699072K, used 566460K [0x19d50000, 0x44800000, 0x44800000)
   the space 699072K,  81% used [0x19d50000, 0x3c67f2b8, 0x3c67f400, 0x44800000)
 Metaspace       used 3489K, capacity 3494K, committed 3520K, reserved 4480K
}
Event: 23.229 GC heap before
{Heap before GC invocations=104 (full 10):
 def new generation   total 314560K, used 279616K [0x04800000, 0x19d50000, 0x19d50000)
  eden space 279616K, 100% used [0x04800000, 0x15910000, 0x15910000)
  from space 34944K,   0% used [0x17b30000, 0x17b30000, 0x19d50000)
  to   space 34944K,   0% used [0x15910000, 0x15910000, 0x17b30000)
 tenured generation   total 699072K, used 566460K [0x19d50000, 0x44800000, 0x44800000)
   the space 699072K,  81% used [0x19d50000, 0x3c67f2b8, 0x3c67f400, 0x44800000)
 Metaspace       used 3489K, capacity 3494K, committed 3520K, reserved 4480K
Event: 23.343 GC heap after
Heap after GC invocations=105 (full 10):
 def new generation   total 314560K, used 34944K [0x04800000, 0x19d50000, 0x19d50000)
  eden space 279616K,   0% used [0x04800000, 0x04800000, 0x15910000)
  from space 34944K, 100% used [0x15910000, 0x17b30000, 0x17b30000)
  to   space 34944K,   0% used [0x17b30000, 0x17b30000, 0x19d50000)
 tenured generation   total 699072K, used 571532K [0x19d50000, 0x44800000, 0x44800000)
   the space 699072K,  81% used [0x19d50000, 0x3cb73088, 0x3cb73200, 0x44800000)
 Metaspace       used 3489K, capacity 3494K, committed 3520K, reserved 4480K
}
Event: 23.957 GC heap before
{Heap before GC invocations=105 (full 10):
 def new generation   total 314560K, used 314560K [0x04800000, 0x19d50000, 0x19d50000)
  eden space 279616K, 100% used [0x04800000, 0x15910000, 0x15910000)
  from space 34944K, 100% used [0x15910000, 0x17b30000, 0x17b30000)
  to   space 34944K,   0% used [0x17b30000, 0x17b30000, 0x19d50000)
 tenured generation   total 699072K, used 571532K [0x19d50000, 0x44800000, 0x44800000)
   the space 699072K,  81% used [0x19d50000, 0x3cb73088, 0x3cb73200, 0x44800000)
 Metaspace       used 3489K, capacity 3494K, committed 3520K, reserved 4480K
Event: 24.149 GC heap after
Heap after GC invocations=106 (full 10):
 def new generation   total 314560K, used 34944K [0x04800000, 0x19d50000, 0x19d50000)
  eden space 279616K,   0% used [0x04800000, 0x04800000, 0x15910000)
  from space 34944K, 100% used [0x17b30000, 0x19d50000, 0x19d50000)
  to   space 34944K,   0% used [0x15910000, 0x15910000, 0x17b30000)
 tenured generation   total 699072K, used 613209K [0x19d50000, 0x44800000, 0x44800000)
   the space 699072K,  87% used [0x19d50000, 0x3f426550, 0x3f426600, 0x44800000)
 Metaspace       used 3489K, capacity 3494K, committed 3520K, reserved 4480K
}
Event: 24.744 GC heap before
{Heap before GC invocations=106 (full 10):
 def new generation   total 314560K, used 314560K [0x04800000, 0x19d50000, 0x19d50000)
  eden space 279616K, 100% used [0x04800000, 0x15910000, 0x15910000)
  from space 34944K, 100% used [0x17b30000, 0x19d50000, 0x19d50000)
  to   space 34944K,   0% used [0x15910000, 0x15910000, 0x17b30000)
 tenured generation   total 699072K, used 613209K [0x19d50000, 0x44800000, 0x44800000)
   the space 699072K,  87% used [0x19d50000, 0x3f426550, 0x3f426600, 0x44800000)
 Metaspace       used 3489K, capacity 3494K, committed 3520K, reserved 4480K
Event: 26.607 GC heap after
Heap after GC invocations=107 (full 11):
 def new generation   total 314560K, used 0K [0x04800000, 0x19d50000, 0x19d50000)
  eden space 279616K,   0% used [0x04800000, 0x04800000, 0x15910000)
  from space 34944K,   0% used [0x17b30000, 0x17b30000, 0x19d50000)
  to   space 34944K,   0% used [0x15910000, 0x15910000, 0x17b30000)
 tenured generation   total 699072K, used 685278K [0x19d50000, 0x44800000, 0x44800000)
   the space 699072K,  98% used [0x19d50000, 0x43a87ae0, 0x43a87c00, 0x44800000)
 Metaspace       used 3489K, capacity 3494K, committed 3520K, reserved 4480K
}
Event: 27.214 GC heap before
{Heap before GC invocations=107 (full 11):
 def new generation   total 314560K, used 279616K [0x04800000, 0x19d50000, 0x19d50000)
  eden space 279616K, 100% used [0x04800000, 0x15910000, 0x15910000)
  from space 34944K,   0% used [0x17b30000, 0x17b30000, 0x19d50000)
  to   space 34944K,   0% used [0x15910000, 0x15910000, 0x17b30000)
 tenured generation   total 699072K, used 685278K [0x19d50000, 0x44800000, 0x44800000)
   the space 699072K,  98% used [0x19d50000, 0x43a87ae0, 0x43a87c00, 0x44800000)
 Metaspace       used 3489K, capacity 3494K, committed 3520K, reserved 4480K
Event: 29.388 GC heap after
Heap after GC invocations=108 (full 12):
 def new generation   total 314560K, used 0K [0x04800000, 0x19d50000, 0x19d50000)
  eden space 279616K,   0% used [0x04800000, 0x04800000, 0x15910000)
  from space 34944K,   0% used [0x17b30000, 0x17b30000, 0x19d50000)
  to   space 34944K,   0% used [0x15910000, 0x15910000, 0x17b30000)
 tenured generation   total 699072K, used 659373K [0x19d50000, 0x44800000, 0x44800000)
   the space 699072K,  94% used [0x19d50000, 0x4213b588, 0x4213b600, 0x44800000)
 Metaspace       used 3489K, capacity 3494K, committed 3520K, reserved 4480K
}

