# JRE version: Java(TM) SE Runtime Environment (8.0_102-b14) (build 1.8.0_102-b14)
# Java VM: Java HotSpot(TM) Client VM (25.102-b14 mixed mode windows-x86 )
Heap:
 def new generation   total 314560K, used 16567K [0x04800000, 0x19d50000, 0x19d50000)
  eden space 279616K,   5% used [0x04800000, 0x0582dca8, 0x15910000)
  from space 34944K,   0% used [0x17b30000, 0x17b30000, 0x19d50000)
  to   space 34944K,   0% used [0x15910000, 0x15910000, 0x17b30000)
 tenured generation   total 699072K, used 474627K [0x19d50000, 0x44800000, 0x44800000)
   the space 699072K,  67% used [0x19d50000, 0x36cd0dd0, 0x36cd0e00, 0x44800000)
 Metaspace       used 3753K, capacity 3790K, committed 3904K, reserved 4480K
GC Heap History (10 events):
Event: 26.081 GC heap before
{Heap before GC invocations=106 (full 11):
 def new generation   total 314560K, used 279616K [0x04800000, 0x19d50000, 0x19d50000)
  eden space 279616K, 100% used [0x04800000, 0x15910000, 0x15910000)
  from space 34944K,   0% used [0x17b30000, 0x17b30000, 0x19d50000)
  to   space 34944K,   0% used [0x15910000, 0x15910000, 0x17b30000)
 tenured generation   total 699072K, used 681518K [0x19d50000, 0x44800000, 0x44800000)
   the space 699072K,  97% used [0x19d50000, 0x436db8a8, 0x436dba00, 0x44800000)
 Metaspace       used 3480K, capacity 3494K, committed 3520K, reserved 4480K
Event: 28.309 GC heap after
Heap after GC invocations=107 (full 12):
 def new generation   total 314560K, used 0K [0x04800000, 0x19d50000, 0x19d50000)
  eden space 279616K,   0% used [0x04800000, 0x04800000, 0x15910000)
  from space 34944K,   0% used [0x17b30000, 0x17b30000, 0x19d50000)
  to   space 34944K,   0% used [0x15910000, 0x15910000, 0x17b30000)
 tenured generation   total 699072K, used 684207K [0x19d50000, 0x44800000, 0x44800000)
   the space 699072K,  97% used [0x19d50000, 0x4397bd40, 0x4397be00, 0x44800000)
 Metaspace       used 3480K, capacity 3494K, committed 3520K, reserved 4480K
}
Event: 29.062 GC heap before
{Heap before GC invocations=107 (full 12):
 def new generation   total 314560K, used 279616K [0x04800000, 0x19d50000, 0x19d50000)
  eden space 279616K, 100% used [0x04800000, 0x15910000, 0x15910000)
  from space 34944K,   0% used [0x17b30000, 0x17b30000, 0x19d50000)
  to   space 34944K,   0% used [0x15910000, 0x15910000, 0x17b30000)
 tenured generation   total 699072K, used 684207K [0x19d50000, 0x44800000, 0x44800000)
   the space 699072K,  97% used [0x19d50000, 0x4397bd40, 0x4397be00, 0x44800000)
 Metaspace       used 3509K, capacity 3534K, committed 3648K, reserved 4480K
Event: 30.964 GC heap after
Heap after GC invocations=108 (full 13):
 def new generation   total 314560K, used 28415K [0x04800000, 0x19d50000, 0x19d50000)
  eden space 279616K,  10% used [0x04800000, 0x063bfe20, 0x15910000)
  from space 34944K,   0% used [0x17b30000, 0x17b30000, 0x19d50000)
  to   space 34944K,   0% used [0x15910000, 0x15910000, 0x17b30000)
 tenured generation   total 699072K, used 699072K [0x19d50000, 0x44800000, 0x44800000)
   the space 699072K, 100% used [0x19d50000, 0x44800000, 0x44800000, 0x44800000)
 Metaspace       used 3509K, capacity 3534K, committed 3648K, reserved 4480K
}
Event: 32.269 GC heap before
{Heap before GC invocations=108 (full 13):
 def new generation   total 314560K, used 314559K [0x04800000, 0x19d50000, 0x19d50000)
  eden space 279616K, 100% used [0x04800000, 0x15910000, 0x15910000)
  from space 34944K,  99% used [0x17b30000, 0x19d4ffe8, 0x19d50000)
  to   space 34944K,   0% used [0x15910000, 0x15910000, 0x17b30000)
 tenured generation   total 699072K, used 699072K [0x19d50000, 0x44800000, 0x44800000)
   the space 699072K, 100% used [0x19d50000, 0x44800000, 0x44800000, 0x44800000)
 Metaspace       used 3509K, capacity 3534K, committed 3648K, reserved 4480K
Event: 34.383 GC heap after
Heap after GC invocations=109 (full 14):
 def new generation   total 314560K, used 67526K [0x04800000, 0x19d50000, 0x19d50000)
  eden space 279616K,  24% used [0x04800000, 0x089f1808, 0x15910000)
  from space 34944K,   0% used [0x17b30000, 0x17b30000, 0x19d50000)
  to   space 34944K,   0% used [0x15910000, 0x15910000, 0x17b30000)
 tenured generation   total 699072K, used 699072K [0x19d50000, 0x44800000, 0x44800000)
   the space 699072K, 100% used [0x19d50000, 0x44800000, 0x44800000, 0x44800000)
 Metaspace       used 3509K, capacity 3534K, committed 3648K, reserved 4480K
}
Event: 35.444 GC heap before
{Heap before GC invocations=109 (full 14):
 def new generation   total 314560K, used 314559K [0x04800000, 0x19d50000, 0x19d50000)
  eden space 279616K, 100% used [0x04800000, 0x15910000, 0x15910000)
  from space 34944K,  99% used [0x17b30000, 0x19d4fff0, 0x19d50000)
  to   space 34944K,   0% used [0x15910000, 0x15910000, 0x17b30000)
 tenured generation   total 699072K, used 699072K [0x19d50000, 0x44800000, 0x44800000)
   the space 699072K, 100% used [0x19d50000, 0x44800000, 0x44800000, 0x44800000)
 Metaspace       used 3514K, capacity 3566K, committed 3648K, reserved 4480K
Event: 37.792 GC heap after
Heap after GC invocations=110 (full 15):
 def new generation   total 314560K, used 103842K [0x04800000, 0x19d50000, 0x19d50000)
  eden space 279616K,  37% used [0x04800000, 0x0ad68ac8, 0x15910000)
  from space 34944K,   0% used [0x17b30000, 0x17b30000, 0x19d50000)
  to   space 34944K,   0% used [0x15910000, 0x15910000, 0x17b30000)
 tenured generation   total 699072K, used 699072K [0x19d50000, 0x44800000, 0x44800000)
   the space 699072K, 100% used [0x19d50000, 0x44800000, 0x44800000, 0x44800000)
 Metaspace       used 3514K, capacity 3566K, committed 3648K, reserved 4480K
}
Event: 39.739 GC heap before
{Heap before GC invocations=110 (full 15):
 def new generation   total 314560K, used 314559K [0x04800000, 0x19d50000, 0x19d50000)
  eden space 279616K, 100% used [0x04800000, 0x15910000, 0x15910000)
  from space 34944K,  99% used [0x17b30000, 0x19d4fea0, 0x19d50000)
  to   space 34944K,   0% used [0x15910000, 0x15910000, 0x17b30000)
 tenured generation   total 699072K, used 699072K [0x19d50000, 0x44800000, 0x44800000)
   the space 699072K, 100% used [0x19d50000, 0x44800000, 0x44800000, 0x44800000)
 Metaspace       used 3753K, capacity 3790K, committed 3904K, reserved 4480K
Event: 41.574 GC heap after
Heap after GC invocations=111 (full 16):
 def new generation   total 314560K, used 0K [0x04800000, 0x19d50000, 0x19d50000)
  eden space 279616K,   0% used [0x04800000, 0x04800000, 0x15910000)
  from space 34944K,   0% used [0x17b30000, 0x17b30000, 0x19d50000)
  to   space 34944K,   0% used [0x15910000, 0x15910000, 0x17b30000)
 tenured generation   total 699072K, used 474627K [0x19d50000, 0x44800000, 0x44800000)
   the space 699072K,  67% used [0x19d50000, 0x36cd0dd0, 0x36cd0e00, 0x44800000)
 Metaspace       used 3753K, capacity 3790K, committed 3904K, reserved 4480K
}

