# JRE version: Java(TM) SE Runtime Environment (8.0_102-b14) (build 1.8.0_102-b14)
# Java VM: Java HotSpot(TM) Client VM (25.102-b14 mixed mode windows-x86 )
Heap:
 def new generation   total 314560K, used 279616K [0x04a00000, 0x19f50000, 0x19f50000)
  eden space 279616K, 100% used [0x04a00000, 0x15b10000, 0x15b10000)
  from space 34944K,   0% used [0x17d30000, 0x17d30000, 0x19f50000)
  to   space 34944K,   0% used [0x15b10000, 0x15b10000, 0x17d30000)
 tenured generation   total 699072K, used 695805K [0x19f50000, 0x44a00000, 0x44a00000)
   the space 699072K,  99% used [0x19f50000, 0x446cf438, 0x446cf600, 0x44a00000)
 Metaspace       used 3479K, capacity 3494K, committed 3520K, reserved 4480K
GC Heap History (10 events):
Event: 26.134 GC heap after
Heap after GC invocations=103 (full 10):
 def new generation   total 314560K, used 0K [0x04a00000, 0x19f50000, 0x19f50000)
  eden space 279616K,   0% used [0x04a00000, 0x04a00000, 0x15b10000)
  from space 34944K,   0% used [0x15b10000, 0x15b10000, 0x17d30000)
  to   space 34944K,   0% used [0x17d30000, 0x17d30000, 0x19f50000)
 tenured generation   total 699072K, used 542551K [0x19f50000, 0x44a00000, 0x44a00000)
   the space 699072K,  77% used [0x19f50000, 0x3b125d48, 0x3b125e00, 0x44a00000)
 Metaspace       used 3479K, capacity 3494K, committed 3520K, reserved 4480K
}
Event: 26.852 GC heap before
{Heap before GC invocations=103 (full 10):
 def new generation   total 314560K, used 279616K [0x04a00000, 0x19f50000, 0x19f50000)
  eden space 279616K, 100% used [0x04a00000, 0x15b10000, 0x15b10000)
  from space 34944K,   0% used [0x15b10000, 0x15b10000, 0x17d30000)
  to   space 34944K,   0% used [0x17d30000, 0x17d30000, 0x19f50000)
 tenured generation   total 699072K, used 542551K [0x19f50000, 0x44a00000, 0x44a00000)
   the space 699072K,  77% used [0x19f50000, 0x3b125d48, 0x3b125e00, 0x44a00000)
 Metaspace       used 3479K, capacity 3494K, committed 3520K, reserved 4480K
Event: 26.982 GC heap after
Heap after GC invocations=104 (full 10):
 def new generation   total 314560K, used 34943K [0x04a00000, 0x19f50000, 0x19f50000)
  eden space 279616K,   0% used [0x04a00000, 0x04a00000, 0x15b10000)
  from space 34944K,  99% used [0x17d30000, 0x19f4fff8, 0x19f50000)
  to   space 34944K,   0% used [0x15b10000, 0x15b10000, 0x17d30000)
 tenured generation   total 699072K, used 542711K [0x19f50000, 0x44a00000, 0x44a00000)
   the space 699072K,  77% used [0x19f50000, 0x3b14de88, 0x3b14e000, 0x44a00000)
 Metaspace       used 3479K, capacity 3494K, committed 3520K, reserved 4480K
}
Event: 27.934 GC heap before
{Heap before GC invocations=104 (full 10):
 def new generation   total 314560K, used 314559K [0x04a00000, 0x19f50000, 0x19f50000)
  eden space 279616K, 100% used [0x04a00000, 0x15b10000, 0x15b10000)
  from space 34944K,  99% used [0x17d30000, 0x19f4fff8, 0x19f50000)
  to   space 34944K,   0% used [0x15b10000, 0x15b10000, 0x17d30000)
 tenured generation   total 699072K, used 542711K [0x19f50000, 0x44a00000, 0x44a00000)
   the space 699072K,  77% used [0x19f50000, 0x3b14de88, 0x3b14e000, 0x44a00000)
 Metaspace       used 3479K, capacity 3494K, committed 3520K, reserved 4480K
Event: 28.112 GC heap after
Heap after GC invocations=105 (full 10):
 def new generation   total 314560K, used 34944K [0x04a00000, 0x19f50000, 0x19f50000)
  eden space 279616K,   0% used [0x04a00000, 0x04a00000, 0x15b10000)
  from space 34944K, 100% used [0x15b10000, 0x17d30000, 0x17d30000)
  to   space 34944K,   0% used [0x17d30000, 0x17d30000, 0x19f50000)
 tenured generation   total 699072K, used 581558K [0x19f50000, 0x44a00000, 0x44a00000)
   the space 699072K,  83% used [0x19f50000, 0x3d73db70, 0x3d73dc00, 0x44a00000)
 Metaspace       used 3479K, capacity 3494K, committed 3520K, reserved 4480K
}
Event: 28.813 GC heap before
{Heap before GC invocations=105 (full 10):
 def new generation   total 314560K, used 314560K [0x04a00000, 0x19f50000, 0x19f50000)
  eden space 279616K, 100% used [0x04a00000, 0x15b10000, 0x15b10000)
  from space 34944K, 100% used [0x15b10000, 0x17d30000, 0x17d30000)
  to   space 34944K,   0% used [0x17d30000, 0x17d30000, 0x19f50000)
 tenured generation   total 699072K, used 581558K [0x19f50000, 0x44a00000, 0x44a00000)
   the space 699072K,  83% used [0x19f50000, 0x3d73db70, 0x3d73dc00, 0x44a00000)
 Metaspace       used 3479K, capacity 3494K, committed 3520K, reserved 4480K
Event: 29.003 GC heap after
Heap after GC invocations=106 (full 10):
 def new generation   total 314560K, used 34944K [0x04a00000, 0x19f50000, 0x19f50000)
  eden space 279616K,   0% used [0x04a00000, 0x04a00000, 0x15b10000)
  from space 34944K, 100% used [0x17d30000, 0x19f50000, 0x19f50000)
  to   space 34944K,   0% used [0x15b10000, 0x15b10000, 0x17d30000)
 tenured generation   total 699072K, used 622892K [0x19f50000, 0x44a00000, 0x44a00000)
   the space 699072K,  89% used [0x19f50000, 0x3ff9b2b0, 0x3ff9b400, 0x44a00000)
 Metaspace       used 3479K, capacity 3494K, committed 3520K, reserved 4480K
}
Event: 29.732 GC heap before
{Heap before GC invocations=106 (full 10):
 def new generation   total 314560K, used 314560K [0x04a00000, 0x19f50000, 0x19f50000)
  eden space 279616K, 100% used [0x04a00000, 0x15b10000, 0x15b10000)
  from space 34944K, 100% used [0x17d30000, 0x19f50000, 0x19f50000)
  to   space 34944K,   0% used [0x15b10000, 0x15b10000, 0x17d30000)
 tenured generation   total 699072K, used 622892K [0x19f50000, 0x44a00000, 0x44a00000)
   the space 699072K,  89% used [0x19f50000, 0x3ff9b2b0, 0x3ff9b400, 0x44a00000)
 Metaspace       used 3479K, capacity 3494K, committed 3520K, reserved 4480K
Event: 31.760 GC heap after
Heap after GC invocations=107 (full 11):
 def new generation   total 314560K, used 0K [0x04a00000, 0x19f50000, 0x19f50000)
  eden space 279616K,   0% used [0x04a00000, 0x04a00000, 0x15b10000)
  from space 34944K,   0% used [0x17d30000, 0x17d30000, 0x19f50000)
  to   space 34944K,   0% used [0x15b10000, 0x15b10000, 0x17d30000)
 tenured generation   total 699072K, used 695805K [0x19f50000, 0x44a00000, 0x44a00000)
   the space 699072K,  99% used [0x19f50000, 0x446cf438, 0x446cf600, 0x44a00000)
 Metaspace       used 3479K, capacity 3494K, committed 3520K, reserved 4480K
}
Event: 32.425 GC heap before
{Heap before GC invocations=107 (full 11):
 def new generation   total 314560K, used 279616K [0x04a00000, 0x19f50000, 0x19f50000)
  eden space 279616K, 100% used [0x04a00000, 0x15b10000, 0x15b10000)
  from space 34944K,   0% used [0x17d30000, 0x17d30000, 0x19f50000)
  to   space 34944K,   0% used [0x15b10000, 0x15b10000, 0x17d30000)
 tenured generation   total 699072K, used 695805K [0x19f50000, 0x44a00000, 0x44a00000)
   the space 699072K,  99% used [0x19f50000, 0x446cf438, 0x446cf600, 0x44a00000)
 Metaspace       used 3479K, capacity 3494K, committed 3520K, reserved 4480K

