# JRE version: Java(TM) SE Runtime Environment (8.0_102-b14) (build 1.8.0_102-b14)
# Java VM: Java HotSpot(TM) Client VM (25.102-b14 mixed mode windows-x86 )
Heap:
 def new generation   total 314560K, used 279616K [0x04600000, 0x19b50000, 0x19b50000)
  eden space 279616K, 100% used [0x04600000, 0x15710000, 0x15710000)
  from space 34944K,   0% used [0x15710000, 0x15710000, 0x17930000)
  to   space 34944K,   0% used [0x17930000, 0x17930000, 0x19b50000)
 tenured generation   total 699072K, used 654996K [0x19b50000, 0x44600000, 0x44600000)
   the space 699072K,  93% used [0x19b50000, 0x41af5378, 0x41af5400, 0x44600000)
 Metaspace       used 3479K, capacity 3494K, committed 3520K, reserved 4480K
GC Heap History (10 events):
Event: 28.611 GC heap after
Heap after GC invocations=103 (full 10):
 def new generation   total 314560K, used 0K [0x04600000, 0x19b50000, 0x19b50000)
  eden space 279616K,   0% used [0x04600000, 0x04600000, 0x15710000)
  from space 34944K,   0% used [0x15710000, 0x15710000, 0x17930000)
  to   space 34944K,   0% used [0x17930000, 0x17930000, 0x19b50000)
 tenured generation   total 699072K, used 609154K [0x19b50000, 0x44600000, 0x44600000)
   the space 699072K,  87% used [0x19b50000, 0x3ee30920, 0x3ee30a00, 0x44600000)
 Metaspace       used 3479K, capacity 3494K, committed 3520K, reserved 4480K
}
Event: 29.659 GC heap before
{Heap before GC invocations=103 (full 10):
 def new generation   total 314560K, used 279616K [0x04600000, 0x19b50000, 0x19b50000)
  eden space 279616K, 100% used [0x04600000, 0x15710000, 0x15710000)
  from space 34944K,   0% used [0x15710000, 0x15710000, 0x17930000)
  to   space 34944K,   0% used [0x17930000, 0x17930000, 0x19b50000)
 tenured generation   total 699072K, used 609154K [0x19b50000, 0x44600000, 0x44600000)
   the space 699072K,  87% used [0x19b50000, 0x3ee30920, 0x3ee30a00, 0x44600000)
 Metaspace       used 3479K, capacity 3494K, committed 3520K, reserved 4480K
Event: 31.244 GC heap after
Heap after GC invocations=104 (full 11):
 def new generation   total 314560K, used 0K [0x04600000, 0x19b50000, 0x19b50000)
  eden space 279616K,   0% used [0x04600000, 0x04600000, 0x15710000)
  from space 34944K,   0% used [0x15710000, 0x15710000, 0x17930000)
  to   space 34944K,   0% used [0x17930000, 0x17930000, 0x19b50000)
 tenured generation   total 699072K, used 571249K [0x19b50000, 0x44600000, 0x44600000)
   the space 699072K,  81% used [0x19b50000, 0x3c92c578, 0x3c92c600, 0x44600000)
 Metaspace       used 3479K, capacity 3494K, committed 3520K, reserved 4480K
}
Event: 33.017 GC heap before
{Heap before GC invocations=104 (full 11):
 def new generation   total 314560K, used 279616K [0x04600000, 0x19b50000, 0x19b50000)
  eden space 279616K, 100% used [0x04600000, 0x15710000, 0x15710000)
  from space 34944K,   0% used [0x15710000, 0x15710000, 0x17930000)
  to   space 34944K,   0% used [0x17930000, 0x17930000, 0x19b50000)
 tenured generation   total 699072K, used 571249K [0x19b50000, 0x44600000, 0x44600000)
   the space 699072K,  81% used [0x19b50000, 0x3c92c578, 0x3c92c600, 0x44600000)
 Metaspace       used 3479K, capacity 3494K, committed 3520K, reserved 4480K
Event: 33.159 GC heap after
Heap after GC invocations=105 (full 11):
 def new generation   total 314560K, used 34944K [0x04600000, 0x19b50000, 0x19b50000)
  eden space 279616K,   0% used [0x04600000, 0x04600000, 0x15710000)
  from space 34944K, 100% used [0x17930000, 0x19b50000, 0x19b50000)
  to   space 34944K,   0% used [0x15710000, 0x15710000, 0x17930000)
 tenured generation   total 699072K, used 575280K [0x19b50000, 0x44600000, 0x44600000)
   the space 699072K,  82% used [0x19b50000, 0x3cd1c0f0, 0x3cd1c200, 0x44600000)
 Metaspace       used 3479K, capacity 3494K, committed 3520K, reserved 4480K
}
Event: 35.901 GC heap before
{Heap before GC invocations=105 (full 11):
 def new generation   total 314560K, used 314560K [0x04600000, 0x19b50000, 0x19b50000)
  eden space 279616K, 100% used [0x04600000, 0x15710000, 0x15710000)
  from space 34944K, 100% used [0x17930000, 0x19b50000, 0x19b50000)
  to   space 34944K,   0% used [0x15710000, 0x15710000, 0x17930000)
 tenured generation   total 699072K, used 575280K [0x19b50000, 0x44600000, 0x44600000)
   the space 699072K,  82% used [0x19b50000, 0x3cd1c0f0, 0x3cd1c200, 0x44600000)
 Metaspace       used 3479K, capacity 3494K, committed 3520K, reserved 4480K
Event: 36.118 GC heap after
Heap after GC invocations=106 (full 11):
 def new generation   total 314560K, used 34944K [0x04600000, 0x19b50000, 0x19b50000)
  eden space 279616K,   0% used [0x04600000, 0x04600000, 0x15710000)
  from space 34944K, 100% used [0x15710000, 0x17930000, 0x17930000)
  to   space 34944K,   0% used [0x17930000, 0x17930000, 0x19b50000)
 tenured generation   total 699072K, used 616804K [0x19b50000, 0x44600000, 0x44600000)
   the space 699072K,  88% used [0x19b50000, 0x3f5a9000, 0x3f5a9000, 0x44600000)
 Metaspace       used 3479K, capacity 3494K, committed 3520K, reserved 4480K
}
Event: 37.668 GC heap before
{Heap before GC invocations=106 (full 11):
 def new generation   total 314560K, used 314560K [0x04600000, 0x19b50000, 0x19b50000)
  eden space 279616K, 100% used [0x04600000, 0x15710000, 0x15710000)
  from space 34944K, 100% used [0x15710000, 0x17930000, 0x17930000)
  to   space 34944K,   0% used [0x17930000, 0x17930000, 0x19b50000)
 tenured generation   total 699072K, used 616804K [0x19b50000, 0x44600000, 0x44600000)
   the space 699072K,  88% used [0x19b50000, 0x3f5a9000, 0x3f5a9000, 0x44600000)
 Metaspace       used 3479K, capacity 3494K, committed 3520K, reserved 4480K
Event: 40.077 GC heap after
Heap after GC invocations=107 (full 12):
 def new generation   total 314560K, used 0K [0x04600000, 0x19b50000, 0x19b50000)
  eden space 279616K,   0% used [0x04600000, 0x04600000, 0x15710000)
  from space 34944K,   0% used [0x15710000, 0x15710000, 0x17930000)
  to   space 34944K,   0% used [0x17930000, 0x17930000, 0x19b50000)
 tenured generation   total 699072K, used 654996K [0x19b50000, 0x44600000, 0x44600000)
   the space 699072K,  93% used [0x19b50000, 0x41af5378, 0x41af5400, 0x44600000)
 Metaspace       used 3479K, capacity 3494K, committed 3520K, reserved 4480K
}
Event: 40.973 GC heap before
{Heap before GC invocations=107 (full 12):
 def new generation   total 314560K, used 279616K [0x04600000, 0x19b50000, 0x19b50000)
  eden space 279616K, 100% used [0x04600000, 0x15710000, 0x15710000)
  from space 34944K,   0% used [0x15710000, 0x15710000, 0x17930000)
  to   space 34944K,   0% used [0x17930000, 0x17930000, 0x19b50000)
 tenured generation   total 699072K, used 654996K [0x19b50000, 0x44600000, 0x44600000)
   the space 699072K,  93% used [0x19b50000, 0x41af5378, 0x41af5400, 0x44600000)
 Metaspace       used 3479K, capacity 3494K, committed 3520K, reserved 4480K

