# JRE version: Java(TM) SE Runtime Environment (8.0_102-b14) (build 1.8.0_102-b14)
# Java VM: Java HotSpot(TM) Client VM (25.102-b14 mixed mode windows-x86 )
Heap:
 def new generation   total 314560K, used 279616K [0x04800000, 0x19d50000, 0x19d50000)
  eden space 279616K, 100% used [0x04800000, 0x15910000, 0x15910000)
  from space 34944K,   0% used [0x17b30000, 0x17b30000, 0x19d50000)
  to   space 34944K,   0% used [0x15910000, 0x15910000, 0x17b30000)
 tenured generation   total 699072K, used 688620K [0x19d50000, 0x44800000, 0x44800000)
   the space 699072K,  98% used [0x19d50000, 0x43dcb1a8, 0x43dcb200, 0x44800000)
 Metaspace       used 3513K, capacity 3566K, committed 3648K, reserved 4480K
GC Heap History (10 events):
Event: 28.191 GC heap after
Heap after GC invocations=103 (full 10):
 def new generation   total 314560K, used 34944K [0x04800000, 0x19d50000, 0x19d50000)
  eden space 279616K,   0% used [0x04800000, 0x04800000, 0x15910000)
  from space 34944K, 100% used [0x17b30000, 0x19d50000, 0x19d50000)
  to   space 34944K,   0% used [0x15910000, 0x15910000, 0x17b30000)
 tenured generation   total 699072K, used 575196K [0x19d50000, 0x44800000, 0x44800000)
   the space 699072K,  82% used [0x19d50000, 0x3cf07130, 0x3cf07200, 0x44800000)
 Metaspace       used 3484K, capacity 3494K, committed 3520K, reserved 4480K
}
Event: 29.607 GC heap before
{Heap before GC invocations=103 (full 10):
 def new generation   total 314560K, used 314560K [0x04800000, 0x19d50000, 0x19d50000)
  eden space 279616K, 100% used [0x04800000, 0x15910000, 0x15910000)
  from space 34944K, 100% used [0x17b30000, 0x19d50000, 0x19d50000)
  to   space 34944K,   0% used [0x15910000, 0x15910000, 0x17b30000)
 tenured generation   total 699072K, used 575196K [0x19d50000, 0x44800000, 0x44800000)
   the space 699072K,  82% used [0x19d50000, 0x3cf07130, 0x3cf07200, 0x44800000)
 Metaspace       used 3484K, capacity 3494K, committed 3520K, reserved 4480K
Event: 29.791 GC heap after
Heap after GC invocations=104 (full 10):
 def new generation   total 314560K, used 34943K [0x04800000, 0x19d50000, 0x19d50000)
  eden space 279616K,   0% used [0x04800000, 0x04800000, 0x15910000)
  from space 34944K,  99% used [0x15910000, 0x17b2fff8, 0x17b30000)
  to   space 34944K,   0% used [0x17b30000, 0x17b30000, 0x19d50000)
 tenured generation   total 699072K, used 613773K [0x19d50000, 0x44800000, 0x44800000)
   the space 699072K,  87% used [0x19d50000, 0x3f4b36d0, 0x3f4b3800, 0x44800000)
 Metaspace       used 3484K, capacity 3494K, committed 3520K, reserved 4480K
}
Event: 31.775 GC heap before
{Heap before GC invocations=104 (full 10):
 def new generation   total 314560K, used 314559K [0x04800000, 0x19d50000, 0x19d50000)
  eden space 279616K, 100% used [0x04800000, 0x15910000, 0x15910000)
  from space 34944K,  99% used [0x15910000, 0x17b2fff8, 0x17b30000)
  to   space 34944K,   0% used [0x17b30000, 0x17b30000, 0x19d50000)
 tenured generation   total 699072K, used 613773K [0x19d50000, 0x44800000, 0x44800000)
   the space 699072K,  87% used [0x19d50000, 0x3f4b36d0, 0x3f4b3800, 0x44800000)
 Metaspace       used 3484K, capacity 3494K, committed 3520K, reserved 4480K
Event: 31.976 GC heap after
Heap after GC invocations=105 (full 10):
 def new generation   total 314560K, used 34944K [0x04800000, 0x19d50000, 0x19d50000)
  eden space 279616K,   0% used [0x04800000, 0x04800000, 0x15910000)
  from space 34944K, 100% used [0x17b30000, 0x19d50000, 0x19d50000)
  to   space 34944K,   0% used [0x15910000, 0x15910000, 0x17b30000)
 tenured generation   total 699072K, used 655388K [0x19d50000, 0x44800000, 0x44800000)
   the space 699072K,  93% used [0x19d50000, 0x41d57120, 0x41d57200, 0x44800000)
 Metaspace       used 3484K, capacity 3494K, committed 3520K, reserved 4480K
}
Event: 32.972 GC heap before
{Heap before GC invocations=105 (full 10):
 def new generation   total 314560K, used 314560K [0x04800000, 0x19d50000, 0x19d50000)
  eden space 279616K, 100% used [0x04800000, 0x15910000, 0x15910000)
  from space 34944K, 100% used [0x17b30000, 0x19d50000, 0x19d50000)
  to   space 34944K,   0% used [0x15910000, 0x15910000, 0x17b30000)
 tenured generation   total 699072K, used 655388K [0x19d50000, 0x44800000, 0x44800000)
   the space 699072K,  93% used [0x19d50000, 0x41d57120, 0x41d57200, 0x44800000)
 Metaspace       used 3484K, capacity 3494K, committed 3520K, reserved 4480K
Event: 35.004 GC heap after
Heap after GC invocations=106 (full 11):
 def new generation   total 314560K, used 0K [0x04800000, 0x19d50000, 0x19d50000)
  eden space 279616K,   0% used [0x04800000, 0x04800000, 0x15910000)
  from space 34944K,   0% used [0x17b30000, 0x17b30000, 0x19d50000)
  to   space 34944K,   0% used [0x15910000, 0x15910000, 0x17b30000)
 tenured generation   total 699072K, used 690013K [0x19d50000, 0x44800000, 0x44800000)
   the space 699072K,  98% used [0x19d50000, 0x43f27570, 0x43f27600, 0x44800000)
 Metaspace       used 3484K, capacity 3494K, committed 3520K, reserved 4480K
}
Event: 37.131 GC heap before
{Heap before GC invocations=106 (full 11):
 def new generation   total 314560K, used 279616K [0x04800000, 0x19d50000, 0x19d50000)
  eden space 279616K, 100% used [0x04800000, 0x15910000, 0x15910000)
  from space 34944K,   0% used [0x17b30000, 0x17b30000, 0x19d50000)
  to   space 34944K,   0% used [0x15910000, 0x15910000, 0x17b30000)
 tenured generation   total 699072K, used 690013K [0x19d50000, 0x44800000, 0x44800000)
   the space 699072K,  98% used [0x19d50000, 0x43f27570, 0x43f27600, 0x44800000)
 Metaspace       used 3484K, capacity 3494K, committed 3520K, reserved 4480K
Event: 39.605 GC heap after
Heap after GC invocations=107 (full 12):
 def new generation   total 314560K, used 0K [0x04800000, 0x19d50000, 0x19d50000)
  eden space 279616K,   0% used [0x04800000, 0x04800000, 0x15910000)
  from space 34944K,   0% used [0x17b30000, 0x17b30000, 0x19d50000)
  to   space 34944K,   0% used [0x15910000, 0x15910000, 0x17b30000)
 tenured generation   total 699072K, used 688620K [0x19d50000, 0x44800000, 0x44800000)
   the space 699072K,  98% used [0x19d50000, 0x43dcb1a8, 0x43dcb200, 0x44800000)
 Metaspace       used 3484K, capacity 3494K, committed 3520K, reserved 4480K
}
Event: 41.272 GC heap before
{Heap before GC invocations=107 (full 12):
 def new generation   total 314560K, used 279616K [0x04800000, 0x19d50000, 0x19d50000)
  eden space 279616K, 100% used [0x04800000, 0x15910000, 0x15910000)
  from space 34944K,   0% used [0x17b30000, 0x17b30000, 0x19d50000)
  to   space 34944K,   0% used [0x15910000, 0x15910000, 0x17b30000)
 tenured generation   total 699072K, used 688620K [0x19d50000, 0x44800000, 0x44800000)
   the space 699072K,  98% used [0x19d50000, 0x43dcb1a8, 0x43dcb200, 0x44800000)
 Metaspace       used 3513K, capacity 3566K, committed 3648K, reserved 4480K

