# JRE version: Java(TM) SE Runtime Environment (8.0_102-b14) (build 1.8.0_102-b14)
# Java VM: Java HotSpot(TM) Client VM (25.102-b14 mixed mode windows-x86 )
Heap:
 def new generation   total 314560K, used 2811K [0x04600000, 0x19b50000, 0x19b50000)
  eden space 279616K,   1% used [0x04600000, 0x048bedb8, 0x15710000)
  from space 34944K,   0% used [0x15710000, 0x15710000, 0x17930000)
  to   space 34944K,   0% used [0x17930000, 0x17930000, 0x19b50000)
 tenured generation   total 699072K, used 525623K [0x19b50000, 0x44600000, 0x44600000)
   the space 699072K,  75% used [0x19b50000, 0x39c9ddf0, 0x39c9de00, 0x44600000)
 Metaspace       used 3484K, capacity 3496K, committed 3520K, reserved 4480K
GC Heap History (10 events):
Event: 12.833 GC heap before
{Heap before GC invocations=96 (full 7):
 def new generation   total 181696K, used 181696K [0x04600000, 0x10b20000, 0x19b50000)
  eden space 161536K, 100% used [0x04600000, 0x0e3c0000, 0x0e3c0000)
  from space 20160K, 100% used [0x0f770000, 0x10b20000, 0x10b20000)
  to   space 20160K,   0% used [0x0e3c0000, 0x0e3c0000, 0x0f770000)
 tenured generation   total 403656K, used 390963K [0x19b50000, 0x32582000, 0x44600000)
   the space 403656K,  96% used [0x19b50000, 0x3191cf20, 0x3191d000, 0x32582000)
 Metaspace       used 3484K, capacity 3496K, committed 3520K, reserved 4480K
Event: 14.304 GC heap after
Heap after GC invocations=97 (full 8):
 def new generation   total 311552K, used 4093K [0x04600000, 0x19800000, 0x19b50000)
  eden space 276992K,   1% used [0x04600000, 0x049ff640, 0x15480000)
  from space 34560K,   0% used [0x15480000, 0x15480000, 0x17640000)
  to   space 34560K,   0% used [0x17640000, 0x17640000, 0x19800000)
 tenured generation   total 692176K, used 415303K [0x19b50000, 0x43f44000, 0x44600000)
   the space 692176K,  59% used [0x19b50000, 0x330e1ff0, 0x330e2000, 0x43f44000)
 Metaspace       used 3484K, capacity 3496K, committed 3520K, reserved 4480K
}
Event: 15.926 GC heap before
{Heap before GC invocations=97 (full 8):
 def new generation   total 311552K, used 276992K [0x04600000, 0x19800000, 0x19b50000)
  eden space 276992K, 100% used [0x04600000, 0x15480000, 0x15480000)
  from space 34560K,   0% used [0x15480000, 0x15480000, 0x17640000)
  to   space 34560K,   0% used [0x17640000, 0x17640000, 0x19800000)
 tenured generation   total 692176K, used 415303K [0x19b50000, 0x43f44000, 0x44600000)
   the space 692176K,  59% used [0x19b50000, 0x330e1ff0, 0x330e2000, 0x43f44000)
 Metaspace       used 3484K, capacity 3496K, committed 3520K, reserved 4480K
Event: 16.264 GC heap after
Heap after GC invocations=98 (full 8):
 def new generation   total 311552K, used 34559K [0x04600000, 0x19800000, 0x19b50000)
  eden space 276992K,   0% used [0x04600000, 0x04600000, 0x15480000)
  from space 34560K,  99% used [0x17640000, 0x197ffff8, 0x19800000)
  to   space 34560K,   0% used [0x15480000, 0x15480000, 0x17640000)
 tenured generation   total 692176K, used 425677K [0x19b50000, 0x43f44000, 0x44600000)
   the space 692176K,  61% used [0x19b50000, 0x33b03538, 0x33b03600, 0x43f44000)
 Metaspace       used 3484K, capacity 3496K, committed 3520K, reserved 4480K
}
Event: 16.823 GC heap before
{Heap before GC invocations=98 (full 8):
 def new generation   total 311552K, used 311551K [0x04600000, 0x19800000, 0x19b50000)
  eden space 276992K, 100% used [0x04600000, 0x15480000, 0x15480000)
  from space 34560K,  99% used [0x17640000, 0x197ffff8, 0x19800000)
  to   space 34560K,   0% used [0x15480000, 0x15480000, 0x17640000)
 tenured generation   total 692176K, used 425677K [0x19b50000, 0x43f44000, 0x44600000)
   the space 692176K,  61% used [0x19b50000, 0x33b03538, 0x33b03600, 0x43f44000)
 Metaspace       used 3484K, capacity 3496K, committed 3520K, reserved 4480K
Event: 17.063 GC heap after
Heap after GC invocations=99 (full 8):
 def new generation   total 311552K, used 34559K [0x04600000, 0x19800000, 0x19b50000)
  eden space 276992K,   0% used [0x04600000, 0x04600000, 0x15480000)
  from space 34560K,  99% used [0x15480000, 0x1763fff8, 0x17640000)
  to   space 34560K,   0% used [0x17640000, 0x17640000, 0x19800000)
 tenured generation   total 692176K, used 562807K [0x19b50000, 0x43f44000, 0x44600000)
   the space 692176K,  81% used [0x19b50000, 0x3c0edef8, 0x3c0ee000, 0x43f44000)
 Metaspace       used 3484K, capacity 3496K, committed 3520K, reserved 4480K
}
Event: 18.183 GC heap before
{Heap before GC invocations=99 (full 8):
 def new generation   total 311552K, used 311551K [0x04600000, 0x19800000, 0x19b50000)
  eden space 276992K, 100% used [0x04600000, 0x15480000, 0x15480000)
  from space 34560K,  99% used [0x15480000, 0x1763fff8, 0x17640000)
  to   space 34560K,   0% used [0x17640000, 0x17640000, 0x19800000)
 tenured generation   total 692176K, used 562807K [0x19b50000, 0x43f44000, 0x44600000)
   the space 692176K,  81% used [0x19b50000, 0x3c0edef8, 0x3c0ee000, 0x43f44000)
 Metaspace       used 3484K, capacity 3496K, committed 3520K, reserved 4480K
Event: 18.379 GC heap after
Heap after GC invocations=100 (full 8):
 def new generation   total 311552K, used 34559K [0x04600000, 0x19800000, 0x19b50000)
  eden space 276992K,   0% used [0x04600000, 0x04600000, 0x15480000)
  from space 34560K,  99% used [0x17640000, 0x197ffff8, 0x19800000)
  to   space 34560K,   0% used [0x15480000, 0x15480000, 0x17640000)
 tenured generation   total 692176K, used 641821K [0x19b50000, 0x43f44000, 0x44600000)
   the space 692176K,  92% used [0x19b50000, 0x40e17638, 0x40e17800, 0x43f44000)
 Metaspace       used 3484K, capacity 3496K, committed 3520K, reserved 4480K
}
Event: 19.328 GC heap before
{Heap before GC invocations=100 (full 8):
 def new generation   total 311552K, used 311551K [0x04600000, 0x19800000, 0x19b50000)
  eden space 276992K, 100% used [0x04600000, 0x15480000, 0x15480000)
  from space 34560K,  99% used [0x17640000, 0x197ffff8, 0x19800000)
  to   space 34560K,   0% used [0x15480000, 0x15480000, 0x17640000)
 tenured generation   total 692176K, used 641821K [0x19b50000, 0x43f44000, 0x44600000)
   the space 692176K,  92% used [0x19b50000, 0x40e17638, 0x40e17800, 0x43f44000)
 Metaspace       used 3484K, capacity 3496K, committed 3520K, reserved 4480K
Event: 20.707 GC heap after
Heap after GC invocations=101 (full 9):
 def new generation   total 314560K, used 0K [0x04600000, 0x19b50000, 0x19b50000)
  eden space 279616K,   0% used [0x04600000, 0x04600000, 0x15710000)
  from space 34944K,   0% used [0x15710000, 0x15710000, 0x17930000)
  to   space 34944K,   0% used [0x17930000, 0x17930000, 0x19b50000)
 tenured generation   total 699072K, used 525623K [0x19b50000, 0x44600000, 0x44600000)
   the space 699072K,  75% used [0x19b50000, 0x39c9ddf0, 0x39c9de00, 0x44600000)
 Metaspace       used 3484K, capacity 3496K, committed 3520K, reserved 4480K
}

