# JRE version: OpenJDK Runtime Environment (8.0_76-b03) (build 1.8.0_76-release-b03)
# Java VM: OpenJDK 64-Bit Server VM (25.76-b03 mixed mode windows-amd64 compressed oops)
Heap:
 PSYoungGen      total 226304K, used 47687K [0x00000000eab00000, 0x0000000100000000, 0x0000000100000000)
  eden space 178176K, 0% used [0x00000000eab00000,0x00000000eab00000,0x00000000f5900000)
  from space 48128K, 99% used [0x00000000f5900000,0x00000000f8791d88,0x00000000f8800000)
  to   space 86016K, 0% used [0x00000000fac00000,0x00000000fac00000,0x0000000100000000)
 ParOldGen       total 168448K, used 155566K [0x00000000c0000000, 0x00000000ca480000, 0x00000000eab00000)
  object space 168448K, 92% used [0x00000000c0000000,0x00000000c97eb8b8,0x00000000ca480000)
 Metaspace       used 6562K, capacity 7282K, committed 7552K, reserved 1056768K
  class space    used 599K, capacity 618K, committed 640K, reserved 1048576K
GC Heap History (10 events):
Event: 6.074 GC heap after
Heap after GC invocations=8 (full 1):
 PSYoungGen      total 290304K, used 504K [0x00000000eab00000, 0x0000000100000000, 0x0000000100000000)
  eden space 260096K, 0% used [0x00000000eab00000,0x00000000eab00000,0x00000000fa900000)
  from space 30208K, 1% used [0x00000000fa900000,0x00000000fa97e310,0x00000000fc680000)
  to   space 51712K, 0% used [0x00000000fcd80000,0x00000000fcd80000,0x0000000100000000)
 ParOldGen       total 168448K, used 87063K [0x00000000c0000000, 0x00000000ca480000, 0x00000000eab00000)
  object space 168448K, 51% used [0x00000000c0000000,0x00000000c5505ca0,0x00000000ca480000)
 Metaspace       used 6518K, capacity 7218K, committed 7296K, reserved 1056768K
  class space    used 599K, capacity 618K, committed 640K, reserved 1048576K
}
Event: 7.338 GC heap before
{Heap before GC invocations=9 (full 1):
 PSYoungGen      total 290304K, used 260600K [0x00000000eab00000, 0x0000000100000000, 0x0000000100000000)
  eden space 260096K, 100% used [0x00000000eab00000,0x00000000fa900000,0x00000000fa900000)
  from space 30208K, 1% used [0x00000000fa900000,0x00000000fa97e310,0x00000000fc680000)
  to   space 51712K, 0% used [0x00000000fcd80000,0x00000000fcd80000,0x0000000100000000)
 ParOldGen       total 168448K, used 87063K [0x00000000c0000000, 0x00000000ca480000, 0x00000000eab00000)
  object space 168448K, 51% used [0x00000000c0000000,0x00000000c5505ca0,0x00000000ca480000)
 Metaspace       used 6553K, capacity 7218K, committed 7296K, reserved 1056768K
  class space    used 599K, capacity 618K, committed 640K, reserved 1048576K
Event: 7.516 GC heap after
Heap after GC invocations=9 (full 1):
 PSYoungGen      total 288256K, used 37938K [0x00000000eab00000, 0x0000000100000000, 0x0000000100000000)
  eden space 236544K, 0% used [0x00000000eab00000,0x00000000eab00000,0x00000000f9200000)
  from space 51712K, 73% used [0x00000000fcd80000,0x00000000ff28c8c8,0x0000000100000000)
  to   space 56320K, 0% used [0x00000000f9200000,0x00000000f9200000,0x00000000fc900000)
 ParOldGen       total 168448K, used 87071K [0x00000000c0000000, 0x00000000ca480000, 0x00000000eab00000)
  object space 168448K, 51% used [0x00000000c0000000,0x00000000c5507ca0,0x00000000ca480000)
 Metaspace       used 6553K, capacity 7218K, committed 7296K, reserved 1056768K
  class space    used 599K, capacity 618K, committed 640K, reserved 1048576K
}
Event: 8.492 GC heap before
{Heap before GC invocations=10 (full 1):
 PSYoungGen      total 288256K, used 274482K [0x00000000eab00000, 0x0000000100000000, 0x0000000100000000)
  eden space 236544K, 100% used [0x00000000eab00000,0x00000000f9200000,0x00000000f9200000)
  from space 51712K, 73% used [0x00000000fcd80000,0x00000000ff28c8c8,0x0000000100000000)
  to   space 56320K, 0% used [0x00000000f9200000,0x00000000f9200000,0x00000000fc900000)
 ParOldGen       total 168448K, used 87071K [0x00000000c0000000, 0x00000000ca480000, 0x00000000eab00000)
  object space 168448K, 51% used [0x00000000c0000000,0x00000000c5507ca0,0x00000000ca480000)
 Metaspace       used 6558K, capacity 7282K, committed 7552K, reserved 1056768K
  class space    used 599K, capacity 618K, committed 640K, reserved 1048576K
Event: 8.667 GC heap after
Heap after GC invocations=10 (full 1):
 PSYoungGen      total 292864K, used 56304K [0x00000000eab00000, 0x0000000100000000, 0x0000000100000000)
  eden space 236544K, 0% used [0x00000000eab00000,0x00000000eab00000,0x00000000f9200000)
  from space 56320K, 99% used [0x00000000f9200000,0x00000000fc8fc198,0x00000000fc900000)
  to   space 56320K, 0% used [0x00000000fc900000,0x00000000fc900000,0x0000000100000000)
 ParOldGen       total 168448K, used 99399K [0x00000000c0000000, 0x00000000ca480000, 0x00000000eab00000)
  object space 168448K, 59% used [0x00000000c0000000,0x00000000c6111d30,0x00000000ca480000)
 Metaspace       used 6558K, capacity 7282K, committed 7552K, reserved 1056768K
  class space    used 599K, capacity 618K, committed 640K, reserved 1048576K
}
Event: 9.302 GC heap before
{Heap before GC invocations=11 (full 1):
 PSYoungGen      total 292864K, used 292848K [0x00000000eab00000, 0x0000000100000000, 0x0000000100000000)
  eden space 236544K, 100% used [0x00000000eab00000,0x00000000f9200000,0x00000000f9200000)
  from space 56320K, 99% used [0x00000000f9200000,0x00000000fc8fc198,0x00000000fc900000)
  to   space 56320K, 0% used [0x00000000fc900000,0x00000000fc900000,0x0000000100000000)
 ParOldGen       total 168448K, used 99399K [0x00000000c0000000, 0x00000000ca480000, 0x00000000eab00000)
  object space 168448K, 59% used [0x00000000c0000000,0x00000000c6111d30,0x00000000ca480000)
 Metaspace       used 6560K, capacity 7282K, committed 7552K, reserved 1056768K
  class space    used 599K, capacity 618K, committed 640K, reserved 1048576K
Event: 9.670 GC heap after
Heap after GC invocations=11 (full 1):
 PSYoungGen      total 234496K, used 56296K [0x00000000eab00000, 0x0000000100000000, 0x0000000100000000)
  eden space 178176K, 0% used [0x00000000eab00000,0x00000000eab00000,0x00000000f5900000)
  from space 56320K, 99% used [0x00000000fc900000,0x00000000ffffa368,0x0000000100000000)
  to   space 85504K, 0% used [0x00000000f5900000,0x00000000f5900000,0x00000000fac80000)
 ParOldGen       total 168448K, used 119257K [0x00000000c0000000, 0x00000000ca480000, 0x00000000eab00000)
  object space 168448K, 70% used [0x00000000c0000000,0x00000000c74764a0,0x00000000ca480000)
 Metaspace       used 6560K, capacity 7282K, committed 7552K, reserved 1056768K
  class space    used 599K, capacity 618K, committed 640K, reserved 1048576K
}
Event: 10.837 GC heap before
{Heap before GC invocations=12 (full 1):
 PSYoungGen      total 234496K, used 234472K [0x00000000eab00000, 0x0000000100000000, 0x0000000100000000)
  eden space 178176K, 100% used [0x00000000eab00000,0x00000000f5900000,0x00000000f5900000)
  from space 56320K, 99% used [0x00000000fc900000,0x00000000ffffa368,0x0000000100000000)
  to   space 85504K, 0% used [0x00000000f5900000,0x00000000f5900000,0x00000000fac80000)
 ParOldGen       total 168448K, used 119257K [0x00000000c0000000, 0x00000000ca480000, 0x00000000eab00000)
  object space 168448K, 70% used [0x00000000c0000000,0x00000000c74764a0,0x00000000ca480000)
 Metaspace       used 6562K, capacity 7282K, committed 7552K, reserved 1056768K
  class space    used 599K, capacity 618K, committed 640K, reserved 1048576K
Event: 11.100 GC heap after
Heap after GC invocations=12 (full 1):
 PSYoungGen      total 226304K, used 47687K [0x00000000eab00000, 0x0000000100000000, 0x0000000100000000)
  eden space 178176K, 0% used [0x00000000eab00000,0x00000000eab00000,0x00000000f5900000)
  from space 48128K, 99% used [0x00000000f5900000,0x00000000f8791d88,0x00000000f8800000)
  to   space 86016K, 0% used [0x00000000fac00000,0x00000000fac00000,0x0000000100000000)
 ParOldGen       total 168448K, used 155566K [0x00000000c0000000, 0x00000000ca480000, 0x00000000eab00000)
  object space 168448K, 92% used [0x00000000c0000000,0x00000000c97eb8b8,0x00000000ca480000)
 Metaspace       used 6562K, capacity 7282K, committed 7552K, reserved 1056768K
  class space    used 599K, capacity 618K, committed 640K, reserved 1048576K
}
Event: 11.100 GC heap before
{Heap before GC invocations=13 (full 2):
 PSYoungGen      total 226304K, used 47687K [0x00000000eab00000, 0x0000000100000000, 0x0000000100000000)
  eden space 178176K, 0% used [0x00000000eab00000,0x00000000eab00000,0x00000000f5900000)
  from space 48128K, 99% used [0x00000000f5900000,0x00000000f8791d88,0x00000000f8800000)
  to   space 86016K, 0% used [0x00000000fac00000,0x00000000fac00000,0x0000000100000000)
 ParOldGen       total 168448K, used 155566K [0x00000000c0000000, 0x00000000ca480000, 0x00000000eab00000)
  object space 168448K, 92% used [0x00000000c0000000,0x00000000c97eb8b8,0x00000000ca480000)
 Metaspace       used 6562K, capacity 7282K, committed 7552K, reserved 1056768K
  class space    used 599K, capacity 618K, committed 640K, reserved 1048576K

