# JRE version: Java(TM) SE Runtime Environment (8.0_102-b14) (build 1.8.0_102-b14)
# Java VM: Java HotSpot(TM) Client VM (25.102-b14 mixed mode windows-x86 )
Heap:
 def new generation   total 314560K, used 279616K [0x04600000, 0x19b50000, 0x19b50000)
  eden space 279616K, 100% used [0x04600000, 0x15710000, 0x15710000)
  from space 34944K,   0% used [0x17930000, 0x17930000, 0x19b50000)
  to   space 34944K,   0% used [0x15710000, 0x15710000, 0x17930000)
 tenured generation   total 699072K, used 673144K [0x19b50000, 0x44600000, 0x44600000)
   the space 699072K,  96% used [0x19b50000, 0x42cae260, 0x42cae400, 0x44600000)
 Metaspace       used 3502K, capacity 3534K, committed 3648K, reserved 4480K
GC Heap History (10 events):
Event: 20.024 GC heap before
{Heap before GC invocations=102 (full 9):
 def new generation   total 314560K, used 279616K [0x04600000, 0x19b50000, 0x19b50000)
  eden space 279616K, 100% used [0x04600000, 0x15710000, 0x15710000)
  from space 34944K,   0% used [0x17930000, 0x17930000, 0x19b50000)
  to   space 34944K,   0% used [0x15710000, 0x15710000, 0x17930000)
 tenured generation   total 699072K, used 600896K [0x19b50000, 0x44600000, 0x44600000)
   the space 699072K,  85% used [0x19b50000, 0x3e620120, 0x3e620200, 0x44600000)
 Metaspace       used 3483K, capacity 3494K, committed 3520K, reserved 4480K
Event: 20.127 GC heap after
Heap after GC invocations=103 (full 9):
 def new generation   total 314560K, used 34944K [0x04600000, 0x19b50000, 0x19b50000)
  eden space 279616K,   0% used [0x04600000, 0x04600000, 0x15710000)
  from space 34944K, 100% used [0x15710000, 0x17930000, 0x17930000)
  to   space 34944K,   0% used [0x17930000, 0x17930000, 0x19b50000)
 tenured generation   total 699072K, used 606494K [0x19b50000, 0x44600000, 0x44600000)
   the space 699072K,  86% used [0x19b50000, 0x3eb97bb8, 0x3eb97c00, 0x44600000)
 Metaspace       used 3483K, capacity 3494K, committed 3520K, reserved 4480K
}
Event: 20.692 GC heap before
{Heap before GC invocations=103 (full 9):
 def new generation   total 314560K, used 314560K [0x04600000, 0x19b50000, 0x19b50000)
  eden space 279616K, 100% used [0x04600000, 0x15710000, 0x15710000)
  from space 34944K, 100% used [0x15710000, 0x17930000, 0x17930000)
  to   space 34944K,   0% used [0x17930000, 0x17930000, 0x19b50000)
 tenured generation   total 699072K, used 606494K [0x19b50000, 0x44600000, 0x44600000)
   the space 699072K,  86% used [0x19b50000, 0x3eb97bb8, 0x3eb97c00, 0x44600000)
 Metaspace       used 3483K, capacity 3494K, committed 3520K, reserved 4480K
Event: 20.867 GC heap after
Heap after GC invocations=104 (full 9):
 def new generation   total 314560K, used 34943K [0x04600000, 0x19b50000, 0x19b50000)
  eden space 279616K,   0% used [0x04600000, 0x04600000, 0x15710000)
  from space 34944K,  99% used [0x17930000, 0x19b4fff8, 0x19b50000)
  to   space 34944K,   0% used [0x15710000, 0x15710000, 0x17930000)
 tenured generation   total 699072K, used 641923K [0x19b50000, 0x44600000, 0x44600000)
   the space 699072K,  91% used [0x19b50000, 0x40e30de8, 0x40e30e00, 0x44600000)
 Metaspace       used 3483K, capacity 3494K, committed 3520K, reserved 4480K
}
Event: 21.458 GC heap before
{Heap before GC invocations=104 (full 9):
 def new generation   total 314560K, used 314559K [0x04600000, 0x19b50000, 0x19b50000)
  eden space 279616K, 100% used [0x04600000, 0x15710000, 0x15710000)
  from space 34944K,  99% used [0x17930000, 0x19b4fff8, 0x19b50000)
  to   space 34944K,   0% used [0x15710000, 0x15710000, 0x17930000)
 tenured generation   total 699072K, used 641923K [0x19b50000, 0x44600000, 0x44600000)
   the space 699072K,  91% used [0x19b50000, 0x40e30de8, 0x40e30e00, 0x44600000)
 Metaspace       used 3483K, capacity 3494K, committed 3520K, reserved 4480K
Event: 23.156 GC heap after
Heap after GC invocations=105 (full 10):
 def new generation   total 314560K, used 0K [0x04600000, 0x19b50000, 0x19b50000)
  eden space 279616K,   0% used [0x04600000, 0x04600000, 0x15710000)
  from space 34944K,   0% used [0x17930000, 0x17930000, 0x19b50000)
  to   space 34944K,   0% used [0x15710000, 0x15710000, 0x17930000)
 tenured generation   total 699072K, used 632018K [0x19b50000, 0x44600000, 0x44600000)
   the space 699072K,  90% used [0x19b50000, 0x40484940, 0x40484a00, 0x44600000)
 Metaspace       used 3483K, capacity 3494K, committed 3520K, reserved 4480K
}
Event: 23.726 GC heap before
{Heap before GC invocations=105 (full 10):
 def new generation   total 314560K, used 279616K [0x04600000, 0x19b50000, 0x19b50000)
  eden space 279616K, 100% used [0x04600000, 0x15710000, 0x15710000)
  from space 34944K,   0% used [0x17930000, 0x17930000, 0x19b50000)
  to   space 34944K,   0% used [0x15710000, 0x15710000, 0x17930000)
 tenured generation   total 699072K, used 632018K [0x19b50000, 0x44600000, 0x44600000)
   the space 699072K,  90% used [0x19b50000, 0x40484940, 0x40484a00, 0x44600000)
 Metaspace       used 3483K, capacity 3496K, committed 3520K, reserved 4480K
Event: 25.549 GC heap after
Heap after GC invocations=106 (full 11):
 def new generation   total 314560K, used 0K [0x04600000, 0x19b50000, 0x19b50000)
  eden space 279616K,   0% used [0x04600000, 0x04600000, 0x15710000)
  from space 34944K,   0% used [0x17930000, 0x17930000, 0x19b50000)
  to   space 34944K,   0% used [0x15710000, 0x15710000, 0x17930000)
 tenured generation   total 699072K, used 671013K [0x19b50000, 0x44600000, 0x44600000)
   the space 699072K,  95% used [0x19b50000, 0x42a994d0, 0x42a99600, 0x44600000)
 Metaspace       used 3483K, capacity 3496K, committed 3520K, reserved 4480K
}
Event: 26.151 GC heap before
{Heap before GC invocations=106 (full 11):
 def new generation   total 314560K, used 279616K [0x04600000, 0x19b50000, 0x19b50000)
  eden space 279616K, 100% used [0x04600000, 0x15710000, 0x15710000)
  from space 34944K,   0% used [0x17930000, 0x17930000, 0x19b50000)
  to   space 34944K,   0% used [0x15710000, 0x15710000, 0x17930000)
 tenured generation   total 699072K, used 671013K [0x19b50000, 0x44600000, 0x44600000)
   the space 699072K,  95% used [0x19b50000, 0x42a994d0, 0x42a99600, 0x44600000)
 Metaspace       used 3483K, capacity 3496K, committed 3520K, reserved 4480K
Event: 28.399 GC heap after
Heap after GC invocations=107 (full 12):
 def new generation   total 314560K, used 0K [0x04600000, 0x19b50000, 0x19b50000)
  eden space 279616K,   0% used [0x04600000, 0x04600000, 0x15710000)
  from space 34944K,   0% used [0x17930000, 0x17930000, 0x19b50000)
  to   space 34944K,   0% used [0x15710000, 0x15710000, 0x17930000)
 tenured generation   total 699072K, used 673144K [0x19b50000, 0x44600000, 0x44600000)
   the space 699072K,  96% used [0x19b50000, 0x42cae260, 0x42cae400, 0x44600000)
 Metaspace       used 3483K, capacity 3496K, committed 3520K, reserved 4480K
}

